[0.320s] DEBUG:colcon:Command line arguments: ['/usr/bin/colcon', 'build']
[0.320s] DEBUG:colcon:Parsed command line arguments: Namespace(log_base=None, log_level=None, verb_name='build', build_base='build', install_base='install', merge_install=False, symlink_install=False, test_result_base=None, continue_on_error=False, executor='parallel', parallel_workers=8, event_handlers=None, ignore_user_meta=False, metas=['./colcon.meta'], base_paths=['.'], packages_ignore=None, packages_ignore_regex=None, paths=None, packages_up_to=None, packages_up_to_regex=None, packages_above=None, packages_above_and_dependencies=None, packages_above_depth=None, packages_select_by_dep=None, packages_skip_by_dep=None, packages_skip_up_to=None, packages_select_build_failed=False, packages_skip_build_finished=False, packages_select_test_failures=False, packages_skip_test_passed=False, packages_select=None, packages_skip=None, packages_select_regex=None, packages_skip_regex=None, packages_start=None, packages_end=None, allow_overriding=[], cmake_args=None, cmake_target=None, cmake_target_skip_unavailable=False, cmake_clean_cache=False, cmake_clean_first=False, cmake_force_configure=False, ament_cmake_args=None, catkin_cmake_args=None, catkin_skip_building_tests=False, verb_parser=<colcon_defaults.argument_parser.defaults.DefaultArgumentsDecorator object at 0x7f78eab0c220>, verb_extension=<colcon_core.verb.build.BuildVerb object at 0x7f78eb556ad0>, main=<bound method BuildVerb.main of <colcon_core.verb.build.BuildVerb object at 0x7f78eb556ad0>>)
[0.356s] Level 1:colcon.colcon_core.package_discovery:discover_packages(colcon_meta) check parameters
[0.356s] Level 1:colcon.colcon_core.package_discovery:discover_packages(recursive) check parameters
[0.356s] Level 1:colcon.colcon_core.package_discovery:discover_packages(ignore) check parameters
[0.356s] Level 1:colcon.colcon_core.package_discovery:discover_packages(path) check parameters
[0.356s] Level 1:colcon.colcon_core.package_discovery:discover_packages(colcon_meta) discover
[0.356s] Level 1:colcon.colcon_core.package_discovery:discover_packages(recursive) discover
[0.356s] INFO:colcon.colcon_core.package_discovery:Crawling recursively for packages in '/home/yesid/Robotica/src/interface_t1'
[0.356s] Level 1:colcon.colcon_core.package_identification:_identify(.) by extensions ['ignore', 'ignore_ament_install']
[0.356s] Level 1:colcon.colcon_core.package_identification:_identify(.) by extension 'ignore'
[0.356s] Level 1:colcon.colcon_core.package_identification:_identify(.) by extension 'ignore_ament_install'
[0.356s] Level 1:colcon.colcon_core.package_identification:_identify(.) by extensions ['colcon_pkg']
[0.356s] Level 1:colcon.colcon_core.package_identification:_identify(.) by extension 'colcon_pkg'
[0.356s] Level 1:colcon.colcon_core.package_identification:_identify(.) by extensions ['colcon_meta']
[0.357s] Level 1:colcon.colcon_core.package_identification:_identify(.) by extension 'colcon_meta'
[0.357s] Level 1:colcon.colcon_core.package_identification:_identify(.) by extensions ['ros']
[0.357s] Level 1:colcon.colcon_core.package_identification:_identify(.) by extension 'ros'
[0.369s] DEBUG:colcon.colcon_core.package_identification:Package '.' with type 'ros.ament_cmake' and name 'interface_t1'
[0.369s] Level 1:colcon.colcon_core.package_discovery:discover_packages(recursive) using defaults
[0.369s] Level 1:colcon.colcon_core.package_discovery:discover_packages(ignore) discover
[0.369s] Level 1:colcon.colcon_core.package_discovery:discover_packages(ignore) using defaults
[0.369s] Level 1:colcon.colcon_core.package_discovery:discover_packages(path) discover
[0.369s] Level 1:colcon.colcon_core.package_discovery:discover_packages(path) using defaults
[0.392s] Level 1:colcon.colcon_core.package_discovery:discover_packages(prefix_path) check parameters
[0.392s] Level 1:colcon.colcon_core.package_discovery:discover_packages(prefix_path) discover
[0.395s] DEBUG:colcon.colcon_installed_package_information.package_discovery:Found 3 installed packages in /home/yesid/Robotica/install
[0.397s] DEBUG:colcon.colcon_installed_package_information.package_discovery:Found 284 installed packages in /opt/ros/humble
[0.398s] Level 1:colcon.colcon_core.package_discovery:discover_packages(prefix_path) using defaults
[0.454s] Level 5:colcon.colcon_core.verb:set package 'interface_t1' build argument 'cmake_args' from command line to 'None'
[0.454s] Level 5:colcon.colcon_core.verb:set package 'interface_t1' build argument 'cmake_target' from command line to 'None'
[0.454s] Level 5:colcon.colcon_core.verb:set package 'interface_t1' build argument 'cmake_target_skip_unavailable' from command line to 'False'
[0.455s] Level 5:colcon.colcon_core.verb:set package 'interface_t1' build argument 'cmake_clean_cache' from command line to 'False'
[0.455s] Level 5:colcon.colcon_core.verb:set package 'interface_t1' build argument 'cmake_clean_first' from command line to 'False'
[0.455s] Level 5:colcon.colcon_core.verb:set package 'interface_t1' build argument 'cmake_force_configure' from command line to 'False'
[0.455s] Level 5:colcon.colcon_core.verb:set package 'interface_t1' build argument 'ament_cmake_args' from command line to 'None'
[0.455s] Level 5:colcon.colcon_core.verb:set package 'interface_t1' build argument 'catkin_cmake_args' from command line to 'None'
[0.455s] Level 5:colcon.colcon_core.verb:set package 'interface_t1' build argument 'catkin_skip_building_tests' from command line to 'False'
[0.455s] DEBUG:colcon.colcon_core.verb:Building package 'interface_t1' with the following arguments: {'ament_cmake_args': None, 'build_base': '/home/yesid/Robotica/src/interface_t1/build/interface_t1', 'catkin_cmake_args': None, 'catkin_skip_building_tests': False, 'cmake_args': None, 'cmake_clean_cache': False, 'cmake_clean_first': False, 'cmake_force_configure': False, 'cmake_target': None, 'cmake_target_skip_unavailable': False, 'install_base': '/home/yesid/Robotica/src/interface_t1/install/interface_t1', 'merge_install': False, 'path': '/home/yesid/Robotica/src/interface_t1', 'symlink_install': False, 'test_result_base': None}
[0.455s] INFO:colcon.colcon_core.executor:Executing jobs using 'parallel' executor
[0.458s] DEBUG:colcon.colcon_parallel_executor.executor.parallel:run_until_complete
[0.458s] INFO:colcon.colcon_ros.task.ament_cmake.build:Building ROS package in '/home/yesid/Robotica/src/interface_t1' with build type 'ament_cmake'
[0.458s] INFO:colcon.colcon_cmake.task.cmake.build:Building CMake package in '/home/yesid/Robotica/src/interface_t1'
[0.464s] INFO:colcon.colcon_core.plugin_system:Skipping extension 'colcon_core.shell.bat': Not used on non-Windows systems
[0.464s] INFO:colcon.colcon_core.shell:Skip shell extension 'powershell' for command environment: Not usable outside of PowerShell
[0.464s] DEBUG:colcon.colcon_core.shell:Skip shell extension 'dsv' for command environment
[0.474s] DEBUG:colcon.colcon_core.event_handler.log_command:Invoking command in '/home/yesid/Robotica/src/interface_t1/build/interface_t1': CMAKE_PREFIX_PATH=/home/yesid/Robotica/install/taller1:/home/yesid/Robotica/install/my_taller1:/opt/ros/humble /usr/bin/cmake /home/yesid/Robotica/src/interface_t1 -DCMAKE_INSTALL_PREFIX=/home/yesid/Robotica/src/interface_t1/install/interface_t1
[1.217s] DEBUG:colcon.colcon_core.event_handler.log_command:Invoked command in '/home/yesid/Robotica/src/interface_t1/build/interface_t1' returned '0': CMAKE_PREFIX_PATH=/home/yesid/Robotica/install/taller1:/home/yesid/Robotica/install/my_taller1:/opt/ros/humble /usr/bin/cmake /home/yesid/Robotica/src/interface_t1 -DCMAKE_INSTALL_PREFIX=/home/yesid/Robotica/src/interface_t1/install/interface_t1
[1.217s] DEBUG:colcon.colcon_core.event_handler.log_command:Invoking command in '/home/yesid/Robotica/src/interface_t1/build/interface_t1': CMAKE_PREFIX_PATH=/home/yesid/Robotica/install/taller1:/home/yesid/Robotica/install/my_taller1:/opt/ros/humble /usr/bin/cmake --build /home/yesid/Robotica/src/interface_t1/build/interface_t1 -- -j8 -l8
[1.243s] DEBUG:colcon.colcon_core.event_handler.log_command:Invoked command in '/home/yesid/Robotica/src/interface_t1/build/interface_t1' returned '0': CMAKE_PREFIX_PATH=/home/yesid/Robotica/install/taller1:/home/yesid/Robotica/install/my_taller1:/opt/ros/humble /usr/bin/cmake --build /home/yesid/Robotica/src/interface_t1/build/interface_t1 -- -j8 -l8
[1.264s] DEBUG:colcon.colcon_core.event_handler.log_command:Invoking command in '/home/yesid/Robotica/src/interface_t1/build/interface_t1': CMAKE_PREFIX_PATH=/home/yesid/Robotica/install/taller1:/home/yesid/Robotica/install/my_taller1:/opt/ros/humble /usr/bin/cmake --install /home/yesid/Robotica/src/interface_t1/build/interface_t1
[1.274s] Level 1:colcon.colcon_core.environment:create_environment_scripts_only(interface_t1)
[1.275s] DEBUG:colcon.colcon_core.event_handler.log_command:Invoked command in '/home/yesid/Robotica/src/interface_t1/build/interface_t1' returned '0': CMAKE_PREFIX_PATH=/home/yesid/Robotica/install/taller1:/home/yesid/Robotica/install/my_taller1:/opt/ros/humble /usr/bin/cmake --install /home/yesid/Robotica/src/interface_t1/build/interface_t1
[1.281s] Level 1:colcon.colcon_core.environment:checking '/home/yesid/Robotica/src/interface_t1/install/interface_t1' for CMake module files
[1.281s] Level 1:colcon.colcon_core.environment:checking '/home/yesid/Robotica/src/interface_t1/install/interface_t1' for CMake config files
[1.281s] Level 1:colcon.colcon_core.shell:create_environment_hook('interface_t1', 'cmake_prefix_path')
[1.283s] INFO:colcon.colcon_core.shell:Creating environment hook '/home/yesid/Robotica/src/interface_t1/install/interface_t1/share/interface_t1/hook/cmake_prefix_path.ps1'
[1.283s] INFO:colcon.colcon_core.shell:Creating environment descriptor '/home/yesid/Robotica/src/interface_t1/install/interface_t1/share/interface_t1/hook/cmake_prefix_path.dsv'
[1.284s] INFO:colcon.colcon_core.shell:Creating environment hook '/home/yesid/Robotica/src/interface_t1/install/interface_t1/share/interface_t1/hook/cmake_prefix_path.sh'
[1.285s] Level 1:colcon.colcon_core.environment:checking '/home/yesid/Robotica/src/interface_t1/install/interface_t1/bin'
[1.285s] Level 1:colcon.colcon_core.environment:checking '/home/yesid/Robotica/src/interface_t1/install/interface_t1/lib/pkgconfig/interface_t1.pc'
[1.285s] Level 1:colcon.colcon_core.environment:checking '/home/yesid/Robotica/src/interface_t1/install/interface_t1/lib/python3.10/site-packages'
[1.285s] Level 1:colcon.colcon_core.environment:checking '/home/yesid/Robotica/src/interface_t1/install/interface_t1/bin'
[1.286s] INFO:colcon.colcon_core.shell:Creating package script '/home/yesid/Robotica/src/interface_t1/install/interface_t1/share/interface_t1/package.ps1'
[1.287s] INFO:colcon.colcon_core.shell:Creating package descriptor '/home/yesid/Robotica/src/interface_t1/install/interface_t1/share/interface_t1/package.dsv'
[1.288s] INFO:colcon.colcon_core.shell:Creating package script '/home/yesid/Robotica/src/interface_t1/install/interface_t1/share/interface_t1/package.sh'
[1.288s] INFO:colcon.colcon_core.shell:Creating package script '/home/yesid/Robotica/src/interface_t1/install/interface_t1/share/interface_t1/package.bash'
[1.289s] INFO:colcon.colcon_core.shell:Creating package script '/home/yesid/Robotica/src/interface_t1/install/interface_t1/share/interface_t1/package.zsh'
[1.289s] Level 1:colcon.colcon_core.environment:create_file_with_runtime_dependencies(/home/yesid/Robotica/src/interface_t1/install/interface_t1/share/colcon-core/packages/interface_t1)
[1.304s] Level 1:colcon.colcon_core.environment:create_environment_scripts_only(interface_t1)
[1.305s] Level 1:colcon.colcon_core.environment:checking '/home/yesid/Robotica/src/interface_t1/install/interface_t1' for CMake module files
[1.306s] Level 1:colcon.colcon_core.environment:checking '/home/yesid/Robotica/src/interface_t1/install/interface_t1' for CMake config files
[1.306s] Level 1:colcon.colcon_core.shell:create_environment_hook('interface_t1', 'cmake_prefix_path')
[1.307s] INFO:colcon.colcon_core.shell:Creating environment hook '/home/yesid/Robotica/src/interface_t1/install/interface_t1/share/interface_t1/hook/cmake_prefix_path.ps1'
[1.307s] INFO:colcon.colcon_core.shell:Creating environment descriptor '/home/yesid/Robotica/src/interface_t1/install/interface_t1/share/interface_t1/hook/cmake_prefix_path.dsv'
[1.308s] INFO:colcon.colcon_core.shell:Creating environment hook '/home/yesid/Robotica/src/interface_t1/install/interface_t1/share/interface_t1/hook/cmake_prefix_path.sh'
[1.308s] Level 1:colcon.colcon_core.environment:checking '/home/yesid/Robotica/src/interface_t1/install/interface_t1/bin'
[1.308s] Level 1:colcon.colcon_core.environment:checking '/home/yesid/Robotica/src/interface_t1/install/interface_t1/lib/pkgconfig/interface_t1.pc'
[1.308s] Level 1:colcon.colcon_core.environment:checking '/home/yesid/Robotica/src/interface_t1/install/interface_t1/lib/python3.10/site-packages'
[1.309s] Level 1:colcon.colcon_core.environment:checking '/home/yesid/Robotica/src/interface_t1/install/interface_t1/bin'
[1.310s] INFO:colcon.colcon_core.shell:Creating package script '/home/yesid/Robotica/src/interface_t1/install/interface_t1/share/interface_t1/package.ps1'
[1.310s] INFO:colcon.colcon_core.shell:Creating package descriptor '/home/yesid/Robotica/src/interface_t1/install/interface_t1/share/interface_t1/package.dsv'
[1.310s] INFO:colcon.colcon_core.shell:Creating package script '/home/yesid/Robotica/src/interface_t1/install/interface_t1/share/interface_t1/package.sh'
[1.311s] INFO:colcon.colcon_core.shell:Creating package script '/home/yesid/Robotica/src/interface_t1/install/interface_t1/share/interface_t1/package.bash'
[1.311s] INFO:colcon.colcon_core.shell:Creating package script '/home/yesid/Robotica/src/interface_t1/install/interface_t1/share/interface_t1/package.zsh'
[1.311s] Level 1:colcon.colcon_core.environment:create_file_with_runtime_dependencies(/home/yesid/Robotica/src/interface_t1/install/interface_t1/share/colcon-core/packages/interface_t1)
[1.311s] DEBUG:colcon.colcon_parallel_executor.executor.parallel:closing loop
[1.311s] DEBUG:colcon.colcon_parallel_executor.executor.parallel:loop closed
[1.312s] DEBUG:colcon.colcon_parallel_executor.executor.parallel:run_until_complete finished with '0'
[1.312s] DEBUG:colcon.colcon_core.event_reactor:joining thread
[1.318s] INFO:colcon.colcon_core.plugin_system:Skipping extension 'colcon_notification.desktop_notification.terminal_notifier': Not used on non-Darwin systems
[1.318s] INFO:colcon.colcon_core.plugin_system:Skipping extension 'colcon_notification.desktop_notification.win32': Not used on non-Windows systems
[1.318s] INFO:colcon.colcon_notification.desktop_notification:Sending desktop notification using 'notify2'
[1.335s] DEBUG:colcon.colcon_core.event_reactor:joined thread
[1.336s] INFO:colcon.colcon_core.shell:Creating prefix script '/home/yesid/Robotica/src/interface_t1/install/local_setup.ps1'
[1.338s] INFO:colcon.colcon_core.shell:Creating prefix util module '/home/yesid/Robotica/src/interface_t1/install/_local_setup_util_ps1.py'
[1.340s] INFO:colcon.colcon_core.shell:Creating prefix chain script '/home/yesid/Robotica/src/interface_t1/install/setup.ps1'
[1.341s] INFO:colcon.colcon_core.shell:Creating prefix script '/home/yesid/Robotica/src/interface_t1/install/local_setup.sh'
[1.342s] INFO:colcon.colcon_core.shell:Creating prefix util module '/home/yesid/Robotica/src/interface_t1/install/_local_setup_util_sh.py'
[1.343s] INFO:colcon.colcon_core.shell:Creating prefix chain script '/home/yesid/Robotica/src/interface_t1/install/setup.sh'
[1.346s] INFO:colcon.colcon_core.shell:Creating prefix script '/home/yesid/Robotica/src/interface_t1/install/local_setup.bash'
[1.347s] INFO:colcon.colcon_core.shell:Creating prefix chain script '/home/yesid/Robotica/src/interface_t1/install/setup.bash'
[1.349s] INFO:colcon.colcon_core.shell:Creating prefix script '/home/yesid/Robotica/src/interface_t1/install/local_setup.zsh'
[1.350s] INFO:colcon.colcon_core.shell:Creating prefix chain script '/home/yesid/Robotica/src/interface_t1/install/setup.zsh'
