running egg_info
writing ../../build/my_taller1/my_taller1.egg-info/PKG-INFO
writing dependency_links to ../../build/my_taller1/my_taller1.egg-info/dependency_links.txt
writing entry points to ../../build/my_taller1/my_taller1.egg-info/entry_points.txt
writing requirements to ../../build/my_taller1/my_taller1.egg-info/requires.txt
writing top-level names to ../../build/my_taller1/my_taller1.egg-info/top_level.txt
reading manifest file '../../build/my_taller1/my_taller1.egg-info/SOURCES.txt'
writing manifest file '../../build/my_taller1/my_taller1.egg-info/SOURCES.txt'
running build
running build_py
copying my_taller1/keyboard_teleop_hold.py -> /home/yesid/Robotica_proyecto/build/my_taller1/build/lib/my_taller1
copying my_taller1/teleop.py -> /home/yesid/Robotica_proyecto/build/my_taller1/build/lib/my_taller1
running install
/usr/lib/python3/dist-packages/setuptools/command/install.py:34: SetuptoolsDeprecationWarning: setup.py install is deprecated. Use build and pip and other standards-based tools.
  warnings.warn(
running install_lib
copying /home/yesid/Robotica_proyecto/build/my_taller1/build/lib/my_taller1/keyboard_teleop_hold.py -> /home/yesid/Robotica_proyecto/install/my_taller1/lib/python3.10/site-packages/my_taller1
copying /home/yesid/Robotica_proyecto/build/my_taller1/build/lib/my_taller1/teleop.py -> /home/yesid/Robotica_proyecto/install/my_taller1/lib/python3.10/site-packages/my_taller1
byte-compiling /home/yesid/Robotica_proyecto/install/my_taller1/lib/python3.10/site-packages/my_taller1/keyboard_teleop_hold.py to keyboard_teleop_hold.cpython-310.pyc
byte-compiling /home/yesid/Robotica_proyecto/install/my_taller1/lib/python3.10/site-packages/my_taller1/teleop.py to teleop.cpython-310.pyc
running install_data
running install_egg_info
removing '/home/yesid/Robotica_proyecto/install/my_taller1/lib/python3.10/site-packages/my_taller1-0.0.0-py3.10.egg-info' (and everything under it)
Copying ../../build/my_taller1/my_taller1.egg-info to /home/yesid/Robotica_proyecto/install/my_taller1/lib/python3.10/site-packages/my_taller1-0.0.0-py3.10.egg-info
running install_scripts
Installing client_p1 script to /home/yesid/Robotica_proyecto/install/my_taller1/lib/my_taller1
Installing laser_info script to /home/yesid/Robotica_proyecto/install/my_taller1/lib/my_taller1
Installing laser_visualization script to /home/yesid/Robotica_proyecto/install/my_taller1/lib/my_taller1
Installing nodo1 script to /home/yesid/Robotica_proyecto/install/my_taller1/lib/my_taller1
Installing serviciot_p1 script to /home/yesid/Robotica_proyecto/install/my_taller1/lib/my_taller1
Installing turtle_bot_teleop script to /home/yesid/Robotica_proyecto/install/my_taller1/lib/my_taller1
writing list of installed files to '/home/yesid/Robotica_proyecto/build/my_taller1/install.log'
