[1.045s] Invoking command in '/home/yesid/Robotica_proyecto/src/my_taller1': PYTHONPATH=/home/yesid/Robotica_proyecto/build/my_taller1/prefix_override:/home/yesid/Robotica_proyecto/install/my_taller1/lib/python3.10/site-packages:${PYTHONPATH} /usr/bin/python3 setup.py egg_info --egg-base ../../build/my_taller1 build --build-base /home/yesid/Robotica_proyecto/build/my_taller1/build install --record /home/yesid/Robotica_proyecto/build/my_taller1/install.log --single-version-externally-managed
[1.327s] running egg_info
[1.327s] writing ../../build/my_taller1/my_taller1.egg-info/PKG-INFO
[1.328s] writing dependency_links to ../../build/my_taller1/my_taller1.egg-info/dependency_links.txt
[1.328s] writing entry points to ../../build/my_taller1/my_taller1.egg-info/entry_points.txt
[1.328s] writing requirements to ../../build/my_taller1/my_taller1.egg-info/requires.txt
[1.328s] writing top-level names to ../../build/my_taller1/my_taller1.egg-info/top_level.txt
[1.331s] reading manifest file '../../build/my_taller1/my_taller1.egg-info/SOURCES.txt'
[1.333s] writing manifest file '../../build/my_taller1/my_taller1.egg-info/SOURCES.txt'
[1.333s] running build
[1.333s] running build_py
[1.333s] copying my_taller1/keyboard_teleop_hold.py -> /home/yesid/Robotica_proyecto/build/my_taller1/build/lib/my_taller1
[1.334s] copying my_taller1/teleop.py -> /home/yesid/Robotica_proyecto/build/my_taller1/build/lib/my_taller1
[1.335s] running install
[1.336s] /usr/lib/python3/dist-packages/setuptools/command/install.py:34: SetuptoolsDeprecationWarning: setup.py install is deprecated. Use build and pip and other standards-based tools.
[1.337s]   warnings.warn(
[1.337s] running install_lib
[1.338s] copying /home/yesid/Robotica_proyecto/build/my_taller1/build/lib/my_taller1/keyboard_teleop_hold.py -> /home/yesid/Robotica_proyecto/install/my_taller1/lib/python3.10/site-packages/my_taller1
[1.339s] copying /home/yesid/Robotica_proyecto/build/my_taller1/build/lib/my_taller1/teleop.py -> /home/yesid/Robotica_proyecto/install/my_taller1/lib/python3.10/site-packages/my_taller1
[1.340s] byte-compiling /home/yesid/Robotica_proyecto/install/my_taller1/lib/python3.10/site-packages/my_taller1/keyboard_teleop_hold.py to keyboard_teleop_hold.cpython-310.pyc
[1.341s] byte-compiling /home/yesid/Robotica_proyecto/install/my_taller1/lib/python3.10/site-packages/my_taller1/teleop.py to teleop.cpython-310.pyc
[1.343s] running install_data
[1.344s] running install_egg_info
[1.347s] removing '/home/yesid/Robotica_proyecto/install/my_taller1/lib/python3.10/site-packages/my_taller1-0.0.0-py3.10.egg-info' (and everything under it)
[1.348s] Copying ../../build/my_taller1/my_taller1.egg-info to /home/yesid/Robotica_proyecto/install/my_taller1/lib/python3.10/site-packages/my_taller1-0.0.0-py3.10.egg-info
[1.349s] running install_scripts
[1.372s] Installing client_p1 script to /home/yesid/Robotica_proyecto/install/my_taller1/lib/my_taller1
[1.372s] Installing laser_info script to /home/yesid/Robotica_proyecto/install/my_taller1/lib/my_taller1
[1.372s] Installing laser_visualization script to /home/yesid/Robotica_proyecto/install/my_taller1/lib/my_taller1
[1.372s] Installing nodo1 script to /home/yesid/Robotica_proyecto/install/my_taller1/lib/my_taller1
[1.372s] Installing serviciot_p1 script to /home/yesid/Robotica_proyecto/install/my_taller1/lib/my_taller1
[1.373s] Installing turtle_bot_teleop script to /home/yesid/Robotica_proyecto/install/my_taller1/lib/my_taller1
[1.373s] writing list of installed files to '/home/yesid/Robotica_proyecto/build/my_taller1/install.log'
[1.403s] Invoked command in '/home/yesid/Robotica_proyecto/src/my_taller1' returned '0': PYTHONPATH=/home/yesid/Robotica_proyecto/build/my_taller1/prefix_override:/home/yesid/Robotica_proyecto/install/my_taller1/lib/python3.10/site-packages:${PYTHONPATH} /usr/bin/python3 setup.py egg_info --egg-base ../../build/my_taller1 build --build-base /home/yesid/Robotica_proyecto/build/my_taller1/build install --record /home/yesid/Robotica_proyecto/build/my_taller1/install.log --single-version-externally-managed
