[2.365s] DEBUG:colcon:Command line arguments: ['/usr/bin/colcon', 'build']
[2.365s] DEBUG:colcon:Parsed command line arguments: Namespace(log_base=None, log_level=None, verb_name='build', build_base='build', install_base='install', merge_install=False, symlink_install=False, test_result_base=None, continue_on_error=False, executor='parallel', parallel_workers=4, event_handlers=None, ignore_user_meta=False, metas=['./colcon.meta'], base_paths=['.'], packages_ignore=None, packages_ignore_regex=None, paths=None, packages_up_to=None, packages_up_to_regex=None, packages_above=None, packages_above_and_dependencies=None, packages_above_depth=None, packages_select_by_dep=None, packages_skip_by_dep=None, packages_skip_up_to=None, packages_select_build_failed=False, packages_skip_build_finished=False, packages_select_test_failures=False, packages_skip_test_passed=False, packages_select=None, packages_skip=None, packages_select_regex=None, packages_skip_regex=None, packages_start=None, packages_end=None, allow_overriding=[], cmake_args=None, cmake_target=None, cmake_target_skip_unavailable=False, cmake_clean_cache=False, cmake_clean_first=False, cmake_force_configure=False, ament_cmake_args=None, catkin_cmake_args=None, catkin_skip_building_tests=False, verb_parser=<colcon_defaults.argument_parser.defaults.DefaultArgumentsDecorator object at 0x7f0ea4304f10>, verb_extension=<colcon_core.verb.build.BuildVerb object at 0x7f0ea42f33a0>, main=<bound method BuildVerb.main of <colcon_core.verb.build.BuildVerb object at 0x7f0ea42f33a0>>)
[2.482s] Level 1:colcon.colcon_core.package_discovery:discover_packages(colcon_meta) check parameters
[2.482s] Level 1:colcon.colcon_core.package_discovery:discover_packages(recursive) check parameters
[2.482s] Level 1:colcon.colcon_core.package_discovery:discover_packages(ignore) check parameters
[2.482s] Level 1:colcon.colcon_core.package_discovery:discover_packages(path) check parameters
[2.482s] Level 1:colcon.colcon_core.package_discovery:discover_packages(colcon_meta) discover
[2.482s] Level 1:colcon.colcon_core.package_discovery:discover_packages(recursive) discover
[2.482s] INFO:colcon.colcon_core.package_discovery:Crawling recursively for packages in '/home/robotica/Robotica_proyecto'
[2.482s] Level 1:colcon.colcon_core.package_identification:_identify(.) by extensions ['ignore', 'ignore_ament_install']
[2.483s] Level 1:colcon.colcon_core.package_identification:_identify(.) by extension 'ignore'
[2.483s] Level 1:colcon.colcon_core.package_identification:_identify(.) by extension 'ignore_ament_install'
[2.483s] Level 1:colcon.colcon_core.package_identification:_identify(.) by extensions ['colcon_pkg']
[2.483s] Level 1:colcon.colcon_core.package_identification:_identify(.) by extension 'colcon_pkg'
[2.483s] Level 1:colcon.colcon_core.package_identification:_identify(.) by extensions ['colcon_meta']
[2.483s] Level 1:colcon.colcon_core.package_identification:_identify(.) by extension 'colcon_meta'
[2.483s] Level 1:colcon.colcon_core.package_identification:_identify(.) by extensions ['ros']
[2.483s] Level 1:colcon.colcon_core.package_identification:_identify(.) by extension 'ros'
[2.514s] Level 1:colcon.colcon_core.package_identification:_identify(.) by extensions ['cmake', 'python']
[2.514s] Level 1:colcon.colcon_core.package_identification:_identify(.) by extension 'cmake'
[2.514s] Level 1:colcon.colcon_core.package_identification:_identify(.) by extension 'python'
[2.514s] Level 1:colcon.colcon_core.package_identification:_identify(.) by extensions ['python_setup_py']
[2.514s] Level 1:colcon.colcon_core.package_identification:_identify(.) by extension 'python_setup_py'
[2.515s] Level 1:colcon.colcon_core.package_identification:_identify(build) by extensions ['ignore', 'ignore_ament_install']
[2.515s] Level 1:colcon.colcon_core.package_identification:_identify(build) by extension 'ignore'
[2.515s] Level 1:colcon.colcon_core.package_identification:_identify(build) ignored
[2.515s] Level 1:colcon.colcon_core.package_identification:_identify(install) by extensions ['ignore', 'ignore_ament_install']
[2.515s] Level 1:colcon.colcon_core.package_identification:_identify(install) by extension 'ignore'
[2.515s] Level 1:colcon.colcon_core.package_identification:_identify(install) ignored
[2.515s] Level 1:colcon.colcon_core.package_identification:_identify(log) by extensions ['ignore', 'ignore_ament_install']
[2.516s] Level 1:colcon.colcon_core.package_identification:_identify(log) by extension 'ignore'
[2.516s] Level 1:colcon.colcon_core.package_identification:_identify(log) ignored
[2.516s] Level 1:colcon.colcon_core.package_identification:_identify(src) by extensions ['ignore', 'ignore_ament_install']
[2.516s] Level 1:colcon.colcon_core.package_identification:_identify(src) by extension 'ignore'
[2.516s] Level 1:colcon.colcon_core.package_identification:_identify(src) by extension 'ignore_ament_install'
[2.516s] Level 1:colcon.colcon_core.package_identification:_identify(src) by extensions ['colcon_pkg']
[2.516s] Level 1:colcon.colcon_core.package_identification:_identify(src) by extension 'colcon_pkg'
[2.516s] Level 1:colcon.colcon_core.package_identification:_identify(src) by extensions ['colcon_meta']
[2.516s] Level 1:colcon.colcon_core.package_identification:_identify(src) by extension 'colcon_meta'
[2.517s] Level 1:colcon.colcon_core.package_identification:_identify(src) by extensions ['ros']
[2.517s] Level 1:colcon.colcon_core.package_identification:_identify(src) by extension 'ros'
[2.517s] Level 1:colcon.colcon_core.package_identification:_identify(src) by extensions ['cmake', 'python']
[2.517s] Level 1:colcon.colcon_core.package_identification:_identify(src) by extension 'cmake'
[2.517s] Level 1:colcon.colcon_core.package_identification:_identify(src) by extension 'python'
[2.517s] Level 1:colcon.colcon_core.package_identification:_identify(src) by extensions ['python_setup_py']
[2.517s] Level 1:colcon.colcon_core.package_identification:_identify(src) by extension 'python_setup_py'
[2.517s] Level 1:colcon.colcon_core.package_identification:_identify(src/interface_t1) by extensions ['ignore', 'ignore_ament_install']
[2.518s] Level 1:colcon.colcon_core.package_identification:_identify(src/interface_t1) by extension 'ignore'
[2.518s] Level 1:colcon.colcon_core.package_identification:_identify(src/interface_t1) by extension 'ignore_ament_install'
[2.518s] Level 1:colcon.colcon_core.package_identification:_identify(src/interface_t1) by extensions ['colcon_pkg']
[2.518s] Level 1:colcon.colcon_core.package_identification:_identify(src/interface_t1) by extension 'colcon_pkg'
[2.518s] Level 1:colcon.colcon_core.package_identification:_identify(src/interface_t1) by extensions ['colcon_meta']
[2.518s] Level 1:colcon.colcon_core.package_identification:_identify(src/interface_t1) by extension 'colcon_meta'
[2.518s] Level 1:colcon.colcon_core.package_identification:_identify(src/interface_t1) by extensions ['ros']
[2.518s] Level 1:colcon.colcon_core.package_identification:_identify(src/interface_t1) by extension 'ros'
[2.526s] DEBUG:colcon.colcon_core.package_identification:Package 'src/interface_t1' with type 'ros.ament_cmake' and name 'interface_t1'
[2.526s] Level 1:colcon.colcon_core.package_identification:_identify(src/my_taller1) by extensions ['ignore', 'ignore_ament_install']
[2.527s] Level 1:colcon.colcon_core.package_identification:_identify(src/my_taller1) by extension 'ignore'
[2.527s] Level 1:colcon.colcon_core.package_identification:_identify(src/my_taller1) by extension 'ignore_ament_install'
[2.527s] Level 1:colcon.colcon_core.package_identification:_identify(src/my_taller1) by extensions ['colcon_pkg']
[2.527s] Level 1:colcon.colcon_core.package_identification:_identify(src/my_taller1) by extension 'colcon_pkg'
[2.527s] Level 1:colcon.colcon_core.package_identification:_identify(src/my_taller1) by extensions ['colcon_meta']
[2.527s] Level 1:colcon.colcon_core.package_identification:_identify(src/my_taller1) by extension 'colcon_meta'
[2.527s] Level 1:colcon.colcon_core.package_identification:_identify(src/my_taller1) by extensions ['ros']
[2.527s] Level 1:colcon.colcon_core.package_identification:_identify(src/my_taller1) by extension 'ros'
[2.528s] DEBUG:colcon.colcon_core.package_identification:Package 'src/my_taller1' with type 'ros.ament_python' and name 'my_taller1'
[2.528s] Level 1:colcon.colcon_core.package_discovery:discover_packages(recursive) using defaults
[2.528s] Level 1:colcon.colcon_core.package_discovery:discover_packages(ignore) discover
[2.528s] Level 1:colcon.colcon_core.package_discovery:discover_packages(ignore) using defaults
[2.529s] Level 1:colcon.colcon_core.package_discovery:discover_packages(path) discover
[2.529s] Level 1:colcon.colcon_core.package_discovery:discover_packages(path) using defaults
[2.725s] Level 1:colcon.colcon_core.package_discovery:discover_packages(prefix_path) check parameters
[2.725s] Level 1:colcon.colcon_core.package_discovery:discover_packages(prefix_path) discover
[2.783s] DEBUG:colcon.colcon_installed_package_information.package_discovery:Found 2 installed packages in /home/robotica/taller_1/install
[2.814s] DEBUG:colcon.colcon_installed_package_information.package_discovery:Found 270 installed packages in /opt/ros/humble
[2.819s] Level 1:colcon.colcon_core.package_discovery:discover_packages(prefix_path) using defaults
[3.055s] Level 5:colcon.colcon_core.verb:set package 'interface_t1' build argument 'cmake_args' from command line to 'None'
[3.055s] Level 5:colcon.colcon_core.verb:set package 'interface_t1' build argument 'cmake_target' from command line to 'None'
[3.055s] Level 5:colcon.colcon_core.verb:set package 'interface_t1' build argument 'cmake_target_skip_unavailable' from command line to 'False'
[3.055s] Level 5:colcon.colcon_core.verb:set package 'interface_t1' build argument 'cmake_clean_cache' from command line to 'False'
[3.055s] Level 5:colcon.colcon_core.verb:set package 'interface_t1' build argument 'cmake_clean_first' from command line to 'False'
[3.055s] Level 5:colcon.colcon_core.verb:set package 'interface_t1' build argument 'cmake_force_configure' from command line to 'False'
[3.055s] Level 5:colcon.colcon_core.verb:set package 'interface_t1' build argument 'ament_cmake_args' from command line to 'None'
[3.055s] Level 5:colcon.colcon_core.verb:set package 'interface_t1' build argument 'catkin_cmake_args' from command line to 'None'
[3.055s] Level 5:colcon.colcon_core.verb:set package 'interface_t1' build argument 'catkin_skip_building_tests' from command line to 'False'
[3.055s] DEBUG:colcon.colcon_core.verb:Building package 'interface_t1' with the following arguments: {'ament_cmake_args': None, 'build_base': '/home/robotica/Robotica_proyecto/build/interface_t1', 'catkin_cmake_args': None, 'catkin_skip_building_tests': False, 'cmake_args': None, 'cmake_clean_cache': False, 'cmake_clean_first': False, 'cmake_force_configure': False, 'cmake_target': None, 'cmake_target_skip_unavailable': False, 'install_base': '/home/robotica/Robotica_proyecto/install/interface_t1', 'merge_install': False, 'path': '/home/robotica/Robotica_proyecto/src/interface_t1', 'symlink_install': False, 'test_result_base': None}
[3.083s] Level 5:colcon.colcon_core.verb:set package 'my_taller1' build argument 'cmake_args' from command line to 'None'
[3.083s] Level 5:colcon.colcon_core.verb:set package 'my_taller1' build argument 'cmake_target' from command line to 'None'
[3.083s] Level 5:colcon.colcon_core.verb:set package 'my_taller1' build argument 'cmake_target_skip_unavailable' from command line to 'False'
[3.083s] Level 5:colcon.colcon_core.verb:set package 'my_taller1' build argument 'cmake_clean_cache' from command line to 'False'
[3.083s] Level 5:colcon.colcon_core.verb:set package 'my_taller1' build argument 'cmake_clean_first' from command line to 'False'
[3.083s] Level 5:colcon.colcon_core.verb:set package 'my_taller1' build argument 'cmake_force_configure' from command line to 'False'
[3.083s] Level 5:colcon.colcon_core.verb:set package 'my_taller1' build argument 'ament_cmake_args' from command line to 'None'
[3.083s] Level 5:colcon.colcon_core.verb:set package 'my_taller1' build argument 'catkin_cmake_args' from command line to 'None'
[3.083s] Level 5:colcon.colcon_core.verb:set package 'my_taller1' build argument 'catkin_skip_building_tests' from command line to 'False'
[3.083s] DEBUG:colcon.colcon_core.verb:Building package 'my_taller1' with the following arguments: {'ament_cmake_args': None, 'build_base': '/home/robotica/Robotica_proyecto/build/my_taller1', 'catkin_cmake_args': None, 'catkin_skip_building_tests': False, 'cmake_args': None, 'cmake_clean_cache': False, 'cmake_clean_first': False, 'cmake_force_configure': False, 'cmake_target': None, 'cmake_target_skip_unavailable': False, 'install_base': '/home/robotica/Robotica_proyecto/install/my_taller1', 'merge_install': False, 'path': '/home/robotica/Robotica_proyecto/src/my_taller1', 'symlink_install': False, 'test_result_base': None}
[3.111s] INFO:colcon.colcon_core.executor:Executing jobs using 'parallel' executor
[3.139s] DEBUG:colcon.colcon_parallel_executor.executor.parallel:run_until_complete
[3.139s] INFO:colcon.colcon_ros.task.ament_cmake.build:Building ROS package in '/home/robotica/Robotica_proyecto/src/interface_t1' with build type 'ament_cmake'
[3.139s] INFO:colcon.colcon_cmake.task.cmake.build:Building CMake package in '/home/robotica/Robotica_proyecto/src/interface_t1'
[3.179s] INFO:colcon.colcon_core.plugin_system:Skipping extension 'colcon_core.shell.bat': Not used on non-Windows systems
[3.180s] INFO:colcon.colcon_core.shell:Skip shell extension 'powershell' for command environment: Not usable outside of PowerShell
[3.180s] DEBUG:colcon.colcon_core.shell:Skip shell extension 'dsv' for command environment
[3.285s] DEBUG:colcon.colcon_core.event_handler.log_command:Invoking command in '/home/robotica/Robotica_proyecto/build/interface_t1': CMAKE_PREFIX_PATH=${CMAKE_PREFIX_PATH}:/home/robotica/taller_1/install/turtle_bot_3:/opt/ros/humble /usr/bin/cmake --build /home/robotica/Robotica_proyecto/build/interface_t1 -- -j4 -l4
[3.385s] DEBUG:colcon.colcon_core.event_handler.log_command:Invoked command in '/home/robotica/Robotica_proyecto/build/interface_t1' returned '2': CMAKE_PREFIX_PATH=${CMAKE_PREFIX_PATH}:/home/robotica/taller_1/install/turtle_bot_3:/opt/ros/humble /usr/bin/cmake --build /home/robotica/Robotica_proyecto/build/interface_t1 -- -j4 -l4
[3.534s] Level 1:colcon.colcon_core.environment:create_environment_scripts_only(interface_t1)
[3.571s] Level 1:colcon.colcon_core.environment:checking '/home/robotica/Robotica_proyecto/install/interface_t1' for CMake module files
[3.572s] Level 1:colcon.colcon_core.environment:checking '/home/robotica/Robotica_proyecto/install/interface_t1' for CMake config files
[3.573s] Level 1:colcon.colcon_core.shell:create_environment_hook('interface_t1', 'cmake_prefix_path')
[3.602s] INFO:colcon.colcon_core.shell:Creating environment hook '/home/robotica/Robotica_proyecto/install/interface_t1/share/interface_t1/hook/cmake_prefix_path.ps1'
[3.604s] INFO:colcon.colcon_core.shell:Creating environment descriptor '/home/robotica/Robotica_proyecto/install/interface_t1/share/interface_t1/hook/cmake_prefix_path.dsv'
[3.605s] INFO:colcon.colcon_core.shell:Creating environment hook '/home/robotica/Robotica_proyecto/install/interface_t1/share/interface_t1/hook/cmake_prefix_path.sh'
[3.607s] Level 1:colcon.colcon_core.environment:checking '/home/robotica/Robotica_proyecto/install/interface_t1/lib'
[3.607s] Level 1:colcon.colcon_core.shell:create_environment_hook('interface_t1', 'ld_library_path_lib')
[3.634s] INFO:colcon.colcon_core.shell:Creating environment hook '/home/robotica/Robotica_proyecto/install/interface_t1/share/interface_t1/hook/ld_library_path_lib.ps1'
[3.635s] INFO:colcon.colcon_core.shell:Creating environment descriptor '/home/robotica/Robotica_proyecto/install/interface_t1/share/interface_t1/hook/ld_library_path_lib.dsv'
[3.636s] INFO:colcon.colcon_core.shell:Creating environment hook '/home/robotica/Robotica_proyecto/install/interface_t1/share/interface_t1/hook/ld_library_path_lib.sh'
[3.637s] Level 1:colcon.colcon_core.environment:checking '/home/robotica/Robotica_proyecto/install/interface_t1/bin'
[3.637s] Level 1:colcon.colcon_core.environment:checking '/home/robotica/Robotica_proyecto/install/interface_t1/lib/pkgconfig/interface_t1.pc'
[3.638s] Level 1:colcon.colcon_core.environment:checking '/home/robotica/Robotica_proyecto/install/interface_t1/lib/python3.10/site-packages'
[3.638s] Level 1:colcon.colcon_core.environment:checking '/home/robotica/Robotica_proyecto/install/interface_t1/bin'
[3.666s] INFO:colcon.colcon_core.shell:Creating package script '/home/robotica/Robotica_proyecto/install/interface_t1/share/interface_t1/package.ps1'
[3.668s] INFO:colcon.colcon_core.shell:Creating package descriptor '/home/robotica/Robotica_proyecto/install/interface_t1/share/interface_t1/package.dsv'
[3.670s] INFO:colcon.colcon_core.shell:Creating package script '/home/robotica/Robotica_proyecto/install/interface_t1/share/interface_t1/package.sh'
[3.671s] INFO:colcon.colcon_core.shell:Creating package script '/home/robotica/Robotica_proyecto/install/interface_t1/share/interface_t1/package.bash'
[3.674s] INFO:colcon.colcon_core.shell:Creating package script '/home/robotica/Robotica_proyecto/install/interface_t1/share/interface_t1/package.zsh'
[3.678s] Level 1:colcon.colcon_core.environment:create_file_with_runtime_dependencies(/home/robotica/Robotica_proyecto/install/interface_t1/share/colcon-core/packages/interface_t1)
[3.689s] DEBUG:colcon.colcon_parallel_executor.executor.parallel:closing loop
[3.690s] DEBUG:colcon.colcon_parallel_executor.executor.parallel:loop closed
[3.690s] DEBUG:colcon.colcon_parallel_executor.executor.parallel:run_until_complete finished with '2'
[3.690s] DEBUG:colcon.colcon_core.event_reactor:joining thread
[3.748s] INFO:colcon.colcon_core.plugin_system:Skipping extension 'colcon_notification.desktop_notification.terminal_notifier': Not used on non-Darwin systems
[3.748s] INFO:colcon.colcon_core.plugin_system:Skipping extension 'colcon_notification.desktop_notification.win32': Not used on non-Windows systems
[3.748s] INFO:colcon.colcon_notification.desktop_notification:Sending desktop notification using 'notify2'
[3.788s] DEBUG:colcon.colcon_core.event_reactor:joined thread
[3.834s] INFO:colcon.colcon_core.shell:Creating prefix script '/home/robotica/Robotica_proyecto/install/local_setup.ps1'
[3.837s] INFO:colcon.colcon_core.shell:Creating prefix util module '/home/robotica/Robotica_proyecto/install/_local_setup_util_ps1.py'
[3.841s] INFO:colcon.colcon_core.shell:Creating prefix chain script '/home/robotica/Robotica_proyecto/install/setup.ps1'
[3.871s] INFO:colcon.colcon_core.shell:Creating prefix script '/home/robotica/Robotica_proyecto/install/local_setup.sh'
[3.873s] INFO:colcon.colcon_core.shell:Creating prefix util module '/home/robotica/Robotica_proyecto/install/_local_setup_util_sh.py'
[3.874s] INFO:colcon.colcon_core.shell:Creating prefix chain script '/home/robotica/Robotica_proyecto/install/setup.sh'
[3.904s] INFO:colcon.colcon_core.shell:Creating prefix script '/home/robotica/Robotica_proyecto/install/local_setup.bash'
[3.905s] INFO:colcon.colcon_core.shell:Creating prefix chain script '/home/robotica/Robotica_proyecto/install/setup.bash'
[3.933s] INFO:colcon.colcon_core.shell:Creating prefix script '/home/robotica/Robotica_proyecto/install/local_setup.zsh'
[3.935s] INFO:colcon.colcon_core.shell:Creating prefix chain script '/home/robotica/Robotica_proyecto/install/setup.zsh'
