[0.356s] DEBUG:colcon:Command line arguments: ['/usr/bin/colcon', 'build']
[0.357s] DEBUG:colcon:Parsed command line arguments: Namespace(log_base=None, log_level=None, verb_name='build', build_base='build', install_base='install', merge_install=False, symlink_install=False, test_result_base=None, continue_on_error=False, executor='parallel', parallel_workers=8, event_handlers=None, ignore_user_meta=False, metas=['./colcon.meta'], base_paths=['.'], packages_ignore=None, packages_ignore_regex=None, paths=None, packages_up_to=None, packages_up_to_regex=None, packages_above=None, packages_above_and_dependencies=None, packages_above_depth=None, packages_select_by_dep=None, packages_skip_by_dep=None, packages_skip_up_to=None, packages_select_build_failed=False, packages_skip_build_finished=False, packages_select_test_failures=False, packages_skip_test_passed=False, packages_select=None, packages_skip=None, packages_select_regex=None, packages_skip_regex=None, packages_start=None, packages_end=None, allow_overriding=[], cmake_args=None, cmake_target=None, cmake_target_skip_unavailable=False, cmake_clean_cache=False, cmake_clean_first=False, cmake_force_configure=False, ament_cmake_args=None, catkin_cmake_args=None, catkin_skip_building_tests=False, verb_parser=<colcon_defaults.argument_parser.defaults.DefaultArgumentsDecorator object at 0x7ff5f06cb550>, verb_extension=<colcon_core.verb.build.BuildVerb object at 0x7ff5f0eee0e0>, main=<bound method BuildVerb.main of <colcon_core.verb.build.BuildVerb object at 0x7ff5f0eee0e0>>)
[0.382s] Level 1:colcon.colcon_core.package_discovery:discover_packages(colcon_meta) check parameters
[0.382s] Level 1:colcon.colcon_core.package_discovery:discover_packages(recursive) check parameters
[0.382s] Level 1:colcon.colcon_core.package_discovery:discover_packages(ignore) check parameters
[0.382s] Level 1:colcon.colcon_core.package_discovery:discover_packages(path) check parameters
[0.382s] Level 1:colcon.colcon_core.package_discovery:discover_packages(colcon_meta) discover
[0.382s] Level 1:colcon.colcon_core.package_discovery:discover_packages(recursive) discover
[0.382s] INFO:colcon.colcon_core.package_discovery:Crawling recursively for packages in '/home/yesid/Robotica_proyecto'
[0.382s] Level 1:colcon.colcon_core.package_identification:_identify(.) by extensions ['ignore', 'ignore_ament_install']
[0.382s] Level 1:colcon.colcon_core.package_identification:_identify(.) by extension 'ignore'
[0.382s] Level 1:colcon.colcon_core.package_identification:_identify(.) by extension 'ignore_ament_install'
[0.382s] Level 1:colcon.colcon_core.package_identification:_identify(.) by extensions ['colcon_pkg']
[0.382s] Level 1:colcon.colcon_core.package_identification:_identify(.) by extension 'colcon_pkg'
[0.382s] Level 1:colcon.colcon_core.package_identification:_identify(.) by extensions ['colcon_meta']
[0.382s] Level 1:colcon.colcon_core.package_identification:_identify(.) by extension 'colcon_meta'
[0.383s] Level 1:colcon.colcon_core.package_identification:_identify(.) by extensions ['ros']
[0.383s] Level 1:colcon.colcon_core.package_identification:_identify(.) by extension 'ros'
[0.394s] Level 1:colcon.colcon_core.package_identification:_identify(.) by extensions ['cmake', 'python']
[0.394s] Level 1:colcon.colcon_core.package_identification:_identify(.) by extension 'cmake'
[0.394s] Level 1:colcon.colcon_core.package_identification:_identify(.) by extension 'python'
[0.394s] Level 1:colcon.colcon_core.package_identification:_identify(.) by extensions ['python_setup_py']
[0.394s] Level 1:colcon.colcon_core.package_identification:_identify(.) by extension 'python_setup_py'
[0.394s] Level 1:colcon.colcon_core.package_identification:_identify(build) by extensions ['ignore', 'ignore_ament_install']
[0.394s] Level 1:colcon.colcon_core.package_identification:_identify(build) by extension 'ignore'
[0.394s] Level 1:colcon.colcon_core.package_identification:_identify(build) ignored
[0.394s] Level 1:colcon.colcon_core.package_identification:_identify(install) by extensions ['ignore', 'ignore_ament_install']
[0.394s] Level 1:colcon.colcon_core.package_identification:_identify(install) by extension 'ignore'
[0.394s] Level 1:colcon.colcon_core.package_identification:_identify(install) ignored
[0.395s] Level 1:colcon.colcon_core.package_identification:_identify(log) by extensions ['ignore', 'ignore_ament_install']
[0.395s] Level 1:colcon.colcon_core.package_identification:_identify(log) by extension 'ignore'
[0.395s] Level 1:colcon.colcon_core.package_identification:_identify(log) ignored
[0.395s] Level 1:colcon.colcon_core.package_identification:_identify(src) by extensions ['ignore', 'ignore_ament_install']
[0.395s] Level 1:colcon.colcon_core.package_identification:_identify(src) by extension 'ignore'
[0.395s] Level 1:colcon.colcon_core.package_identification:_identify(src) by extension 'ignore_ament_install'
[0.395s] Level 1:colcon.colcon_core.package_identification:_identify(src) by extensions ['colcon_pkg']
[0.395s] Level 1:colcon.colcon_core.package_identification:_identify(src) by extension 'colcon_pkg'
[0.395s] Level 1:colcon.colcon_core.package_identification:_identify(src) by extensions ['colcon_meta']
[0.395s] Level 1:colcon.colcon_core.package_identification:_identify(src) by extension 'colcon_meta'
[0.395s] Level 1:colcon.colcon_core.package_identification:_identify(src) by extensions ['ros']
[0.395s] Level 1:colcon.colcon_core.package_identification:_identify(src) by extension 'ros'
[0.395s] Level 1:colcon.colcon_core.package_identification:_identify(src) by extensions ['cmake', 'python']
[0.395s] Level 1:colcon.colcon_core.package_identification:_identify(src) by extension 'cmake'
[0.395s] Level 1:colcon.colcon_core.package_identification:_identify(src) by extension 'python'
[0.395s] Level 1:colcon.colcon_core.package_identification:_identify(src) by extensions ['python_setup_py']
[0.395s] Level 1:colcon.colcon_core.package_identification:_identify(src) by extension 'python_setup_py'
[0.395s] Level 1:colcon.colcon_core.package_identification:_identify(src/interface_t1) by extensions ['ignore', 'ignore_ament_install']
[0.396s] Level 1:colcon.colcon_core.package_identification:_identify(src/interface_t1) by extension 'ignore'
[0.396s] Level 1:colcon.colcon_core.package_identification:_identify(src/interface_t1) by extension 'ignore_ament_install'
[0.396s] Level 1:colcon.colcon_core.package_identification:_identify(src/interface_t1) by extensions ['colcon_pkg']
[0.396s] Level 1:colcon.colcon_core.package_identification:_identify(src/interface_t1) by extension 'colcon_pkg'
[0.396s] Level 1:colcon.colcon_core.package_identification:_identify(src/interface_t1) by extensions ['colcon_meta']
[0.396s] Level 1:colcon.colcon_core.package_identification:_identify(src/interface_t1) by extension 'colcon_meta'
[0.396s] Level 1:colcon.colcon_core.package_identification:_identify(src/interface_t1) by extensions ['ros']
[0.396s] Level 1:colcon.colcon_core.package_identification:_identify(src/interface_t1) by extension 'ros'
[0.398s] DEBUG:colcon.colcon_core.package_identification:Package 'src/interface_t1' with type 'ros.ament_cmake' and name 'interface_t1'
[0.398s] Level 1:colcon.colcon_core.package_identification:_identify(src/my_taller1) by extensions ['ignore', 'ignore_ament_install']
[0.398s] Level 1:colcon.colcon_core.package_identification:_identify(src/my_taller1) by extension 'ignore'
[0.398s] Level 1:colcon.colcon_core.package_identification:_identify(src/my_taller1) by extension 'ignore_ament_install'
[0.398s] Level 1:colcon.colcon_core.package_identification:_identify(src/my_taller1) by extensions ['colcon_pkg']
[0.399s] Level 1:colcon.colcon_core.package_identification:_identify(src/my_taller1) by extension 'colcon_pkg'
[0.399s] Level 1:colcon.colcon_core.package_identification:_identify(src/my_taller1) by extensions ['colcon_meta']
[0.399s] Level 1:colcon.colcon_core.package_identification:_identify(src/my_taller1) by extension 'colcon_meta'
[0.399s] Level 1:colcon.colcon_core.package_identification:_identify(src/my_taller1) by extensions ['ros']
[0.399s] Level 1:colcon.colcon_core.package_identification:_identify(src/my_taller1) by extension 'ros'
[0.399s] DEBUG:colcon.colcon_core.package_identification:Package 'src/my_taller1' with type 'ros.ament_python' and name 'my_taller1'
[0.399s] Level 1:colcon.colcon_core.package_discovery:discover_packages(recursive) using defaults
[0.399s] Level 1:colcon.colcon_core.package_discovery:discover_packages(ignore) discover
[0.399s] Level 1:colcon.colcon_core.package_discovery:discover_packages(ignore) using defaults
[0.399s] Level 1:colcon.colcon_core.package_discovery:discover_packages(path) discover
[0.399s] Level 1:colcon.colcon_core.package_discovery:discover_packages(path) using defaults
[0.424s] Level 1:colcon.colcon_core.package_discovery:discover_packages(prefix_path) check parameters
[0.424s] Level 1:colcon.colcon_core.package_discovery:discover_packages(prefix_path) discover
[0.425s] WARNING:colcon.colcon_ros.prefix_path.ament:The path '/home/yesid/Robotica_proyecto/install/taller1' in the environment variable AMENT_PREFIX_PATH doesn't exist
[0.427s] DEBUG:colcon.colcon_installed_package_information.package_discovery:Found 2 installed packages in /home/yesid/Robotica_proyecto/install
[0.428s] DEBUG:colcon.colcon_installed_package_information.package_discovery:Found 284 installed packages in /opt/ros/humble
[0.430s] Level 1:colcon.colcon_core.package_discovery:discover_packages(prefix_path) using defaults
[0.512s] Level 5:colcon.colcon_core.verb:set package 'interface_t1' build argument 'cmake_args' from command line to 'None'
[0.513s] Level 5:colcon.colcon_core.verb:set package 'interface_t1' build argument 'cmake_target' from command line to 'None'
[0.513s] Level 5:colcon.colcon_core.verb:set package 'interface_t1' build argument 'cmake_target_skip_unavailable' from command line to 'False'
[0.513s] Level 5:colcon.colcon_core.verb:set package 'interface_t1' build argument 'cmake_clean_cache' from command line to 'False'
[0.513s] Level 5:colcon.colcon_core.verb:set package 'interface_t1' build argument 'cmake_clean_first' from command line to 'False'
[0.513s] Level 5:colcon.colcon_core.verb:set package 'interface_t1' build argument 'cmake_force_configure' from command line to 'False'
[0.513s] Level 5:colcon.colcon_core.verb:set package 'interface_t1' build argument 'ament_cmake_args' from command line to 'None'
[0.513s] Level 5:colcon.colcon_core.verb:set package 'interface_t1' build argument 'catkin_cmake_args' from command line to 'None'
[0.513s] Level 5:colcon.colcon_core.verb:set package 'interface_t1' build argument 'catkin_skip_building_tests' from command line to 'False'
[0.513s] DEBUG:colcon.colcon_core.verb:Building package 'interface_t1' with the following arguments: {'ament_cmake_args': None, 'build_base': '/home/yesid/Robotica_proyecto/build/interface_t1', 'catkin_cmake_args': None, 'catkin_skip_building_tests': False, 'cmake_args': None, 'cmake_clean_cache': False, 'cmake_clean_first': False, 'cmake_force_configure': False, 'cmake_target': None, 'cmake_target_skip_unavailable': False, 'install_base': '/home/yesid/Robotica_proyecto/install/interface_t1', 'merge_install': False, 'path': '/home/yesid/Robotica_proyecto/src/interface_t1', 'symlink_install': False, 'test_result_base': None}
[0.514s] Level 5:colcon.colcon_core.verb:set package 'my_taller1' build argument 'cmake_args' from command line to 'None'
[0.514s] Level 5:colcon.colcon_core.verb:set package 'my_taller1' build argument 'cmake_target' from command line to 'None'
[0.514s] Level 5:colcon.colcon_core.verb:set package 'my_taller1' build argument 'cmake_target_skip_unavailable' from command line to 'False'
[0.514s] Level 5:colcon.colcon_core.verb:set package 'my_taller1' build argument 'cmake_clean_cache' from command line to 'False'
[0.514s] Level 5:colcon.colcon_core.verb:set package 'my_taller1' build argument 'cmake_clean_first' from command line to 'False'
[0.514s] Level 5:colcon.colcon_core.verb:set package 'my_taller1' build argument 'cmake_force_configure' from command line to 'False'
[0.514s] Level 5:colcon.colcon_core.verb:set package 'my_taller1' build argument 'ament_cmake_args' from command line to 'None'
[0.514s] Level 5:colcon.colcon_core.verb:set package 'my_taller1' build argument 'catkin_cmake_args' from command line to 'None'
[0.514s] Level 5:colcon.colcon_core.verb:set package 'my_taller1' build argument 'catkin_skip_building_tests' from command line to 'False'
[0.514s] DEBUG:colcon.colcon_core.verb:Building package 'my_taller1' with the following arguments: {'ament_cmake_args': None, 'build_base': '/home/yesid/Robotica_proyecto/build/my_taller1', 'catkin_cmake_args': None, 'catkin_skip_building_tests': False, 'cmake_args': None, 'cmake_clean_cache': False, 'cmake_clean_first': False, 'cmake_force_configure': False, 'cmake_target': None, 'cmake_target_skip_unavailable': False, 'install_base': '/home/yesid/Robotica_proyecto/install/my_taller1', 'merge_install': False, 'path': '/home/yesid/Robotica_proyecto/src/my_taller1', 'symlink_install': False, 'test_result_base': None}
[0.515s] INFO:colcon.colcon_core.executor:Executing jobs using 'parallel' executor
[0.518s] DEBUG:colcon.colcon_parallel_executor.executor.parallel:run_until_complete
[0.518s] INFO:colcon.colcon_ros.task.ament_cmake.build:Building ROS package in '/home/yesid/Robotica_proyecto/src/interface_t1' with build type 'ament_cmake'
[0.518s] INFO:colcon.colcon_cmake.task.cmake.build:Building CMake package in '/home/yesid/Robotica_proyecto/src/interface_t1'
[0.522s] INFO:colcon.colcon_core.plugin_system:Skipping extension 'colcon_core.shell.bat': Not used on non-Windows systems
[0.523s] INFO:colcon.colcon_core.shell:Skip shell extension 'powershell' for command environment: Not usable outside of PowerShell
[0.523s] DEBUG:colcon.colcon_core.shell:Skip shell extension 'dsv' for command environment
[0.532s] DEBUG:colcon.colcon_core.event_handler.log_command:Invoking command in '/home/yesid/Robotica_proyecto/build/interface_t1': CMAKE_PREFIX_PATH=${CMAKE_PREFIX_PATH}:/home/yesid/Robotica_proyecto/install/taller1:/home/yesid/Robotica_proyecto/install/my_taller1:/opt/ros/humble /usr/bin/cmake --build /home/yesid/Robotica_proyecto/build/interface_t1 -- -j8 -l8
[0.919s] DEBUG:colcon.colcon_core.event_handler.log_command:Invoked command in '/home/yesid/Robotica_proyecto/build/interface_t1' returned '0': CMAKE_PREFIX_PATH=${CMAKE_PREFIX_PATH}:/home/yesid/Robotica_proyecto/install/taller1:/home/yesid/Robotica_proyecto/install/my_taller1:/opt/ros/humble /usr/bin/cmake --build /home/yesid/Robotica_proyecto/build/interface_t1 -- -j8 -l8
[0.980s] DEBUG:colcon.colcon_core.event_handler.log_command:Invoking command in '/home/yesid/Robotica_proyecto/build/interface_t1': CMAKE_PREFIX_PATH=${CMAKE_PREFIX_PATH}:/home/yesid/Robotica_proyecto/install/taller1:/home/yesid/Robotica_proyecto/install/my_taller1:/opt/ros/humble /usr/bin/cmake --install /home/yesid/Robotica_proyecto/build/interface_t1
[1.040s] Level 1:colcon.colcon_core.environment:create_environment_scripts_only(interface_t1)
[1.042s] DEBUG:colcon.colcon_core.event_handler.log_command:Invoked command in '/home/yesid/Robotica_proyecto/build/interface_t1' returned '0': CMAKE_PREFIX_PATH=${CMAKE_PREFIX_PATH}:/home/yesid/Robotica_proyecto/install/taller1:/home/yesid/Robotica_proyecto/install/my_taller1:/opt/ros/humble /usr/bin/cmake --install /home/yesid/Robotica_proyecto/build/interface_t1
[1.048s] Level 1:colcon.colcon_core.environment:checking '/home/yesid/Robotica_proyecto/install/interface_t1' for CMake module files
[1.049s] Level 1:colcon.colcon_core.environment:checking '/home/yesid/Robotica_proyecto/install/interface_t1' for CMake config files
[1.050s] Level 1:colcon.colcon_core.shell:create_environment_hook('interface_t1', 'cmake_prefix_path')
[1.052s] INFO:colcon.colcon_core.shell:Creating environment hook '/home/yesid/Robotica_proyecto/install/interface_t1/share/interface_t1/hook/cmake_prefix_path.ps1'
[1.053s] INFO:colcon.colcon_core.shell:Creating environment descriptor '/home/yesid/Robotica_proyecto/install/interface_t1/share/interface_t1/hook/cmake_prefix_path.dsv'
[1.054s] INFO:colcon.colcon_core.shell:Creating environment hook '/home/yesid/Robotica_proyecto/install/interface_t1/share/interface_t1/hook/cmake_prefix_path.sh'
[1.056s] Level 1:colcon.colcon_core.environment:checking '/home/yesid/Robotica_proyecto/install/interface_t1/lib'
[1.056s] Level 1:colcon.colcon_core.shell:create_environment_hook('interface_t1', 'ld_library_path_lib')
[1.058s] INFO:colcon.colcon_core.shell:Creating environment hook '/home/yesid/Robotica_proyecto/install/interface_t1/share/interface_t1/hook/ld_library_path_lib.ps1'
[1.059s] INFO:colcon.colcon_core.shell:Creating environment descriptor '/home/yesid/Robotica_proyecto/install/interface_t1/share/interface_t1/hook/ld_library_path_lib.dsv'
[1.059s] INFO:colcon.colcon_core.shell:Creating environment hook '/home/yesid/Robotica_proyecto/install/interface_t1/share/interface_t1/hook/ld_library_path_lib.sh'
[1.059s] Level 1:colcon.colcon_core.environment:checking '/home/yesid/Robotica_proyecto/install/interface_t1/bin'
[1.059s] Level 1:colcon.colcon_core.environment:checking '/home/yesid/Robotica_proyecto/install/interface_t1/lib/pkgconfig/interface_t1.pc'
[1.060s] Level 1:colcon.colcon_core.environment:checking '/home/yesid/Robotica_proyecto/install/interface_t1/lib/python3.10/site-packages'
[1.060s] Level 1:colcon.colcon_core.environment:checking '/home/yesid/Robotica_proyecto/install/interface_t1/bin'
[1.062s] INFO:colcon.colcon_core.shell:Creating package script '/home/yesid/Robotica_proyecto/install/interface_t1/share/interface_t1/package.ps1'
[1.063s] INFO:colcon.colcon_core.shell:Creating package descriptor '/home/yesid/Robotica_proyecto/install/interface_t1/share/interface_t1/package.dsv'
[1.063s] INFO:colcon.colcon_core.shell:Creating package script '/home/yesid/Robotica_proyecto/install/interface_t1/share/interface_t1/package.sh'
[1.064s] INFO:colcon.colcon_core.shell:Creating package script '/home/yesid/Robotica_proyecto/install/interface_t1/share/interface_t1/package.bash'
[1.065s] INFO:colcon.colcon_core.shell:Creating package script '/home/yesid/Robotica_proyecto/install/interface_t1/share/interface_t1/package.zsh'
[1.066s] Level 1:colcon.colcon_core.environment:create_file_with_runtime_dependencies(/home/yesid/Robotica_proyecto/install/interface_t1/share/colcon-core/packages/interface_t1)
[1.125s] Level 1:colcon.colcon_core.environment:create_environment_scripts_only(interface_t1)
[1.128s] Level 1:colcon.colcon_core.environment:checking '/home/yesid/Robotica_proyecto/install/interface_t1' for CMake module files
[1.128s] Level 1:colcon.colcon_core.environment:checking '/home/yesid/Robotica_proyecto/install/interface_t1' for CMake config files
[1.129s] Level 1:colcon.colcon_core.shell:create_environment_hook('interface_t1', 'cmake_prefix_path')
[1.130s] INFO:colcon.colcon_core.shell:Creating environment hook '/home/yesid/Robotica_proyecto/install/interface_t1/share/interface_t1/hook/cmake_prefix_path.ps1'
[1.131s] INFO:colcon.colcon_core.shell:Creating environment descriptor '/home/yesid/Robotica_proyecto/install/interface_t1/share/interface_t1/hook/cmake_prefix_path.dsv'
[1.131s] INFO:colcon.colcon_core.shell:Creating environment hook '/home/yesid/Robotica_proyecto/install/interface_t1/share/interface_t1/hook/cmake_prefix_path.sh'
[1.132s] Level 1:colcon.colcon_core.environment:checking '/home/yesid/Robotica_proyecto/install/interface_t1/lib'
[1.132s] Level 1:colcon.colcon_core.shell:create_environment_hook('interface_t1', 'ld_library_path_lib')
[1.133s] INFO:colcon.colcon_core.shell:Creating environment hook '/home/yesid/Robotica_proyecto/install/interface_t1/share/interface_t1/hook/ld_library_path_lib.ps1'
[1.134s] INFO:colcon.colcon_core.shell:Creating environment descriptor '/home/yesid/Robotica_proyecto/install/interface_t1/share/interface_t1/hook/ld_library_path_lib.dsv'
[1.134s] INFO:colcon.colcon_core.shell:Creating environment hook '/home/yesid/Robotica_proyecto/install/interface_t1/share/interface_t1/hook/ld_library_path_lib.sh'
[1.134s] Level 1:colcon.colcon_core.environment:checking '/home/yesid/Robotica_proyecto/install/interface_t1/bin'
[1.134s] Level 1:colcon.colcon_core.environment:checking '/home/yesid/Robotica_proyecto/install/interface_t1/lib/pkgconfig/interface_t1.pc'
[1.135s] Level 1:colcon.colcon_core.environment:checking '/home/yesid/Robotica_proyecto/install/interface_t1/lib/python3.10/site-packages'
[1.135s] Level 1:colcon.colcon_core.environment:checking '/home/yesid/Robotica_proyecto/install/interface_t1/bin'
[1.136s] INFO:colcon.colcon_core.shell:Creating package script '/home/yesid/Robotica_proyecto/install/interface_t1/share/interface_t1/package.ps1'
[1.137s] INFO:colcon.colcon_core.shell:Creating package descriptor '/home/yesid/Robotica_proyecto/install/interface_t1/share/interface_t1/package.dsv'
[1.138s] INFO:colcon.colcon_core.shell:Creating package script '/home/yesid/Robotica_proyecto/install/interface_t1/share/interface_t1/package.sh'
[1.139s] INFO:colcon.colcon_core.shell:Creating package script '/home/yesid/Robotica_proyecto/install/interface_t1/share/interface_t1/package.bash'
[1.139s] INFO:colcon.colcon_core.shell:Creating package script '/home/yesid/Robotica_proyecto/install/interface_t1/share/interface_t1/package.zsh'
[1.140s] Level 1:colcon.colcon_core.environment:create_file_with_runtime_dependencies(/home/yesid/Robotica_proyecto/install/interface_t1/share/colcon-core/packages/interface_t1)
[1.140s] INFO:colcon.colcon_ros.task.ament_python.build:Building ROS package in '/home/yesid/Robotica_proyecto/src/my_taller1' with build type 'ament_python'
[1.140s] Level 1:colcon.colcon_core.shell:create_environment_hook('my_taller1', 'ament_prefix_path')
[1.142s] INFO:colcon.colcon_core.shell:Creating environment hook '/home/yesid/Robotica_proyecto/install/my_taller1/share/my_taller1/hook/ament_prefix_path.ps1'
[1.143s] INFO:colcon.colcon_core.shell:Creating environment descriptor '/home/yesid/Robotica_proyecto/install/my_taller1/share/my_taller1/hook/ament_prefix_path.dsv'
[1.143s] INFO:colcon.colcon_core.shell:Creating environment hook '/home/yesid/Robotica_proyecto/install/my_taller1/share/my_taller1/hook/ament_prefix_path.sh'
[1.146s] INFO:colcon.colcon_core.shell:Skip shell extension 'powershell' for command environment: Not usable outside of PowerShell
[1.146s] DEBUG:colcon.colcon_core.shell:Skip shell extension 'dsv' for command environment
[1.459s] INFO:colcon.colcon_core.task.python.build:Building Python package in '/home/yesid/Robotica_proyecto/src/my_taller1'
[1.461s] INFO:colcon.colcon_core.shell:Skip shell extension 'powershell' for command environment: Not usable outside of PowerShell
[1.461s] DEBUG:colcon.colcon_core.shell:Skip shell extension 'dsv' for command environment
[1.994s] DEBUG:colcon.colcon_core.event_handler.log_command:Invoking command in '/home/yesid/Robotica_proyecto/src/my_taller1': PYTHONPATH=/home/yesid/Robotica_proyecto/build/my_taller1/prefix_override:/home/yesid/Robotica_proyecto/install/my_taller1/lib/python3.10/site-packages:${PYTHONPATH} /usr/bin/python3 setup.py egg_info --egg-base ../../build/my_taller1 build --build-base /home/yesid/Robotica_proyecto/build/my_taller1/build install --record /home/yesid/Robotica_proyecto/build/my_taller1/install.log --single-version-externally-managed
[2.314s] Level 1:colcon.colcon_core.environment:checking '/home/yesid/Robotica_proyecto/install/my_taller1' for CMake module files
[2.314s] Level 1:colcon.colcon_core.environment:checking '/home/yesid/Robotica_proyecto/install/my_taller1' for CMake config files
[2.314s] DEBUG:colcon.colcon_core.event_handler.log_command:Invoked command in '/home/yesid/Robotica_proyecto/src/my_taller1' returned '0': PYTHONPATH=/home/yesid/Robotica_proyecto/build/my_taller1/prefix_override:/home/yesid/Robotica_proyecto/install/my_taller1/lib/python3.10/site-packages:${PYTHONPATH} /usr/bin/python3 setup.py egg_info --egg-base ../../build/my_taller1 build --build-base /home/yesid/Robotica_proyecto/build/my_taller1/build install --record /home/yesid/Robotica_proyecto/build/my_taller1/install.log --single-version-externally-managed
[2.315s] Level 1:colcon.colcon_core.environment:checking '/home/yesid/Robotica_proyecto/install/my_taller1/lib'
[2.315s] Level 1:colcon.colcon_core.environment:checking '/home/yesid/Robotica_proyecto/install/my_taller1/bin'
[2.315s] Level 1:colcon.colcon_core.environment:checking '/home/yesid/Robotica_proyecto/install/my_taller1/lib/pkgconfig/my_taller1.pc'
[2.315s] Level 1:colcon.colcon_core.environment:checking '/home/yesid/Robotica_proyecto/install/my_taller1/lib/python3.10/site-packages'
[2.315s] Level 1:colcon.colcon_core.shell:create_environment_hook('my_taller1', 'pythonpath')
[2.317s] INFO:colcon.colcon_core.shell:Creating environment hook '/home/yesid/Robotica_proyecto/install/my_taller1/share/my_taller1/hook/pythonpath.ps1'
[2.317s] INFO:colcon.colcon_core.shell:Creating environment descriptor '/home/yesid/Robotica_proyecto/install/my_taller1/share/my_taller1/hook/pythonpath.dsv'
[2.317s] INFO:colcon.colcon_core.shell:Creating environment hook '/home/yesid/Robotica_proyecto/install/my_taller1/share/my_taller1/hook/pythonpath.sh'
[2.318s] Level 1:colcon.colcon_core.environment:checking '/home/yesid/Robotica_proyecto/install/my_taller1/bin'
[2.318s] Level 1:colcon.colcon_core.environment:create_environment_scripts_only(my_taller1)
[2.319s] INFO:colcon.colcon_core.shell:Creating package script '/home/yesid/Robotica_proyecto/install/my_taller1/share/my_taller1/package.ps1'
[2.319s] INFO:colcon.colcon_core.shell:Creating package descriptor '/home/yesid/Robotica_proyecto/install/my_taller1/share/my_taller1/package.dsv'
[2.320s] INFO:colcon.colcon_core.shell:Creating package script '/home/yesid/Robotica_proyecto/install/my_taller1/share/my_taller1/package.sh'
[2.320s] INFO:colcon.colcon_core.shell:Creating package script '/home/yesid/Robotica_proyecto/install/my_taller1/share/my_taller1/package.bash'
[2.320s] INFO:colcon.colcon_core.shell:Creating package script '/home/yesid/Robotica_proyecto/install/my_taller1/share/my_taller1/package.zsh'
[2.320s] Level 1:colcon.colcon_core.environment:create_file_with_runtime_dependencies(/home/yesid/Robotica_proyecto/install/my_taller1/share/colcon-core/packages/my_taller1)
[2.321s] DEBUG:colcon.colcon_parallel_executor.executor.parallel:closing loop
[2.321s] DEBUG:colcon.colcon_parallel_executor.executor.parallel:loop closed
[2.321s] DEBUG:colcon.colcon_parallel_executor.executor.parallel:run_until_complete finished with '0'
[2.321s] DEBUG:colcon.colcon_core.event_reactor:joining thread
[2.326s] INFO:colcon.colcon_core.plugin_system:Skipping extension 'colcon_notification.desktop_notification.terminal_notifier': Not used on non-Darwin systems
[2.326s] INFO:colcon.colcon_core.plugin_system:Skipping extension 'colcon_notification.desktop_notification.win32': Not used on non-Windows systems
[2.326s] INFO:colcon.colcon_notification.desktop_notification:Sending desktop notification using 'notify2'
[2.337s] DEBUG:colcon.colcon_core.event_reactor:joined thread
[2.338s] INFO:colcon.colcon_core.shell:Creating prefix script '/home/yesid/Robotica_proyecto/install/local_setup.ps1'
[2.340s] INFO:colcon.colcon_core.shell:Creating prefix util module '/home/yesid/Robotica_proyecto/install/_local_setup_util_ps1.py'
[2.341s] INFO:colcon.colcon_core.shell:Creating prefix chain script '/home/yesid/Robotica_proyecto/install/setup.ps1'
[2.343s] INFO:colcon.colcon_core.shell:Creating prefix script '/home/yesid/Robotica_proyecto/install/local_setup.sh'
[2.344s] INFO:colcon.colcon_core.shell:Creating prefix util module '/home/yesid/Robotica_proyecto/install/_local_setup_util_sh.py'
[2.345s] INFO:colcon.colcon_core.shell:Creating prefix chain script '/home/yesid/Robotica_proyecto/install/setup.sh'
[2.347s] INFO:colcon.colcon_core.shell:Creating prefix script '/home/yesid/Robotica_proyecto/install/local_setup.bash'
[2.348s] INFO:colcon.colcon_core.shell:Creating prefix chain script '/home/yesid/Robotica_proyecto/install/setup.bash'
[2.350s] INFO:colcon.colcon_core.shell:Creating prefix script '/home/yesid/Robotica_proyecto/install/local_setup.zsh'
[2.351s] INFO:colcon.colcon_core.shell:Creating prefix chain script '/home/yesid/Robotica_proyecto/install/setup.zsh'
