/home/yesid/Robotica_proyecto/install/my_taller1/lib/python3.10/site-packages/my_taller1/keyboard_teleop_hold.py
/home/yesid/Robotica_proyecto/install/my_taller1/lib/python3.10/site-packages/my_taller1/__init__.py
/home/yesid/Robotica_proyecto/install/my_taller1/lib/python3.10/site-packages/my_taller1/MiCliente.py
/home/yesid/Robotica_proyecto/install/my_taller1/lib/python3.10/site-packages/my_taller1/Servicio.py
/home/yesid/Robotica_proyecto/install/my_taller1/lib/python3.10/site-packages/my_taller1/terminal.py
/home/yesid/Robotica_proyecto/install/my_taller1/lib/python3.10/site-packages/my_taller1/teleop.py
/home/yesid/Robotica_proyecto/install/my_taller1/lib/python3.10/site-packages/my_taller1/laser_information.py
/home/yesid/Robotica_proyecto/install/my_taller1/lib/python3.10/site-packages/my_taller1/laser_visualization.py
/home/yesid/Robotica_proyecto/install/my_taller1/lib/python3.10/site-packages/my_taller1/nodo1.py
/home/yesid/Robotica_proyecto/install/my_taller1/lib/python3.10/site-packages/my_taller1/nodo_movement.py
/home/yesid/Robotica_proyecto/install/my_taller1/lib/python3.10/site-packages/my_taller1/transforamated_laser_info.py
/home/yesid/Robotica_proyecto/install/my_taller1/lib/python3.10/site-packages/my_taller1/h.py
/home/yesid/Robotica_proyecto/install/my_taller1/lib/python3.10/site-packages/my_taller1/__pycache__/keyboard_teleop_hold.cpython-310.pyc
/home/yesid/Robotica_proyecto/install/my_taller1/lib/python3.10/site-packages/my_taller1/__pycache__/__init__.cpython-310.pyc
/home/yesid/Robotica_proyecto/install/my_taller1/lib/python3.10/site-packages/my_taller1/__pycache__/MiCliente.cpython-310.pyc
/home/yesid/Robotica_proyecto/install/my_taller1/lib/python3.10/site-packages/my_taller1/__pycache__/Servicio.cpython-310.pyc
/home/yesid/Robotica_proyecto/install/my_taller1/lib/python3.10/site-packages/my_taller1/__pycache__/terminal.cpython-310.pyc
/home/yesid/Robotica_proyecto/install/my_taller1/lib/python3.10/site-packages/my_taller1/__pycache__/teleop.cpython-310.pyc
/home/yesid/Robotica_proyecto/install/my_taller1/lib/python3.10/site-packages/my_taller1/__pycache__/laser_information.cpython-310.pyc
/home/yesid/Robotica_proyecto/install/my_taller1/lib/python3.10/site-packages/my_taller1/__pycache__/laser_visualization.cpython-310.pyc
/home/yesid/Robotica_proyecto/install/my_taller1/lib/python3.10/site-packages/my_taller1/__pycache__/nodo1.cpython-310.pyc
/home/yesid/Robotica_proyecto/install/my_taller1/lib/python3.10/site-packages/my_taller1/__pycache__/nodo_movement.cpython-310.pyc
/home/yesid/Robotica_proyecto/install/my_taller1/lib/python3.10/site-packages/my_taller1/__pycache__/transforamated_laser_info.cpython-310.pyc
/home/yesid/Robotica_proyecto/install/my_taller1/lib/python3.10/site-packages/my_taller1/__pycache__/h.cpython-310.pyc
/home/yesid/Robotica_proyecto/install/my_taller1/share/ament_index/resource_index/packages/my_taller1
/home/yesid/Robotica_proyecto/install/my_taller1/share/my_taller1/package.xml
/home/yesid/Robotica_proyecto/install/my_taller1/lib/python3.10/site-packages/my_taller1-0.0.0-py3.10.egg-info/SOURCES.txt
/home/yesid/Robotica_proyecto/install/my_taller1/lib/python3.10/site-packages/my_taller1-0.0.0-py3.10.egg-info/dependency_links.txt
/home/yesid/Robotica_proyecto/install/my_taller1/lib/python3.10/site-packages/my_taller1-0.0.0-py3.10.egg-info/zip-safe
/home/yesid/Robotica_proyecto/install/my_taller1/lib/python3.10/site-packages/my_taller1-0.0.0-py3.10.egg-info/top_level.txt
/home/yesid/Robotica_proyecto/install/my_taller1/lib/python3.10/site-packages/my_taller1-0.0.0-py3.10.egg-info/requires.txt
/home/yesid/Robotica_proyecto/install/my_taller1/lib/python3.10/site-packages/my_taller1-0.0.0-py3.10.egg-info/PKG-INFO
/home/yesid/Robotica_proyecto/install/my_taller1/lib/python3.10/site-packages/my_taller1-0.0.0-py3.10.egg-info/entry_points.txt
/home/yesid/Robotica_proyecto/install/my_taller1/lib/my_taller1/client_p1
/home/yesid/Robotica_proyecto/install/my_taller1/lib/my_taller1/laser_info
/home/yesid/Robotica_proyecto/install/my_taller1/lib/my_taller1/laser_visualization
/home/yesid/Robotica_proyecto/install/my_taller1/lib/my_taller1/nodo1
/home/yesid/Robotica_proyecto/install/my_taller1/lib/my_taller1/serviciot_p1
/home/yesid/Robotica_proyecto/install/my_taller1/lib/my_taller1/turtle_bot_teleop
