-- The C compiler identification is GNU 11.4.0
-- The CXX compiler identification is GNU 11.4.0
-- Detecting C compiler ABI info
-- Detecting C compiler ABI info - done
-- Check for working C compiler: /usr/bin/cc - skipped
-- Detecting C compile features
-- Detecting C compile features - done
-- Detecting CXX compiler ABI info
-- Detecting CXX compiler ABI info - done
-- Check for working CXX compiler: /usr/bin/c++ - skipped
-- Detecting CXX compile features
-- Detecting CXX compile features - done
-- Found ament_cmake: 1.3.3 (/opt/ros/humble/share/ament_cmake/cmake)
-- Found Python3: /usr/bin/python3.10 (found version "3.10.12") found components: Interpreter 
-- Found geometry_msgs: 4.2.3 (/opt/ros/humble/share/geometry_msgs/cmake)
-- Found rosidl_generator_c: 3.1.4 (/opt/ros/humble/share/rosidl_generator_c/cmake)
-- Found rosidl_adapter: 3.1.4 (/opt/ros/humble/share/rosidl_adapter/cmake)
-- Found rosidl_generator_cpp: 3.1.4 (/opt/ros/humble/share/rosidl_generator_cpp/cmake)
-- Using all available rosidl_typesupport_c: rosidl_typesupport_fastrtps_c;rosidl_typesupport_introspection_c
-- Using all available rosidl_typesupport_cpp: rosidl_typesupport_fastrtps_cpp;rosidl_typesupport_introspection_cpp
-- Found rosidl_default_generators: 1.2.0 (/opt/ros/humble/share/rosidl_default_generators/cmake)
-- Found ament_cmake_ros: 0.10.0 (/opt/ros/humble/share/ament_cmake_ros/cmake)
-- Using all available rosidl_typesupport_c: rosidl_typesupport_fastrtps_c;rosidl_typesupport_introspection_c
-- Using all available rosidl_typesupport_cpp: rosidl_typesupport_fastrtps_cpp;rosidl_typesupport_introspection_cpp
-- Found PythonInterp: /usr/bin/python3 (found suitable version "3.10.12", minimum required is "3.6") 
-- Found python_cmake_module: 0.10.0 (/opt/ros/humble/share/python_cmake_module/cmake)
-- Found PythonLibs: /usr/lib/x86_64-linux-gnu/libpython3.10.so (found suitable version "3.10.12", minimum required is "3.5") 
-- Using PYTHON_EXECUTABLE: /usr/bin/python3
-- Using PYTHON_INCLUDE_DIRS: /usr/include/python3.10
-- Using PYTHON_LIBRARIES: /usr/lib/x86_64-linux-gnu/libpython3.10.so
-- Found PythonExtra: .so  
-- Found ament_lint_auto: 0.12.5 (/opt/ros/humble/share/ament_lint_auto/cmake)
-- Added test 'cppcheck' to perform static code analysis on C / C++ code
-- Configured cppcheck include dirs: 
-- Configured cppcheck exclude dirs and/or files: 
-- Added test 'flake8' to check Python code syntax and style conventions
-- Added test 'lint_cmake' to check CMake code style
-- Added test 'pep257' to check Python code against some of the docstring style conventions in PEP 257
-- Added test 'uncrustify' to check C / C++ code style
-- Configured uncrustify additional arguments: 
-- Added test 'xmllint' to check XML markup files
-- Configuring done
-- Generating done
-- Build files have been written to: /home/yesid/Robotica_proyecto/build/interface_t1
[  3%] [34m[1mGenerating C code for ROS interfaces[0m
[  6%] [34m[1mGenerating C++ code for ROS interfaces[0m
[  6%] Built target ament_cmake_python_copy_interface_t1
running egg_info
creating interface_t1.egg-info
writing interface_t1.egg-info/PKG-INFO
writing dependency_links to interface_t1.egg-info/dependency_links.txt
writing top-level names to interface_t1.egg-info/top_level.txt
writing manifest file 'interface_t1.egg-info/SOURCES.txt'
reading manifest file 'interface_t1.egg-info/SOURCES.txt'
writing manifest file 'interface_t1.egg-info/SOURCES.txt'
[  9%] [32mBuilding C object CMakeFiles/interface_t1__rosidl_generator_c.dir/rosidl_generator_c/interface_t1/srv/detail/mi_servicio__functions.c.o[0m
[  9%] Built target interface_t1__cpp
[ 16%] [34m[1mGenerating C++ type support for eProsima Fast-RTPS[0m
[ 16%] [34m[1mGenerating C++ introspection for ROS interfaces[0m
[ 19%] [34m[1mGenerating C++ type support dispatch for ROS interfaces[0m
[ 19%] Built target ament_cmake_python_build_interface_t1_egg
[ 22%] [32m[1mLinking C shared library libinterface_t1__rosidl_generator_c.so[0m
[ 22%] Built target interface_t1__rosidl_generator_c
[ 25%] [34m[1mGenerating C type support for eProsima Fast-RTPS[0m
[ 32%] [34m[1mGenerating C introspection for ROS interfaces[0m
[ 32%] [34m[1mGenerating C type support dispatch for ROS interfaces[0m
[ 35%] [32mBuilding CXX object CMakeFiles/interface_t1__rosidl_typesupport_introspection_cpp.dir/rosidl_typesupport_introspection_cpp/interface_t1/srv/detail/mi_servicio__type_support.cpp.o[0m
[ 38%] [32mBuilding CXX object CMakeFiles/interface_t1__rosidl_typesupport_cpp.dir/rosidl_typesupport_cpp/interface_t1/srv/mi_servicio__type_support.cpp.o[0m
[ 41%] [32mBuilding CXX object CMakeFiles/interface_t1__rosidl_typesupport_fastrtps_cpp.dir/rosidl_typesupport_fastrtps_cpp/interface_t1/srv/detail/dds_fastrtps/mi_servicio__type_support.cpp.o[0m
[ 45%] [32mBuilding C object CMakeFiles/interface_t1__rosidl_typesupport_introspection_c.dir/rosidl_typesupport_introspection_c/interface_t1/srv/detail/mi_servicio__type_support.c.o[0m
[ 48%] [32mBuilding CXX object CMakeFiles/interface_t1__rosidl_typesupport_c.dir/rosidl_typesupport_c/interface_t1/srv/mi_servicio__type_support.cpp.o[0m
[ 51%] [32mBuilding CXX object CMakeFiles/interface_t1__rosidl_typesupport_fastrtps_c.dir/rosidl_typesupport_fastrtps_c/interface_t1/srv/detail/mi_servicio__type_support_c.cpp.o[0m
[ 54%] [32m[1mLinking C shared library libinterface_t1__rosidl_typesupport_introspection_c.so[0m
[ 58%] [32m[1mLinking CXX shared library libinterface_t1__rosidl_typesupport_c.so[0m
[ 58%] Built target interface_t1__rosidl_typesupport_introspection_c
[ 58%] Built target interface_t1__rosidl_typesupport_c
[ 61%] [32m[1mLinking CXX shared library libinterface_t1__rosidl_typesupport_cpp.so[0m
[ 61%] Built target interface_t1__rosidl_typesupport_cpp
[ 64%] [32m[1mLinking CXX shared library libinterface_t1__rosidl_typesupport_introspection_cpp.so[0m
[ 67%] [32m[1mLinking CXX shared library libinterface_t1__rosidl_typesupport_fastrtps_cpp.so[0m
[ 67%] Built target interface_t1__rosidl_typesupport_introspection_cpp
[ 70%] [32m[1mLinking CXX shared library libinterface_t1__rosidl_typesupport_fastrtps_c.so[0m
[ 70%] Built target interface_t1__rosidl_typesupport_fastrtps_cpp
[ 70%] Built target interface_t1__rosidl_typesupport_fastrtps_c
[ 70%] Built target interface_t1
[ 74%] [34m[1mGenerating Python code for ROS interfaces[0m
[ 74%] Built target interface_t1__py
[ 77%] [32mBuilding C object CMakeFiles/interface_t1__rosidl_generator_py.dir/rosidl_generator_py/interface_t1/srv/_mi_servicio_s.c.o[0m
[ 80%] [32m[1mLinking C shared library rosidl_generator_py/interface_t1/libinterface_t1__rosidl_generator_py.so[0m
[ 80%] Built target interface_t1__rosidl_generator_py
[ 90%] [32mBuilding C object CMakeFiles/interface_t1__rosidl_typesupport_fastrtps_c__pyext.dir/rosidl_generator_py/interface_t1/_interface_t1_s.ep.rosidl_typesupport_fastrtps_c.c.o[0m
[ 90%] [32mBuilding C object CMakeFiles/interface_t1__rosidl_typesupport_introspection_c__pyext.dir/rosidl_generator_py/interface_t1/_interface_t1_s.ep.rosidl_typesupport_introspection_c.c.o[0m
[ 90%] [32mBuilding C object CMakeFiles/interface_t1__rosidl_typesupport_c__pyext.dir/rosidl_generator_py/interface_t1/_interface_t1_s.ep.rosidl_typesupport_c.c.o[0m
[ 93%] [32m[1mLinking C shared library rosidl_generator_py/interface_t1/interface_t1_s__rosidl_typesupport_introspection_c.cpython-310-x86_64-linux-gnu.so[0m
[ 96%] [32m[1mLinking C shared library rosidl_generator_py/interface_t1/interface_t1_s__rosidl_typesupport_c.cpython-310-x86_64-linux-gnu.so[0m
[100%] [32m[1mLinking C shared library rosidl_generator_py/interface_t1/interface_t1_s__rosidl_typesupport_fastrtps_c.cpython-310-x86_64-linux-gnu.so[0m
[100%] Built target interface_t1__rosidl_typesupport_introspection_c__pyext
[100%] Built target interface_t1__rosidl_typesupport_c__pyext
[100%] Built target interface_t1__rosidl_typesupport_fastrtps_c__pyext
-- Install configuration: ""
-- Installing: /home/yesid/Robotica_proyecto/install/interface_t1/share/ament_index/resource_index/rosidl_interfaces/interface_t1
-- Installing: /home/yesid/Robotica_proyecto/install/interface_t1/include/interface_t1/interface_t1
-- Installing: /home/yesid/Robotica_proyecto/install/interface_t1/include/interface_t1/interface_t1/srv
-- Installing: /home/yesid/Robotica_proyecto/install/interface_t1/include/interface_t1/interface_t1/srv/detail
-- Installing: /home/yesid/Robotica_proyecto/install/interface_t1/include/interface_t1/interface_t1/srv/detail/mi_servicio__functions.h
-- Installing: /home/yesid/Robotica_proyecto/install/interface_t1/include/interface_t1/interface_t1/srv/detail/mi_servicio__type_support.h
-- Installing: /home/yesid/Robotica_proyecto/install/interface_t1/include/interface_t1/interface_t1/srv/detail/mi_servicio__struct.h
-- Installing: /home/yesid/Robotica_proyecto/install/interface_t1/include/interface_t1/interface_t1/srv/detail/mi_servicio__functions.c
-- Installing: /home/yesid/Robotica_proyecto/install/interface_t1/include/interface_t1/interface_t1/srv/mi_servicio.h
-- Installing: /home/yesid/Robotica_proyecto/install/interface_t1/include/interface_t1/interface_t1/msg
-- Installing: /home/yesid/Robotica_proyecto/install/interface_t1/include/interface_t1/interface_t1/msg/rosidl_generator_c__visibility_control.h
-- Installing: /home/yesid/Robotica_proyecto/install/interface_t1/share/interface_t1/environment/library_path.sh
-- Installing: /home/yesid/Robotica_proyecto/install/interface_t1/share/interface_t1/environment/library_path.dsv
-- Installing: /home/yesid/Robotica_proyecto/install/interface_t1/lib/libinterface_t1__rosidl_generator_c.so
-- Set runtime path of "/home/yesid/Robotica_proyecto/install/interface_t1/lib/libinterface_t1__rosidl_generator_c.so" to ""
-- Up-to-date: /home/yesid/Robotica_proyecto/install/interface_t1/include/interface_t1/interface_t1
-- Up-to-date: /home/yesid/Robotica_proyecto/install/interface_t1/include/interface_t1/interface_t1/srv
-- Up-to-date: /home/yesid/Robotica_proyecto/install/interface_t1/include/interface_t1/interface_t1/srv/detail
-- Installing: /home/yesid/Robotica_proyecto/install/interface_t1/include/interface_t1/interface_t1/srv/detail/mi_servicio__rosidl_typesupport_fastrtps_c.h
-- Up-to-date: /home/yesid/Robotica_proyecto/install/interface_t1/include/interface_t1/interface_t1/msg
-- Installing: /home/yesid/Robotica_proyecto/install/interface_t1/include/interface_t1/interface_t1/msg/rosidl_typesupport_fastrtps_c__visibility_control.h
-- Installing: /home/yesid/Robotica_proyecto/install/interface_t1/lib/libinterface_t1__rosidl_typesupport_fastrtps_c.so
-- Set runtime path of "/home/yesid/Robotica_proyecto/install/interface_t1/lib/libinterface_t1__rosidl_typesupport_fastrtps_c.so" to ""
-- Up-to-date: /home/yesid/Robotica_proyecto/install/interface_t1/include/interface_t1/interface_t1
-- Up-to-date: /home/yesid/Robotica_proyecto/install/interface_t1/include/interface_t1/interface_t1/srv
-- Up-to-date: /home/yesid/Robotica_proyecto/install/interface_t1/include/interface_t1/interface_t1/srv/detail
-- Installing: /home/yesid/Robotica_proyecto/install/interface_t1/include/interface_t1/interface_t1/srv/detail/mi_servicio__struct.hpp
-- Installing: /home/yesid/Robotica_proyecto/install/interface_t1/include/interface_t1/interface_t1/srv/detail/mi_servicio__traits.hpp
-- Installing: /home/yesid/Robotica_proyecto/install/interface_t1/include/interface_t1/interface_t1/srv/detail/mi_servicio__builder.hpp
-- Installing: /home/yesid/Robotica_proyecto/install/interface_t1/include/interface_t1/interface_t1/srv/mi_servicio.hpp
-- Up-to-date: /home/yesid/Robotica_proyecto/install/interface_t1/include/interface_t1/interface_t1
-- Up-to-date: /home/yesid/Robotica_proyecto/install/interface_t1/include/interface_t1/interface_t1/srv
-- Up-to-date: /home/yesid/Robotica_proyecto/install/interface_t1/include/interface_t1/interface_t1/srv/detail
-- Installing: /home/yesid/Robotica_proyecto/install/interface_t1/include/interface_t1/interface_t1/srv/detail/dds_fastrtps
-- Installing: /home/yesid/Robotica_proyecto/install/interface_t1/include/interface_t1/interface_t1/srv/detail/mi_servicio__rosidl_typesupport_fastrtps_cpp.hpp
-- Up-to-date: /home/yesid/Robotica_proyecto/install/interface_t1/include/interface_t1/interface_t1/msg
-- Installing: /home/yesid/Robotica_proyecto/install/interface_t1/include/interface_t1/interface_t1/msg/rosidl_typesupport_fastrtps_cpp__visibility_control.h
-- Installing: /home/yesid/Robotica_proyecto/install/interface_t1/lib/libinterface_t1__rosidl_typesupport_fastrtps_cpp.so
-- Set runtime path of "/home/yesid/Robotica_proyecto/install/interface_t1/lib/libinterface_t1__rosidl_typesupport_fastrtps_cpp.so" to ""
-- Up-to-date: /home/yesid/Robotica_proyecto/install/interface_t1/include/interface_t1/interface_t1
-- Up-to-date: /home/yesid/Robotica_proyecto/install/interface_t1/include/interface_t1/interface_t1/srv
-- Up-to-date: /home/yesid/Robotica_proyecto/install/interface_t1/include/interface_t1/interface_t1/srv/detail
-- Installing: /home/yesid/Robotica_proyecto/install/interface_t1/include/interface_t1/interface_t1/srv/detail/mi_servicio__type_support.c
-- Installing: /home/yesid/Robotica_proyecto/install/interface_t1/include/interface_t1/interface_t1/srv/detail/mi_servicio__rosidl_typesupport_introspection_c.h
-- Up-to-date: /home/yesid/Robotica_proyecto/install/interface_t1/include/interface_t1/interface_t1/msg
-- Installing: /home/yesid/Robotica_proyecto/install/interface_t1/include/interface_t1/interface_t1/msg/rosidl_typesupport_introspection_c__visibility_control.h
-- Installing: /home/yesid/Robotica_proyecto/install/interface_t1/lib/libinterface_t1__rosidl_typesupport_introspection_c.so
-- Set runtime path of "/home/yesid/Robotica_proyecto/install/interface_t1/lib/libinterface_t1__rosidl_typesupport_introspection_c.so" to ""
-- Installing: /home/yesid/Robotica_proyecto/install/interface_t1/lib/libinterface_t1__rosidl_typesupport_c.so
-- Set runtime path of "/home/yesid/Robotica_proyecto/install/interface_t1/lib/libinterface_t1__rosidl_typesupport_c.so" to ""
-- Up-to-date: /home/yesid/Robotica_proyecto/install/interface_t1/include/interface_t1/interface_t1
-- Up-to-date: /home/yesid/Robotica_proyecto/install/interface_t1/include/interface_t1/interface_t1/srv
-- Up-to-date: /home/yesid/Robotica_proyecto/install/interface_t1/include/interface_t1/interface_t1/srv/detail
-- Installing: /home/yesid/Robotica_proyecto/install/interface_t1/include/interface_t1/interface_t1/srv/detail/mi_servicio__rosidl_typesupport_introspection_cpp.hpp
-- Installing: /home/yesid/Robotica_proyecto/install/interface_t1/include/interface_t1/interface_t1/srv/detail/mi_servicio__type_support.cpp
-- Installing: /home/yesid/Robotica_proyecto/install/interface_t1/lib/libinterface_t1__rosidl_typesupport_introspection_cpp.so
-- Set runtime path of "/home/yesid/Robotica_proyecto/install/interface_t1/lib/libinterface_t1__rosidl_typesupport_introspection_cpp.so" to ""
-- Installing: /home/yesid/Robotica_proyecto/install/interface_t1/lib/libinterface_t1__rosidl_typesupport_cpp.so
-- Set runtime path of "/home/yesid/Robotica_proyecto/install/interface_t1/lib/libinterface_t1__rosidl_typesupport_cpp.so" to ""
-- Installing: /home/yesid/Robotica_proyecto/install/interface_t1/share/interface_t1/environment/pythonpath.sh
-- Installing: /home/yesid/Robotica_proyecto/install/interface_t1/share/interface_t1/environment/pythonpath.dsv
-- Installing: /home/yesid/Robotica_proyecto/install/interface_t1/local/lib/python3.10/dist-packages/interface_t1-0.0.0-py3.10.egg-info
-- Installing: /home/yesid/Robotica_proyecto/install/interface_t1/local/lib/python3.10/dist-packages/interface_t1-0.0.0-py3.10.egg-info/SOURCES.txt
-- Installing: /home/yesid/Robotica_proyecto/install/interface_t1/local/lib/python3.10/dist-packages/interface_t1-0.0.0-py3.10.egg-info/dependency_links.txt
-- Installing: /home/yesid/Robotica_proyecto/install/interface_t1/local/lib/python3.10/dist-packages/interface_t1-0.0.0-py3.10.egg-info/top_level.txt
-- Installing: /home/yesid/Robotica_proyecto/install/interface_t1/local/lib/python3.10/dist-packages/interface_t1-0.0.0-py3.10.egg-info/PKG-INFO
-- Installing: /home/yesid/Robotica_proyecto/install/interface_t1/local/lib/python3.10/dist-packages/interface_t1
-- Installing: /home/yesid/Robotica_proyecto/install/interface_t1/local/lib/python3.10/dist-packages/interface_t1/interface_t1_s__rosidl_typesupport_c.cpython-310-x86_64-linux-gnu.so
-- Installing: /home/yesid/Robotica_proyecto/install/interface_t1/local/lib/python3.10/dist-packages/interface_t1/__init__.py
-- Installing: /home/yesid/Robotica_proyecto/install/interface_t1/local/lib/python3.10/dist-packages/interface_t1/srv
-- Installing: /home/yesid/Robotica_proyecto/install/interface_t1/local/lib/python3.10/dist-packages/interface_t1/srv/__init__.py
-- Installing: /home/yesid/Robotica_proyecto/install/interface_t1/local/lib/python3.10/dist-packages/interface_t1/srv/_mi_servicio.py
-- Installing: /home/yesid/Robotica_proyecto/install/interface_t1/local/lib/python3.10/dist-packages/interface_t1/srv/_mi_servicio_s.c
-- Installing: /home/yesid/Robotica_proyecto/install/interface_t1/local/lib/python3.10/dist-packages/interface_t1/interface_t1_s__rosidl_typesupport_fastrtps_c.cpython-310-x86_64-linux-gnu.so
-- Installing: /home/yesid/Robotica_proyecto/install/interface_t1/local/lib/python3.10/dist-packages/interface_t1/_interface_t1_s.ep.rosidl_typesupport_fastrtps_c.c
-- Installing: /home/yesid/Robotica_proyecto/install/interface_t1/local/lib/python3.10/dist-packages/interface_t1/_interface_t1_s.ep.rosidl_typesupport_c.c
-- Installing: /home/yesid/Robotica_proyecto/install/interface_t1/local/lib/python3.10/dist-packages/interface_t1/_interface_t1_s.ep.rosidl_typesupport_introspection_c.c
-- Installing: /home/yesid/Robotica_proyecto/install/interface_t1/local/lib/python3.10/dist-packages/interface_t1/interface_t1_s__rosidl_typesupport_introspection_c.cpython-310-x86_64-linux-gnu.so
-- Installing: /home/yesid/Robotica_proyecto/install/interface_t1/local/lib/python3.10/dist-packages/interface_t1/libinterface_t1__rosidl_generator_py.so
Listing '/home/yesid/Robotica_proyecto/install/interface_t1/local/lib/python3.10/dist-packages/interface_t1'...
Compiling '/home/yesid/Robotica_proyecto/install/interface_t1/local/lib/python3.10/dist-packages/interface_t1/__init__.py'...
Listing '/home/yesid/Robotica_proyecto/install/interface_t1/local/lib/python3.10/dist-packages/interface_t1/srv'...
Compiling '/home/yesid/Robotica_proyecto/install/interface_t1/local/lib/python3.10/dist-packages/interface_t1/srv/__init__.py'...
Compiling '/home/yesid/Robotica_proyecto/install/interface_t1/local/lib/python3.10/dist-packages/interface_t1/srv/_mi_servicio.py'...
-- Installing: /home/yesid/Robotica_proyecto/install/interface_t1/local/lib/python3.10/dist-packages/interface_t1/interface_t1_s__rosidl_typesupport_fastrtps_c.cpython-310-x86_64-linux-gnu.so
-- Set runtime path of "/home/yesid/Robotica_proyecto/install/interface_t1/local/lib/python3.10/dist-packages/interface_t1/interface_t1_s__rosidl_typesupport_fastrtps_c.cpython-310-x86_64-linux-gnu.so" to ""
-- Installing: /home/yesid/Robotica_proyecto/install/interface_t1/local/lib/python3.10/dist-packages/interface_t1/interface_t1_s__rosidl_typesupport_introspection_c.cpython-310-x86_64-linux-gnu.so
-- Set runtime path of "/home/yesid/Robotica_proyecto/install/interface_t1/local/lib/python3.10/dist-packages/interface_t1/interface_t1_s__rosidl_typesupport_introspection_c.cpython-310-x86_64-linux-gnu.so" to ""
-- Installing: /home/yesid/Robotica_proyecto/install/interface_t1/local/lib/python3.10/dist-packages/interface_t1/interface_t1_s__rosidl_typesupport_c.cpython-310-x86_64-linux-gnu.so
-- Set runtime path of "/home/yesid/Robotica_proyecto/install/interface_t1/local/lib/python3.10/dist-packages/interface_t1/interface_t1_s__rosidl_typesupport_c.cpython-310-x86_64-linux-gnu.so" to ""
-- Installing: /home/yesid/Robotica_proyecto/install/interface_t1/lib/libinterface_t1__rosidl_generator_py.so
-- Set runtime path of "/home/yesid/Robotica_proyecto/install/interface_t1/lib/libinterface_t1__rosidl_generator_py.so" to ""
-- Installing: /home/yesid/Robotica_proyecto/install/interface_t1/share/interface_t1/srv/MiServicio.idl
-- Installing: /home/yesid/Robotica_proyecto/install/interface_t1/share/interface_t1/srv/MiServicio.srv
-- Installing: /home/yesid/Robotica_proyecto/install/interface_t1/share/interface_t1/srv/MiServicio_Request.msg
-- Installing: /home/yesid/Robotica_proyecto/install/interface_t1/share/interface_t1/srv/MiServicio_Response.msg
-- Installing: /home/yesid/Robotica_proyecto/install/interface_t1/share/ament_index/resource_index/package_run_dependencies/interface_t1
-- Installing: /home/yesid/Robotica_proyecto/install/interface_t1/share/ament_index/resource_index/parent_prefix_path/interface_t1
-- Installing: /home/yesid/Robotica_proyecto/install/interface_t1/share/interface_t1/environment/ament_prefix_path.sh
-- Installing: /home/yesid/Robotica_proyecto/install/interface_t1/share/interface_t1/environment/ament_prefix_path.dsv
-- Installing: /home/yesid/Robotica_proyecto/install/interface_t1/share/interface_t1/environment/path.sh
-- Installing: /home/yesid/Robotica_proyecto/install/interface_t1/share/interface_t1/environment/path.dsv
-- Installing: /home/yesid/Robotica_proyecto/install/interface_t1/share/interface_t1/local_setup.bash
-- Installing: /home/yesid/Robotica_proyecto/install/interface_t1/share/interface_t1/local_setup.sh
-- Installing: /home/yesid/Robotica_proyecto/install/interface_t1/share/interface_t1/local_setup.zsh
-- Installing: /home/yesid/Robotica_proyecto/install/interface_t1/share/interface_t1/local_setup.dsv
-- Installing: /home/yesid/Robotica_proyecto/install/interface_t1/share/interface_t1/package.dsv
-- Installing: /home/yesid/Robotica_proyecto/install/interface_t1/share/ament_index/resource_index/packages/interface_t1
-- Installing: /home/yesid/Robotica_proyecto/install/interface_t1/share/interface_t1/cmake/export_interface_t1__rosidl_generator_cExport.cmake
-- Installing: /home/yesid/Robotica_proyecto/install/interface_t1/share/interface_t1/cmake/export_interface_t1__rosidl_generator_cExport-noconfig.cmake
-- Installing: /home/yesid/Robotica_proyecto/install/interface_t1/share/interface_t1/cmake/export_interface_t1__rosidl_typesupport_fastrtps_cExport.cmake
-- Installing: /home/yesid/Robotica_proyecto/install/interface_t1/share/interface_t1/cmake/export_interface_t1__rosidl_typesupport_fastrtps_cExport-noconfig.cmake
-- Installing: /home/yesid/Robotica_proyecto/install/interface_t1/share/interface_t1/cmake/export_interface_t1__rosidl_generator_cppExport.cmake
-- Installing: /home/yesid/Robotica_proyecto/install/interface_t1/share/interface_t1/cmake/export_interface_t1__rosidl_typesupport_fastrtps_cppExport.cmake
-- Installing: /home/yesid/Robotica_proyecto/install/interface_t1/share/interface_t1/cmake/export_interface_t1__rosidl_typesupport_fastrtps_cppExport-noconfig.cmake
-- Installing: /home/yesid/Robotica_proyecto/install/interface_t1/share/interface_t1/cmake/interface_t1__rosidl_typesupport_introspection_cExport.cmake
-- Installing: /home/yesid/Robotica_proyecto/install/interface_t1/share/interface_t1/cmake/interface_t1__rosidl_typesupport_introspection_cExport-noconfig.cmake
-- Installing: /home/yesid/Robotica_proyecto/install/interface_t1/share/interface_t1/cmake/interface_t1__rosidl_typesupport_cExport.cmake
-- Installing: /home/yesid/Robotica_proyecto/install/interface_t1/share/interface_t1/cmake/interface_t1__rosidl_typesupport_cExport-noconfig.cmake
-- Installing: /home/yesid/Robotica_proyecto/install/interface_t1/share/interface_t1/cmake/interface_t1__rosidl_typesupport_introspection_cppExport.cmake
-- Installing: /home/yesid/Robotica_proyecto/install/interface_t1/share/interface_t1/cmake/interface_t1__rosidl_typesupport_introspection_cppExport-noconfig.cmake
-- Installing: /home/yesid/Robotica_proyecto/install/interface_t1/share/interface_t1/cmake/interface_t1__rosidl_typesupport_cppExport.cmake
-- Installing: /home/yesid/Robotica_proyecto/install/interface_t1/share/interface_t1/cmake/interface_t1__rosidl_typesupport_cppExport-noconfig.cmake
-- Installing: /home/yesid/Robotica_proyecto/install/interface_t1/share/interface_t1/cmake/export_interface_t1__rosidl_generator_pyExport.cmake
-- Installing: /home/yesid/Robotica_proyecto/install/interface_t1/share/interface_t1/cmake/export_interface_t1__rosidl_generator_pyExport-noconfig.cmake
-- Installing: /home/yesid/Robotica_proyecto/install/interface_t1/share/interface_t1/cmake/rosidl_cmake-extras.cmake
-- Installing: /home/yesid/Robotica_proyecto/install/interface_t1/share/interface_t1/cmake/ament_cmake_export_dependencies-extras.cmake
-- Installing: /home/yesid/Robotica_proyecto/install/interface_t1/share/interface_t1/cmake/ament_cmake_export_include_directories-extras.cmake
-- Installing: /home/yesid/Robotica_proyecto/install/interface_t1/share/interface_t1/cmake/ament_cmake_export_libraries-extras.cmake
-- Installing: /home/yesid/Robotica_proyecto/install/interface_t1/share/interface_t1/cmake/ament_cmake_export_targets-extras.cmake
-- Installing: /home/yesid/Robotica_proyecto/install/interface_t1/share/interface_t1/cmake/rosidl_cmake_export_typesupport_targets-extras.cmake
-- Installing: /home/yesid/Robotica_proyecto/install/interface_t1/share/interface_t1/cmake/rosidl_cmake_export_typesupport_libraries-extras.cmake
-- Installing: /home/yesid/Robotica_proyecto/install/interface_t1/share/interface_t1/cmake/interface_t1Config.cmake
-- Installing: /home/yesid/Robotica_proyecto/install/interface_t1/share/interface_t1/cmake/interface_t1Config-version.cmake
-- Installing: /home/yesid/Robotica_proyecto/install/interface_t1/share/interface_t1/package.xml
