[0.011s] Invoking command in '/home/yesid/Robotica_proyecto/build/interface_t1': CMAKE_PREFIX_PATH=${CMAKE_PREFIX_PATH}:/home/yesid/Robotica_proyecto/install/taller1:/home/yesid/Robotica_proyecto/install/my_taller1:/opt/ros/humble /usr/bin/cmake /home/yesid/Robotica_proyecto/src/interface_t1 -DCMAKE_INSTALL_PREFIX=/home/yesid/Robotica_proyecto/install/interface_t1
[0.301s] -- The C compiler identification is GNU 11.4.0
[0.583s] -- The CXX compiler identification is GNU 11.4.0
[0.605s] -- Detecting C compiler ABI info
[0.714s] -- Detecting C compiler ABI info - done
[0.728s] -- Check for working C compiler: /usr/bin/cc - skipped
[0.730s] -- Detecting C compile features
[0.732s] -- Detecting C compile features - done
[0.739s] -- Detecting CXX compiler ABI info
[0.844s] -- Detecting CXX compiler ABI info - done
[0.851s] -- Check for working CXX compiler: /usr/bin/c++ - skipped
[0.851s] -- Detecting CXX compile features
[0.851s] -- Detecting CXX compile features - done
[0.856s] -- Found ament_cmake: 1.3.3 (/opt/ros/humble/share/ament_cmake/cmake)
[1.024s] -- Found Python3: /usr/bin/python3.10 (found version "3.10.12") found components: Interpreter 
[1.141s] -- Found geometry_msgs: 4.2.3 (/opt/ros/humble/share/geometry_msgs/cmake)
[1.220s] -- Found rosidl_generator_c: 3.1.4 (/opt/ros/humble/share/rosidl_generator_c/cmake)
[1.226s] -- Found rosidl_adapter: 3.1.4 (/opt/ros/humble/share/rosidl_adapter/cmake)
[1.248s] -- Found rosidl_generator_cpp: 3.1.4 (/opt/ros/humble/share/rosidl_generator_cpp/cmake)
[1.279s] -- Using all available rosidl_typesupport_c: rosidl_typesupport_fastrtps_c;rosidl_typesupport_introspection_c
[1.316s] -- Using all available rosidl_typesupport_cpp: rosidl_typesupport_fastrtps_cpp;rosidl_typesupport_introspection_cpp
[1.504s] -- Found rosidl_default_generators: 1.2.0 (/opt/ros/humble/share/rosidl_default_generators/cmake)
[1.791s] -- Found ament_cmake_ros: 0.10.0 (/opt/ros/humble/share/ament_cmake_ros/cmake)
[2.207s] -- Using all available rosidl_typesupport_c: rosidl_typesupport_fastrtps_c;rosidl_typesupport_introspection_c
[2.354s] -- Using all available rosidl_typesupport_cpp: rosidl_typesupport_fastrtps_cpp;rosidl_typesupport_introspection_cpp
[2.381s] -- Found PythonInterp: /usr/bin/python3 (found suitable version "3.10.12", minimum required is "3.6") 
[2.383s] -- Found python_cmake_module: 0.10.0 (/opt/ros/humble/share/python_cmake_module/cmake)
[2.410s] -- Found PythonLibs: /usr/lib/x86_64-linux-gnu/libpython3.10.so (found suitable version "3.10.12", minimum required is "3.5") 
[2.410s] -- Using PYTHON_EXECUTABLE: /usr/bin/python3
[2.411s] -- Using PYTHON_INCLUDE_DIRS: /usr/include/python3.10
[2.411s] -- Using PYTHON_LIBRARIES: /usr/lib/x86_64-linux-gnu/libpython3.10.so
[2.430s] -- Found PythonExtra: .so  
[2.483s] -- Found ament_lint_auto: 0.12.5 (/opt/ros/humble/share/ament_lint_auto/cmake)
[2.518s] -- Added test 'cppcheck' to perform static code analysis on C / C++ code
[2.518s] -- Configured cppcheck include dirs: 
[2.518s] -- Configured cppcheck exclude dirs and/or files: 
[2.520s] -- Added test 'flake8' to check Python code syntax and style conventions
[2.522s] -- Added test 'lint_cmake' to check CMake code style
[2.523s] -- Added test 'pep257' to check Python code against some of the docstring style conventions in PEP 257
[2.529s] -- Added test 'uncrustify' to check C / C++ code style
[2.529s] -- Configured uncrustify additional arguments: 
[2.531s] -- Added test 'xmllint' to check XML markup files
[2.535s] -- Configuring done
[2.563s] -- Generating done
[2.565s] -- Build files have been written to: /home/yesid/Robotica_proyecto/build/interface_t1
[2.574s] Invoked command in '/home/yesid/Robotica_proyecto/build/interface_t1' returned '0': CMAKE_PREFIX_PATH=${CMAKE_PREFIX_PATH}:/home/yesid/Robotica_proyecto/install/taller1:/home/yesid/Robotica_proyecto/install/my_taller1:/opt/ros/humble /usr/bin/cmake /home/yesid/Robotica_proyecto/src/interface_t1 -DCMAKE_INSTALL_PREFIX=/home/yesid/Robotica_proyecto/install/interface_t1
[2.574s] Invoking command in '/home/yesid/Robotica_proyecto/build/interface_t1': CMAKE_PREFIX_PATH=${CMAKE_PREFIX_PATH}:/home/yesid/Robotica_proyecto/install/taller1:/home/yesid/Robotica_proyecto/install/my_taller1:/opt/ros/humble /usr/bin/cmake --build /home/yesid/Robotica_proyecto/build/interface_t1 -- -j8 -l8
[2.604s] [  3%] [34m[1mGenerating C code for ROS interfaces[0m
[2.612s] [  6%] [34m[1mGenerating C++ code for ROS interfaces[0m
[2.620s] [  6%] Built target ament_cmake_python_copy_interface_t1
[2.892s] running egg_info
[2.893s] creating interface_t1.egg-info
[2.893s] writing interface_t1.egg-info/PKG-INFO
[2.893s] writing dependency_links to interface_t1.egg-info/dependency_links.txt
[2.893s] writing top-level names to interface_t1.egg-info/top_level.txt
[2.893s] writing manifest file 'interface_t1.egg-info/SOURCES.txt'
[2.896s] reading manifest file 'interface_t1.egg-info/SOURCES.txt'
[2.896s] writing manifest file 'interface_t1.egg-info/SOURCES.txt'
[2.903s] [  9%] [32mBuilding C object CMakeFiles/interface_t1__rosidl_generator_c.dir/rosidl_generator_c/interface_t1/srv/detail/mi_servicio__functions.c.o[0m
[2.903s] [  9%] Built target interface_t1__cpp
[2.913s] [ 16%] [34m[1mGenerating C++ type support for eProsima Fast-RTPS[0m
[2.913s] [ 16%] [34m[1mGenerating C++ introspection for ROS interfaces[0m
[2.914s] [ 19%] [34m[1mGenerating C++ type support dispatch for ROS interfaces[0m
[2.928s] [ 19%] Built target ament_cmake_python_build_interface_t1_egg
[3.050s] [ 22%] [32m[1mLinking C shared library libinterface_t1__rosidl_generator_c.so[0m
[3.085s] [ 22%] Built target interface_t1__rosidl_generator_c
[3.097s] [ 25%] [34m[1mGenerating C type support for eProsima Fast-RTPS[0m
[3.101s] [ 32%] [34m[1mGenerating C introspection for ROS interfaces[0m
[3.101s] [ 32%] [34m[1mGenerating C type support dispatch for ROS interfaces[0m
[3.223s] [ 35%] [32mBuilding CXX object CMakeFiles/interface_t1__rosidl_typesupport_introspection_cpp.dir/rosidl_typesupport_introspection_cpp/interface_t1/srv/detail/mi_servicio__type_support.cpp.o[0m
[3.239s] [ 38%] [32mBuilding CXX object CMakeFiles/interface_t1__rosidl_typesupport_cpp.dir/rosidl_typesupport_cpp/interface_t1/srv/mi_servicio__type_support.cpp.o[0m
[3.259s] [ 41%] [32mBuilding CXX object CMakeFiles/interface_t1__rosidl_typesupport_fastrtps_cpp.dir/rosidl_typesupport_fastrtps_cpp/interface_t1/srv/detail/dds_fastrtps/mi_servicio__type_support.cpp.o[0m
[3.461s] [ 45%] [32mBuilding C object CMakeFiles/interface_t1__rosidl_typesupport_introspection_c.dir/rosidl_typesupport_introspection_c/interface_t1/srv/detail/mi_servicio__type_support.c.o[0m
[3.464s] [ 48%] [32mBuilding CXX object CMakeFiles/interface_t1__rosidl_typesupport_c.dir/rosidl_typesupport_c/interface_t1/srv/mi_servicio__type_support.cpp.o[0m
[3.506s] [ 51%] [32mBuilding CXX object CMakeFiles/interface_t1__rosidl_typesupport_fastrtps_c.dir/rosidl_typesupport_fastrtps_c/interface_t1/srv/detail/mi_servicio__type_support_c.cpp.o[0m
[3.517s] [ 54%] [32m[1mLinking C shared library libinterface_t1__rosidl_typesupport_introspection_c.so[0m
[3.522s] [ 58%] [32m[1mLinking CXX shared library libinterface_t1__rosidl_typesupport_c.so[0m
[3.556s] [ 58%] Built target interface_t1__rosidl_typesupport_introspection_c
[3.582s] [ 58%] Built target interface_t1__rosidl_typesupport_c
[3.746s] [ 61%] [32m[1mLinking CXX shared library libinterface_t1__rosidl_typesupport_cpp.so[0m
[3.812s] [ 61%] Built target interface_t1__rosidl_typesupport_cpp
[3.903s] [ 64%] [32m[1mLinking CXX shared library libinterface_t1__rosidl_typesupport_introspection_cpp.so[0m
[3.976s] [ 67%] [32m[1mLinking CXX shared library libinterface_t1__rosidl_typesupport_fastrtps_cpp.so[0m
[3.977s] [ 67%] Built target interface_t1__rosidl_typesupport_introspection_cpp
[4.034s] [ 70%] [32m[1mLinking CXX shared library libinterface_t1__rosidl_typesupport_fastrtps_c.so[0m
[4.059s] [ 70%] Built target interface_t1__rosidl_typesupport_fastrtps_cpp
[4.117s] [ 70%] Built target interface_t1__rosidl_typesupport_fastrtps_c
[4.136s] [ 70%] Built target interface_t1
[4.155s] [ 74%] [34m[1mGenerating Python code for ROS interfaces[0m
[4.513s] [ 74%] Built target interface_t1__py
[4.530s] [ 77%] [32mBuilding C object CMakeFiles/interface_t1__rosidl_generator_py.dir/rosidl_generator_py/interface_t1/srv/_mi_servicio_s.c.o[0m
[4.751s] [ 80%] [32m[1mLinking C shared library rosidl_generator_py/interface_t1/libinterface_t1__rosidl_generator_py.so[0m
[4.783s] [ 80%] Built target interface_t1__rosidl_generator_py
[4.798s] [ 90%] [32mBuilding C object CMakeFiles/interface_t1__rosidl_typesupport_fastrtps_c__pyext.dir/rosidl_generator_py/interface_t1/_interface_t1_s.ep.rosidl_typesupport_fastrtps_c.c.o[0m
[4.798s] [ 90%] [32mBuilding C object CMakeFiles/interface_t1__rosidl_typesupport_introspection_c__pyext.dir/rosidl_generator_py/interface_t1/_interface_t1_s.ep.rosidl_typesupport_introspection_c.c.o[0m
[4.798s] [ 90%] [32mBuilding C object CMakeFiles/interface_t1__rosidl_typesupport_c__pyext.dir/rosidl_generator_py/interface_t1/_interface_t1_s.ep.rosidl_typesupport_c.c.o[0m
[4.895s] [ 93%] [32m[1mLinking C shared library rosidl_generator_py/interface_t1/interface_t1_s__rosidl_typesupport_introspection_c.cpython-310-x86_64-linux-gnu.so[0m
[4.898s] [ 96%] [32m[1mLinking C shared library rosidl_generator_py/interface_t1/interface_t1_s__rosidl_typesupport_c.cpython-310-x86_64-linux-gnu.so[0m
[4.905s] [100%] [32m[1mLinking C shared library rosidl_generator_py/interface_t1/interface_t1_s__rosidl_typesupport_fastrtps_c.cpython-310-x86_64-linux-gnu.so[0m
[4.934s] [100%] Built target interface_t1__rosidl_typesupport_introspection_c__pyext
[4.938s] [100%] Built target interface_t1__rosidl_typesupport_c__pyext
[4.944s] [100%] Built target interface_t1__rosidl_typesupport_fastrtps_c__pyext
[4.954s] Invoked command in '/home/yesid/Robotica_proyecto/build/interface_t1' returned '0': CMAKE_PREFIX_PATH=${CMAKE_PREFIX_PATH}:/home/yesid/Robotica_proyecto/install/taller1:/home/yesid/Robotica_proyecto/install/my_taller1:/opt/ros/humble /usr/bin/cmake --build /home/yesid/Robotica_proyecto/build/interface_t1 -- -j8 -l8
[5.000s] Invoking command in '/home/yesid/Robotica_proyecto/build/interface_t1': CMAKE_PREFIX_PATH=${CMAKE_PREFIX_PATH}:/home/yesid/Robotica_proyecto/install/taller1:/home/yesid/Robotica_proyecto/install/my_taller1:/opt/ros/humble /usr/bin/cmake --install /home/yesid/Robotica_proyecto/build/interface_t1
[5.006s] -- Install configuration: ""
[5.006s] -- Installing: /home/yesid/Robotica_proyecto/install/interface_t1/share/ament_index/resource_index/rosidl_interfaces/interface_t1
[5.006s] -- Installing: /home/yesid/Robotica_proyecto/install/interface_t1/include/interface_t1/interface_t1
[5.007s] -- Installing: /home/yesid/Robotica_proyecto/install/interface_t1/include/interface_t1/interface_t1/srv
[5.007s] -- Installing: /home/yesid/Robotica_proyecto/install/interface_t1/include/interface_t1/interface_t1/srv/detail
[5.007s] -- Installing: /home/yesid/Robotica_proyecto/install/interface_t1/include/interface_t1/interface_t1/srv/detail/mi_servicio__functions.h
[5.007s] -- Installing: /home/yesid/Robotica_proyecto/install/interface_t1/include/interface_t1/interface_t1/srv/detail/mi_servicio__type_support.h
[5.007s] -- Installing: /home/yesid/Robotica_proyecto/install/interface_t1/include/interface_t1/interface_t1/srv/detail/mi_servicio__struct.h
[5.007s] -- Installing: /home/yesid/Robotica_proyecto/install/interface_t1/include/interface_t1/interface_t1/srv/detail/mi_servicio__functions.c
[5.007s] -- Installing: /home/yesid/Robotica_proyecto/install/interface_t1/include/interface_t1/interface_t1/srv/mi_servicio.h
[5.007s] -- Installing: /home/yesid/Robotica_proyecto/install/interface_t1/include/interface_t1/interface_t1/msg
[5.007s] -- Installing: /home/yesid/Robotica_proyecto/install/interface_t1/include/interface_t1/interface_t1/msg/rosidl_generator_c__visibility_control.h
[5.008s] -- Installing: /home/yesid/Robotica_proyecto/install/interface_t1/share/interface_t1/environment/library_path.sh
[5.008s] -- Installing: /home/yesid/Robotica_proyecto/install/interface_t1/share/interface_t1/environment/library_path.dsv
[5.008s] -- Installing: /home/yesid/Robotica_proyecto/install/interface_t1/lib/libinterface_t1__rosidl_generator_c.so
[5.008s] -- Set runtime path of "/home/yesid/Robotica_proyecto/install/interface_t1/lib/libinterface_t1__rosidl_generator_c.so" to ""
[5.009s] -- Up-to-date: /home/yesid/Robotica_proyecto/install/interface_t1/include/interface_t1/interface_t1
[5.009s] -- Up-to-date: /home/yesid/Robotica_proyecto/install/interface_t1/include/interface_t1/interface_t1/srv
[5.009s] -- Up-to-date: /home/yesid/Robotica_proyecto/install/interface_t1/include/interface_t1/interface_t1/srv/detail
[5.009s] -- Installing: /home/yesid/Robotica_proyecto/install/interface_t1/include/interface_t1/interface_t1/srv/detail/mi_servicio__rosidl_typesupport_fastrtps_c.h
[5.009s] -- Up-to-date: /home/yesid/Robotica_proyecto/install/interface_t1/include/interface_t1/interface_t1/msg
[5.009s] -- Installing: /home/yesid/Robotica_proyecto/install/interface_t1/include/interface_t1/interface_t1/msg/rosidl_typesupport_fastrtps_c__visibility_control.h
[5.009s] -- Installing: /home/yesid/Robotica_proyecto/install/interface_t1/lib/libinterface_t1__rosidl_typesupport_fastrtps_c.so
[5.009s] -- Set runtime path of "/home/yesid/Robotica_proyecto/install/interface_t1/lib/libinterface_t1__rosidl_typesupport_fastrtps_c.so" to ""
[5.010s] -- Up-to-date: /home/yesid/Robotica_proyecto/install/interface_t1/include/interface_t1/interface_t1
[5.010s] -- Up-to-date: /home/yesid/Robotica_proyecto/install/interface_t1/include/interface_t1/interface_t1/srv
[5.010s] -- Up-to-date: /home/yesid/Robotica_proyecto/install/interface_t1/include/interface_t1/interface_t1/srv/detail
[5.010s] -- Installing: /home/yesid/Robotica_proyecto/install/interface_t1/include/interface_t1/interface_t1/srv/detail/mi_servicio__struct.hpp
[5.010s] -- Installing: /home/yesid/Robotica_proyecto/install/interface_t1/include/interface_t1/interface_t1/srv/detail/mi_servicio__traits.hpp
[5.010s] -- Installing: /home/yesid/Robotica_proyecto/install/interface_t1/include/interface_t1/interface_t1/srv/detail/mi_servicio__builder.hpp
[5.010s] -- Installing: /home/yesid/Robotica_proyecto/install/interface_t1/include/interface_t1/interface_t1/srv/mi_servicio.hpp
[5.010s] -- Up-to-date: /home/yesid/Robotica_proyecto/install/interface_t1/include/interface_t1/interface_t1
[5.011s] -- Up-to-date: /home/yesid/Robotica_proyecto/install/interface_t1/include/interface_t1/interface_t1/srv
[5.011s] -- Up-to-date: /home/yesid/Robotica_proyecto/install/interface_t1/include/interface_t1/interface_t1/srv/detail
[5.011s] -- Installing: /home/yesid/Robotica_proyecto/install/interface_t1/include/interface_t1/interface_t1/srv/detail/dds_fastrtps
[5.011s] -- Installing: /home/yesid/Robotica_proyecto/install/interface_t1/include/interface_t1/interface_t1/srv/detail/mi_servicio__rosidl_typesupport_fastrtps_cpp.hpp
[5.011s] -- Up-to-date: /home/yesid/Robotica_proyecto/install/interface_t1/include/interface_t1/interface_t1/msg
[5.011s] -- Installing: /home/yesid/Robotica_proyecto/install/interface_t1/include/interface_t1/interface_t1/msg/rosidl_typesupport_fastrtps_cpp__visibility_control.h
[5.011s] -- Installing: /home/yesid/Robotica_proyecto/install/interface_t1/lib/libinterface_t1__rosidl_typesupport_fastrtps_cpp.so
[5.011s] -- Set runtime path of "/home/yesid/Robotica_proyecto/install/interface_t1/lib/libinterface_t1__rosidl_typesupport_fastrtps_cpp.so" to ""
[5.012s] -- Up-to-date: /home/yesid/Robotica_proyecto/install/interface_t1/include/interface_t1/interface_t1
[5.012s] -- Up-to-date: /home/yesid/Robotica_proyecto/install/interface_t1/include/interface_t1/interface_t1/srv
[5.012s] -- Up-to-date: /home/yesid/Robotica_proyecto/install/interface_t1/include/interface_t1/interface_t1/srv/detail
[5.012s] -- Installing: /home/yesid/Robotica_proyecto/install/interface_t1/include/interface_t1/interface_t1/srv/detail/mi_servicio__type_support.c
[5.012s] -- Installing: /home/yesid/Robotica_proyecto/install/interface_t1/include/interface_t1/interface_t1/srv/detail/mi_servicio__rosidl_typesupport_introspection_c.h
[5.012s] -- Up-to-date: /home/yesid/Robotica_proyecto/install/interface_t1/include/interface_t1/interface_t1/msg
[5.012s] -- Installing: /home/yesid/Robotica_proyecto/install/interface_t1/include/interface_t1/interface_t1/msg/rosidl_typesupport_introspection_c__visibility_control.h
[5.012s] -- Installing: /home/yesid/Robotica_proyecto/install/interface_t1/lib/libinterface_t1__rosidl_typesupport_introspection_c.so
[5.012s] -- Set runtime path of "/home/yesid/Robotica_proyecto/install/interface_t1/lib/libinterface_t1__rosidl_typesupport_introspection_c.so" to ""
[5.012s] -- Installing: /home/yesid/Robotica_proyecto/install/interface_t1/lib/libinterface_t1__rosidl_typesupport_c.so
[5.012s] -- Set runtime path of "/home/yesid/Robotica_proyecto/install/interface_t1/lib/libinterface_t1__rosidl_typesupport_c.so" to ""
[5.012s] -- Up-to-date: /home/yesid/Robotica_proyecto/install/interface_t1/include/interface_t1/interface_t1
[5.013s] -- Up-to-date: /home/yesid/Robotica_proyecto/install/interface_t1/include/interface_t1/interface_t1/srv
[5.013s] -- Up-to-date: /home/yesid/Robotica_proyecto/install/interface_t1/include/interface_t1/interface_t1/srv/detail
[5.013s] -- Installing: /home/yesid/Robotica_proyecto/install/interface_t1/include/interface_t1/interface_t1/srv/detail/mi_servicio__rosidl_typesupport_introspection_cpp.hpp
[5.013s] -- Installing: /home/yesid/Robotica_proyecto/install/interface_t1/include/interface_t1/interface_t1/srv/detail/mi_servicio__type_support.cpp
[5.013s] -- Installing: /home/yesid/Robotica_proyecto/install/interface_t1/lib/libinterface_t1__rosidl_typesupport_introspection_cpp.so
[5.013s] -- Set runtime path of "/home/yesid/Robotica_proyecto/install/interface_t1/lib/libinterface_t1__rosidl_typesupport_introspection_cpp.so" to ""
[5.013s] -- Installing: /home/yesid/Robotica_proyecto/install/interface_t1/lib/libinterface_t1__rosidl_typesupport_cpp.so
[5.013s] -- Set runtime path of "/home/yesid/Robotica_proyecto/install/interface_t1/lib/libinterface_t1__rosidl_typesupport_cpp.so" to ""
[5.013s] -- Installing: /home/yesid/Robotica_proyecto/install/interface_t1/share/interface_t1/environment/pythonpath.sh
[5.014s] -- Installing: /home/yesid/Robotica_proyecto/install/interface_t1/share/interface_t1/environment/pythonpath.dsv
[5.016s] -- Installing: /home/yesid/Robotica_proyecto/install/interface_t1/local/lib/python3.10/dist-packages/interface_t1-0.0.0-py3.10.egg-info
[5.018s] -- Installing: /home/yesid/Robotica_proyecto/install/interface_t1/local/lib/python3.10/dist-packages/interface_t1-0.0.0-py3.10.egg-info/SOURCES.txt
[5.018s] -- Installing: /home/yesid/Robotica_proyecto/install/interface_t1/local/lib/python3.10/dist-packages/interface_t1-0.0.0-py3.10.egg-info/dependency_links.txt
[5.018s] -- Installing: /home/yesid/Robotica_proyecto/install/interface_t1/local/lib/python3.10/dist-packages/interface_t1-0.0.0-py3.10.egg-info/top_level.txt
[5.019s] -- Installing: /home/yesid/Robotica_proyecto/install/interface_t1/local/lib/python3.10/dist-packages/interface_t1-0.0.0-py3.10.egg-info/PKG-INFO
[5.019s] -- Installing: /home/yesid/Robotica_proyecto/install/interface_t1/local/lib/python3.10/dist-packages/interface_t1
[5.020s] -- Installing: /home/yesid/Robotica_proyecto/install/interface_t1/local/lib/python3.10/dist-packages/interface_t1/interface_t1_s__rosidl_typesupport_c.cpython-310-x86_64-linux-gnu.so
[5.021s] -- Installing: /home/yesid/Robotica_proyecto/install/interface_t1/local/lib/python3.10/dist-packages/interface_t1/__init__.py
[5.021s] -- Installing: /home/yesid/Robotica_proyecto/install/interface_t1/local/lib/python3.10/dist-packages/interface_t1/srv
[5.021s] -- Installing: /home/yesid/Robotica_proyecto/install/interface_t1/local/lib/python3.10/dist-packages/interface_t1/srv/__init__.py
[5.021s] -- Installing: /home/yesid/Robotica_proyecto/install/interface_t1/local/lib/python3.10/dist-packages/interface_t1/srv/_mi_servicio.py
[5.021s] -- Installing: /home/yesid/Robotica_proyecto/install/interface_t1/local/lib/python3.10/dist-packages/interface_t1/srv/_mi_servicio_s.c
[5.023s] -- Installing: /home/yesid/Robotica_proyecto/install/interface_t1/local/lib/python3.10/dist-packages/interface_t1/interface_t1_s__rosidl_typesupport_fastrtps_c.cpython-310-x86_64-linux-gnu.so
[5.023s] -- Installing: /home/yesid/Robotica_proyecto/install/interface_t1/local/lib/python3.10/dist-packages/interface_t1/_interface_t1_s.ep.rosidl_typesupport_fastrtps_c.c
[5.023s] -- Installing: /home/yesid/Robotica_proyecto/install/interface_t1/local/lib/python3.10/dist-packages/interface_t1/_interface_t1_s.ep.rosidl_typesupport_c.c
[5.023s] -- Installing: /home/yesid/Robotica_proyecto/install/interface_t1/local/lib/python3.10/dist-packages/interface_t1/_interface_t1_s.ep.rosidl_typesupport_introspection_c.c
[5.023s] -- Installing: /home/yesid/Robotica_proyecto/install/interface_t1/local/lib/python3.10/dist-packages/interface_t1/interface_t1_s__rosidl_typesupport_introspection_c.cpython-310-x86_64-linux-gnu.so
[5.023s] -- Installing: /home/yesid/Robotica_proyecto/install/interface_t1/local/lib/python3.10/dist-packages/interface_t1/libinterface_t1__rosidl_generator_py.so
[5.056s] Listing '/home/yesid/Robotica_proyecto/install/interface_t1/local/lib/python3.10/dist-packages/interface_t1'...
[5.056s] Compiling '/home/yesid/Robotica_proyecto/install/interface_t1/local/lib/python3.10/dist-packages/interface_t1/__init__.py'...
[5.056s] Listing '/home/yesid/Robotica_proyecto/install/interface_t1/local/lib/python3.10/dist-packages/interface_t1/srv'...
[5.056s] Compiling '/home/yesid/Robotica_proyecto/install/interface_t1/local/lib/python3.10/dist-packages/interface_t1/srv/__init__.py'...
[5.056s] Compiling '/home/yesid/Robotica_proyecto/install/interface_t1/local/lib/python3.10/dist-packages/interface_t1/srv/_mi_servicio.py'...
[5.061s] -- Installing: /home/yesid/Robotica_proyecto/install/interface_t1/local/lib/python3.10/dist-packages/interface_t1/interface_t1_s__rosidl_typesupport_fastrtps_c.cpython-310-x86_64-linux-gnu.so
[5.061s] -- Set runtime path of "/home/yesid/Robotica_proyecto/install/interface_t1/local/lib/python3.10/dist-packages/interface_t1/interface_t1_s__rosidl_typesupport_fastrtps_c.cpython-310-x86_64-linux-gnu.so" to ""
[5.062s] -- Installing: /home/yesid/Robotica_proyecto/install/interface_t1/local/lib/python3.10/dist-packages/interface_t1/interface_t1_s__rosidl_typesupport_introspection_c.cpython-310-x86_64-linux-gnu.so
[5.062s] -- Set runtime path of "/home/yesid/Robotica_proyecto/install/interface_t1/local/lib/python3.10/dist-packages/interface_t1/interface_t1_s__rosidl_typesupport_introspection_c.cpython-310-x86_64-linux-gnu.so" to ""
[5.062s] -- Installing: /home/yesid/Robotica_proyecto/install/interface_t1/local/lib/python3.10/dist-packages/interface_t1/interface_t1_s__rosidl_typesupport_c.cpython-310-x86_64-linux-gnu.so
[5.062s] -- Set runtime path of "/home/yesid/Robotica_proyecto/install/interface_t1/local/lib/python3.10/dist-packages/interface_t1/interface_t1_s__rosidl_typesupport_c.cpython-310-x86_64-linux-gnu.so" to ""
[5.062s] -- Installing: /home/yesid/Robotica_proyecto/install/interface_t1/lib/libinterface_t1__rosidl_generator_py.so
[5.062s] -- Set runtime path of "/home/yesid/Robotica_proyecto/install/interface_t1/lib/libinterface_t1__rosidl_generator_py.so" to ""
[5.062s] -- Installing: /home/yesid/Robotica_proyecto/install/interface_t1/share/interface_t1/srv/MiServicio.idl
[5.062s] -- Installing: /home/yesid/Robotica_proyecto/install/interface_t1/share/interface_t1/srv/MiServicio.srv
[5.063s] -- Installing: /home/yesid/Robotica_proyecto/install/interface_t1/share/interface_t1/srv/MiServicio_Request.msg
[5.063s] -- Installing: /home/yesid/Robotica_proyecto/install/interface_t1/share/interface_t1/srv/MiServicio_Response.msg
[5.063s] -- Installing: /home/yesid/Robotica_proyecto/install/interface_t1/share/ament_index/resource_index/package_run_dependencies/interface_t1
[5.063s] -- Installing: /home/yesid/Robotica_proyecto/install/interface_t1/share/ament_index/resource_index/parent_prefix_path/interface_t1
[5.063s] -- Installing: /home/yesid/Robotica_proyecto/install/interface_t1/share/interface_t1/environment/ament_prefix_path.sh
[5.063s] -- Installing: /home/yesid/Robotica_proyecto/install/interface_t1/share/interface_t1/environment/ament_prefix_path.dsv
[5.063s] -- Installing: /home/yesid/Robotica_proyecto/install/interface_t1/share/interface_t1/environment/path.sh
[5.064s] -- Installing: /home/yesid/Robotica_proyecto/install/interface_t1/share/interface_t1/environment/path.dsv
[5.064s] -- Installing: /home/yesid/Robotica_proyecto/install/interface_t1/share/interface_t1/local_setup.bash
[5.064s] -- Installing: /home/yesid/Robotica_proyecto/install/interface_t1/share/interface_t1/local_setup.sh
[5.064s] -- Installing: /home/yesid/Robotica_proyecto/install/interface_t1/share/interface_t1/local_setup.zsh
[5.064s] -- Installing: /home/yesid/Robotica_proyecto/install/interface_t1/share/interface_t1/local_setup.dsv
[5.064s] -- Installing: /home/yesid/Robotica_proyecto/install/interface_t1/share/interface_t1/package.dsv
[5.064s] -- Installing: /home/yesid/Robotica_proyecto/install/interface_t1/share/ament_index/resource_index/packages/interface_t1
[5.064s] -- Installing: /home/yesid/Robotica_proyecto/install/interface_t1/share/interface_t1/cmake/export_interface_t1__rosidl_generator_cExport.cmake
[5.064s] -- Installing: /home/yesid/Robotica_proyecto/install/interface_t1/share/interface_t1/cmake/export_interface_t1__rosidl_generator_cExport-noconfig.cmake
[5.065s] -- Installing: /home/yesid/Robotica_proyecto/install/interface_t1/share/interface_t1/cmake/export_interface_t1__rosidl_typesupport_fastrtps_cExport.cmake
[5.065s] -- Installing: /home/yesid/Robotica_proyecto/install/interface_t1/share/interface_t1/cmake/export_interface_t1__rosidl_typesupport_fastrtps_cExport-noconfig.cmake
[5.065s] -- Installing: /home/yesid/Robotica_proyecto/install/interface_t1/share/interface_t1/cmake/export_interface_t1__rosidl_generator_cppExport.cmake
[5.065s] -- Installing: /home/yesid/Robotica_proyecto/install/interface_t1/share/interface_t1/cmake/export_interface_t1__rosidl_typesupport_fastrtps_cppExport.cmake
[5.065s] -- Installing: /home/yesid/Robotica_proyecto/install/interface_t1/share/interface_t1/cmake/export_interface_t1__rosidl_typesupport_fastrtps_cppExport-noconfig.cmake
[5.065s] -- Installing: /home/yesid/Robotica_proyecto/install/interface_t1/share/interface_t1/cmake/interface_t1__rosidl_typesupport_introspection_cExport.cmake
[5.065s] -- Installing: /home/yesid/Robotica_proyecto/install/interface_t1/share/interface_t1/cmake/interface_t1__rosidl_typesupport_introspection_cExport-noconfig.cmake
[5.065s] -- Installing: /home/yesid/Robotica_proyecto/install/interface_t1/share/interface_t1/cmake/interface_t1__rosidl_typesupport_cExport.cmake
[5.065s] -- Installing: /home/yesid/Robotica_proyecto/install/interface_t1/share/interface_t1/cmake/interface_t1__rosidl_typesupport_cExport-noconfig.cmake
[5.066s] -- Installing: /home/yesid/Robotica_proyecto/install/interface_t1/share/interface_t1/cmake/interface_t1__rosidl_typesupport_introspection_cppExport.cmake
[5.066s] -- Installing: /home/yesid/Robotica_proyecto/install/interface_t1/share/interface_t1/cmake/interface_t1__rosidl_typesupport_introspection_cppExport-noconfig.cmake
[5.066s] -- Installing: /home/yesid/Robotica_proyecto/install/interface_t1/share/interface_t1/cmake/interface_t1__rosidl_typesupport_cppExport.cmake
[5.066s] -- Installing: /home/yesid/Robotica_proyecto/install/interface_t1/share/interface_t1/cmake/interface_t1__rosidl_typesupport_cppExport-noconfig.cmake
[5.066s] -- Installing: /home/yesid/Robotica_proyecto/install/interface_t1/share/interface_t1/cmake/export_interface_t1__rosidl_generator_pyExport.cmake
[5.066s] -- Installing: /home/yesid/Robotica_proyecto/install/interface_t1/share/interface_t1/cmake/export_interface_t1__rosidl_generator_pyExport-noconfig.cmake
[5.066s] -- Installing: /home/yesid/Robotica_proyecto/install/interface_t1/share/interface_t1/cmake/rosidl_cmake-extras.cmake
[5.066s] -- Installing: /home/yesid/Robotica_proyecto/install/interface_t1/share/interface_t1/cmake/ament_cmake_export_dependencies-extras.cmake
[5.066s] -- Installing: /home/yesid/Robotica_proyecto/install/interface_t1/share/interface_t1/cmake/ament_cmake_export_include_directories-extras.cmake
[5.066s] -- Installing: /home/yesid/Robotica_proyecto/install/interface_t1/share/interface_t1/cmake/ament_cmake_export_libraries-extras.cmake
[5.067s] -- Installing: /home/yesid/Robotica_proyecto/install/interface_t1/share/interface_t1/cmake/ament_cmake_export_targets-extras.cmake
[5.067s] -- Installing: /home/yesid/Robotica_proyecto/install/interface_t1/share/interface_t1/cmake/rosidl_cmake_export_typesupport_targets-extras.cmake
[5.067s] -- Installing: /home/yesid/Robotica_proyecto/install/interface_t1/share/interface_t1/cmake/rosidl_cmake_export_typesupport_libraries-extras.cmake
[5.067s] -- Installing: /home/yesid/Robotica_proyecto/install/interface_t1/share/interface_t1/cmake/interface_t1Config.cmake
[5.067s] -- Installing: /home/yesid/Robotica_proyecto/install/interface_t1/share/interface_t1/cmake/interface_t1Config-version.cmake
[5.067s] -- Installing: /home/yesid/Robotica_proyecto/install/interface_t1/share/interface_t1/package.xml
[5.069s] Invoked command in '/home/yesid/Robotica_proyecto/build/interface_t1' returned '0': CMAKE_PREFIX_PATH=${CMAKE_PREFIX_PATH}:/home/yesid/Robotica_proyecto/install/taller1:/home/yesid/Robotica_proyecto/install/my_taller1:/opt/ros/humble /usr/bin/cmake --install /home/yesid/Robotica_proyecto/build/interface_t1
