[0.901s] Invoking command in '/home/yesid/Robotica_proyecto/src/my_taller1': PYTHONPATH=/home/yesid/Robotica_proyecto/build/my_taller1/prefix_override:/home/yesid/Robotica_proyecto/install/my_taller1/lib/python3.10/site-packages:${PYTHONPATH} /usr/bin/python3 setup.py egg_info --egg-base ../../build/my_taller1 build --build-base /home/yesid/Robotica_proyecto/build/my_taller1/build install --record /home/yesid/Robotica_proyecto/build/my_taller1/install.log --single-version-externally-managed
[1.142s] running egg_info
[1.143s] writing ../../build/my_taller1/my_taller1.egg-info/PKG-INFO
[1.143s] writing dependency_links to ../../build/my_taller1/my_taller1.egg-info/dependency_links.txt
[1.143s] writing entry points to ../../build/my_taller1/my_taller1.egg-info/entry_points.txt
[1.143s] writing requirements to ../../build/my_taller1/my_taller1.egg-info/requires.txt
[1.143s] writing top-level names to ../../build/my_taller1/my_taller1.egg-info/top_level.txt
[1.145s] reading manifest file '../../build/my_taller1/my_taller1.egg-info/SOURCES.txt'
[1.146s] writing manifest file '../../build/my_taller1/my_taller1.egg-info/SOURCES.txt'
[1.146s] running build
[1.146s] running build_py
[1.147s] copying my_taller1/laser_information.py -> /home/yesid/Robotica_proyecto/build/my_taller1/build/lib/my_taller1
[1.147s] running install
[1.147s] /usr/lib/python3/dist-packages/setuptools/command/install.py:34: SetuptoolsDeprecationWarning: setup.py install is deprecated. Use build and pip and other standards-based tools.
[1.147s]   warnings.warn(
[1.147s] running install_lib
[1.148s] copying /home/yesid/Robotica_proyecto/build/my_taller1/build/lib/my_taller1/laser_information.py -> /home/yesid/Robotica_proyecto/install/my_taller1/lib/python3.10/site-packages/my_taller1
[1.149s] byte-compiling /home/yesid/Robotica_proyecto/install/my_taller1/lib/python3.10/site-packages/my_taller1/laser_information.py to laser_information.cpython-310.pyc
[1.150s] running install_data
[1.150s] running install_egg_info
[1.153s] removing '/home/yesid/Robotica_proyecto/install/my_taller1/lib/python3.10/site-packages/my_taller1-0.0.0-py3.10.egg-info' (and everything under it)
[1.153s] Copying ../../build/my_taller1/my_taller1.egg-info to /home/yesid/Robotica_proyecto/install/my_taller1/lib/python3.10/site-packages/my_taller1-0.0.0-py3.10.egg-info
[1.154s] running install_scripts
[1.173s] Installing client_p1 script to /home/yesid/Robotica_proyecto/install/my_taller1/lib/my_taller1
[1.173s] Installing laser_info script to /home/yesid/Robotica_proyecto/install/my_taller1/lib/my_taller1
[1.173s] Installing laser_visualization script to /home/yesid/Robotica_proyecto/install/my_taller1/lib/my_taller1
[1.173s] Installing nodo1 script to /home/yesid/Robotica_proyecto/install/my_taller1/lib/my_taller1
[1.173s] Installing serviciot_p1 script to /home/yesid/Robotica_proyecto/install/my_taller1/lib/my_taller1
[1.173s] Installing turtle_bot_teleop script to /home/yesid/Robotica_proyecto/install/my_taller1/lib/my_taller1
[1.174s] writing list of installed files to '/home/yesid/Robotica_proyecto/build/my_taller1/install.log'
[1.202s] Invoked command in '/home/yesid/Robotica_proyecto/src/my_taller1' returned '0': PYTHONPATH=/home/yesid/Robotica_proyecto/build/my_taller1/prefix_override:/home/yesid/Robotica_proyecto/install/my_taller1/lib/python3.10/site-packages:${PYTHONPATH} /usr/bin/python3 setup.py egg_info --egg-base ../../build/my_taller1 build --build-base /home/yesid/Robotica_proyecto/build/my_taller1/build install --record /home/yesid/Robotica_proyecto/build/my_taller1/install.log --single-version-externally-managed
