[0.293s] DEBUG:colcon:Command line arguments: ['/usr/bin/colcon', 'build']
[0.293s] DEBUG:colcon:Parsed command line arguments: Namespace(log_base=None, log_level=None, verb_name='build', build_base='build', install_base='install', merge_install=False, symlink_install=False, test_result_base=None, continue_on_error=False, executor='parallel', parallel_workers=8, event_handlers=None, ignore_user_meta=False, metas=['./colcon.meta'], base_paths=['.'], packages_ignore=None, packages_ignore_regex=None, paths=None, packages_up_to=None, packages_up_to_regex=None, packages_above=None, packages_above_and_dependencies=None, packages_above_depth=None, packages_select_by_dep=None, packages_skip_by_dep=None, packages_skip_up_to=None, packages_select_build_failed=False, packages_skip_build_finished=False, packages_select_test_failures=False, packages_skip_test_passed=False, packages_select=None, packages_skip=None, packages_select_regex=None, packages_skip_regex=None, packages_start=None, packages_end=None, allow_overriding=[], cmake_args=None, cmake_target=None, cmake_target_skip_unavailable=False, cmake_clean_cache=False, cmake_clean_first=False, cmake_force_configure=False, ament_cmake_args=None, catkin_cmake_args=None, catkin_skip_building_tests=False, verb_parser=<colcon_defaults.argument_parser.defaults.DefaultArgumentsDecorator object at 0x7f8edebd7880>, verb_extension=<colcon_core.verb.build.BuildVerb object at 0x7f8edf3710f0>, main=<bound method BuildVerb.main of <colcon_core.verb.build.BuildVerb object at 0x7f8edf3710f0>>)
[0.314s] Level 1:colcon.colcon_core.package_discovery:discover_packages(colcon_meta) check parameters
[0.314s] Level 1:colcon.colcon_core.package_discovery:discover_packages(recursive) check parameters
[0.314s] Level 1:colcon.colcon_core.package_discovery:discover_packages(ignore) check parameters
[0.314s] Level 1:colcon.colcon_core.package_discovery:discover_packages(path) check parameters
[0.314s] Level 1:colcon.colcon_core.package_discovery:discover_packages(colcon_meta) discover
[0.314s] Level 1:colcon.colcon_core.package_discovery:discover_packages(recursive) discover
[0.314s] INFO:colcon.colcon_core.package_discovery:Crawling recursively for packages in '/home/yesid/Robotica_proyecto'
[0.315s] Level 1:colcon.colcon_core.package_identification:_identify(.) by extensions ['ignore', 'ignore_ament_install']
[0.315s] Level 1:colcon.colcon_core.package_identification:_identify(.) by extension 'ignore'
[0.315s] Level 1:colcon.colcon_core.package_identification:_identify(.) by extension 'ignore_ament_install'
[0.315s] Level 1:colcon.colcon_core.package_identification:_identify(.) by extensions ['colcon_pkg']
[0.315s] Level 1:colcon.colcon_core.package_identification:_identify(.) by extension 'colcon_pkg'
[0.315s] Level 1:colcon.colcon_core.package_identification:_identify(.) by extensions ['colcon_meta']
[0.315s] Level 1:colcon.colcon_core.package_identification:_identify(.) by extension 'colcon_meta'
[0.315s] Level 1:colcon.colcon_core.package_identification:_identify(.) by extensions ['ros']
[0.315s] Level 1:colcon.colcon_core.package_identification:_identify(.) by extension 'ros'
[0.324s] Level 1:colcon.colcon_core.package_identification:_identify(.) by extensions ['cmake', 'python']
[0.324s] Level 1:colcon.colcon_core.package_identification:_identify(.) by extension 'cmake'
[0.324s] Level 1:colcon.colcon_core.package_identification:_identify(.) by extension 'python'
[0.324s] Level 1:colcon.colcon_core.package_identification:_identify(.) by extensions ['python_setup_py']
[0.324s] Level 1:colcon.colcon_core.package_identification:_identify(.) by extension 'python_setup_py'
[0.324s] Level 1:colcon.colcon_core.package_identification:_identify(build) by extensions ['ignore', 'ignore_ament_install']
[0.324s] Level 1:colcon.colcon_core.package_identification:_identify(build) by extension 'ignore'
[0.324s] Level 1:colcon.colcon_core.package_identification:_identify(build) ignored
[0.325s] Level 1:colcon.colcon_core.package_identification:_identify(install) by extensions ['ignore', 'ignore_ament_install']
[0.325s] Level 1:colcon.colcon_core.package_identification:_identify(install) by extension 'ignore'
[0.325s] Level 1:colcon.colcon_core.package_identification:_identify(install) ignored
[0.325s] Level 1:colcon.colcon_core.package_identification:_identify(log) by extensions ['ignore', 'ignore_ament_install']
[0.325s] Level 1:colcon.colcon_core.package_identification:_identify(log) by extension 'ignore'
[0.325s] Level 1:colcon.colcon_core.package_identification:_identify(log) ignored
[0.325s] Level 1:colcon.colcon_core.package_identification:_identify(src) by extensions ['ignore', 'ignore_ament_install']
[0.325s] Level 1:colcon.colcon_core.package_identification:_identify(src) by extension 'ignore'
[0.325s] Level 1:colcon.colcon_core.package_identification:_identify(src) by extension 'ignore_ament_install'
[0.325s] Level 1:colcon.colcon_core.package_identification:_identify(src) by extensions ['colcon_pkg']
[0.325s] Level 1:colcon.colcon_core.package_identification:_identify(src) by extension 'colcon_pkg'
[0.325s] Level 1:colcon.colcon_core.package_identification:_identify(src) by extensions ['colcon_meta']
[0.325s] Level 1:colcon.colcon_core.package_identification:_identify(src) by extension 'colcon_meta'
[0.325s] Level 1:colcon.colcon_core.package_identification:_identify(src) by extensions ['ros']
[0.325s] Level 1:colcon.colcon_core.package_identification:_identify(src) by extension 'ros'
[0.325s] Level 1:colcon.colcon_core.package_identification:_identify(src) by extensions ['cmake', 'python']
[0.325s] Level 1:colcon.colcon_core.package_identification:_identify(src) by extension 'cmake'
[0.325s] Level 1:colcon.colcon_core.package_identification:_identify(src) by extension 'python'
[0.325s] Level 1:colcon.colcon_core.package_identification:_identify(src) by extensions ['python_setup_py']
[0.325s] Level 1:colcon.colcon_core.package_identification:_identify(src) by extension 'python_setup_py'
[0.326s] Level 1:colcon.colcon_core.package_identification:_identify(src/interface_t1) by extensions ['ignore', 'ignore_ament_install']
[0.326s] Level 1:colcon.colcon_core.package_identification:_identify(src/interface_t1) by extension 'ignore'
[0.326s] Level 1:colcon.colcon_core.package_identification:_identify(src/interface_t1) by extension 'ignore_ament_install'
[0.326s] Level 1:colcon.colcon_core.package_identification:_identify(src/interface_t1) by extensions ['colcon_pkg']
[0.326s] Level 1:colcon.colcon_core.package_identification:_identify(src/interface_t1) by extension 'colcon_pkg'
[0.326s] Level 1:colcon.colcon_core.package_identification:_identify(src/interface_t1) by extensions ['colcon_meta']
[0.326s] Level 1:colcon.colcon_core.package_identification:_identify(src/interface_t1) by extension 'colcon_meta'
[0.326s] Level 1:colcon.colcon_core.package_identification:_identify(src/interface_t1) by extensions ['ros']
[0.326s] Level 1:colcon.colcon_core.package_identification:_identify(src/interface_t1) by extension 'ros'
[0.328s] DEBUG:colcon.colcon_core.package_identification:Package 'src/interface_t1' with type 'ros.ament_cmake' and name 'interface_t1'
[0.328s] Level 1:colcon.colcon_core.package_identification:_identify(src/my_taller1) by extensions ['ignore', 'ignore_ament_install']
[0.328s] Level 1:colcon.colcon_core.package_identification:_identify(src/my_taller1) by extension 'ignore'
[0.328s] Level 1:colcon.colcon_core.package_identification:_identify(src/my_taller1) by extension 'ignore_ament_install'
[0.328s] Level 1:colcon.colcon_core.package_identification:_identify(src/my_taller1) by extensions ['colcon_pkg']
[0.328s] Level 1:colcon.colcon_core.package_identification:_identify(src/my_taller1) by extension 'colcon_pkg'
[0.328s] Level 1:colcon.colcon_core.package_identification:_identify(src/my_taller1) by extensions ['colcon_meta']
[0.328s] Level 1:colcon.colcon_core.package_identification:_identify(src/my_taller1) by extension 'colcon_meta'
[0.328s] Level 1:colcon.colcon_core.package_identification:_identify(src/my_taller1) by extensions ['ros']
[0.328s] Level 1:colcon.colcon_core.package_identification:_identify(src/my_taller1) by extension 'ros'
[0.329s] DEBUG:colcon.colcon_core.package_identification:Package 'src/my_taller1' with type 'ros.ament_python' and name 'my_taller1'
[0.329s] Level 1:colcon.colcon_core.package_discovery:discover_packages(recursive) using defaults
[0.329s] Level 1:colcon.colcon_core.package_discovery:discover_packages(ignore) discover
[0.329s] Level 1:colcon.colcon_core.package_discovery:discover_packages(ignore) using defaults
[0.329s] Level 1:colcon.colcon_core.package_discovery:discover_packages(path) discover
[0.329s] Level 1:colcon.colcon_core.package_discovery:discover_packages(path) using defaults
[0.349s] Level 1:colcon.colcon_core.package_discovery:discover_packages(prefix_path) check parameters
[0.349s] Level 1:colcon.colcon_core.package_discovery:discover_packages(prefix_path) discover
[0.350s] WARNING:colcon.colcon_ros.prefix_path.ament:The path '/home/yesid/Robotica_proyecto/install/taller1' in the environment variable AMENT_PREFIX_PATH doesn't exist
[0.350s] WARNING:colcon.colcon_ros.prefix_path.ament:The path '/home/yesid/Robotica_proyecto/install/my_taller1' in the environment variable AMENT_PREFIX_PATH doesn't exist
[0.350s] WARNING:colcon.colcon_ros.prefix_path.ament:The path '/home/yesid/Robotica_proyecto/install/interface_t1' in the environment variable AMENT_PREFIX_PATH doesn't exist
[0.350s] WARNING:colcon.colcon_ros.prefix_path.catkin:The path '/home/yesid/Robotica_proyecto/install/interface_t1' in the environment variable CMAKE_PREFIX_PATH doesn't exist
[0.351s] DEBUG:colcon.colcon_installed_package_information.package_discovery:Found 0 installed packages in /home/yesid/Robotica_proyecto/install
[0.353s] DEBUG:colcon.colcon_installed_package_information.package_discovery:Found 284 installed packages in /opt/ros/humble
[0.354s] Level 1:colcon.colcon_core.package_discovery:discover_packages(prefix_path) using defaults
[0.412s] Level 5:colcon.colcon_core.verb:set package 'interface_t1' build argument 'cmake_args' from command line to 'None'
[0.412s] Level 5:colcon.colcon_core.verb:set package 'interface_t1' build argument 'cmake_target' from command line to 'None'
[0.412s] Level 5:colcon.colcon_core.verb:set package 'interface_t1' build argument 'cmake_target_skip_unavailable' from command line to 'False'
[0.412s] Level 5:colcon.colcon_core.verb:set package 'interface_t1' build argument 'cmake_clean_cache' from command line to 'False'
[0.412s] Level 5:colcon.colcon_core.verb:set package 'interface_t1' build argument 'cmake_clean_first' from command line to 'False'
[0.412s] Level 5:colcon.colcon_core.verb:set package 'interface_t1' build argument 'cmake_force_configure' from command line to 'False'
[0.412s] Level 5:colcon.colcon_core.verb:set package 'interface_t1' build argument 'ament_cmake_args' from command line to 'None'
[0.412s] Level 5:colcon.colcon_core.verb:set package 'interface_t1' build argument 'catkin_cmake_args' from command line to 'None'
[0.412s] Level 5:colcon.colcon_core.verb:set package 'interface_t1' build argument 'catkin_skip_building_tests' from command line to 'False'
[0.412s] DEBUG:colcon.colcon_core.verb:Building package 'interface_t1' with the following arguments: {'ament_cmake_args': None, 'build_base': '/home/yesid/Robotica_proyecto/build/interface_t1', 'catkin_cmake_args': None, 'catkin_skip_building_tests': False, 'cmake_args': None, 'cmake_clean_cache': False, 'cmake_clean_first': False, 'cmake_force_configure': False, 'cmake_target': None, 'cmake_target_skip_unavailable': False, 'install_base': '/home/yesid/Robotica_proyecto/install/interface_t1', 'merge_install': False, 'path': '/home/yesid/Robotica_proyecto/src/interface_t1', 'symlink_install': False, 'test_result_base': None}
[0.413s] Level 5:colcon.colcon_core.verb:set package 'my_taller1' build argument 'cmake_args' from command line to 'None'
[0.413s] Level 5:colcon.colcon_core.verb:set package 'my_taller1' build argument 'cmake_target' from command line to 'None'
[0.413s] Level 5:colcon.colcon_core.verb:set package 'my_taller1' build argument 'cmake_target_skip_unavailable' from command line to 'False'
[0.413s] Level 5:colcon.colcon_core.verb:set package 'my_taller1' build argument 'cmake_clean_cache' from command line to 'False'
[0.413s] Level 5:colcon.colcon_core.verb:set package 'my_taller1' build argument 'cmake_clean_first' from command line to 'False'
[0.413s] Level 5:colcon.colcon_core.verb:set package 'my_taller1' build argument 'cmake_force_configure' from command line to 'False'
[0.413s] Level 5:colcon.colcon_core.verb:set package 'my_taller1' build argument 'ament_cmake_args' from command line to 'None'
[0.413s] Level 5:colcon.colcon_core.verb:set package 'my_taller1' build argument 'catkin_cmake_args' from command line to 'None'
[0.413s] Level 5:colcon.colcon_core.verb:set package 'my_taller1' build argument 'catkin_skip_building_tests' from command line to 'False'
[0.413s] DEBUG:colcon.colcon_core.verb:Building package 'my_taller1' with the following arguments: {'ament_cmake_args': None, 'build_base': '/home/yesid/Robotica_proyecto/build/my_taller1', 'catkin_cmake_args': None, 'catkin_skip_building_tests': False, 'cmake_args': None, 'cmake_clean_cache': False, 'cmake_clean_first': False, 'cmake_force_configure': False, 'cmake_target': None, 'cmake_target_skip_unavailable': False, 'install_base': '/home/yesid/Robotica_proyecto/install/my_taller1', 'merge_install': False, 'path': '/home/yesid/Robotica_proyecto/src/my_taller1', 'symlink_install': False, 'test_result_base': None}
[0.414s] INFO:colcon.colcon_core.executor:Executing jobs using 'parallel' executor
[0.417s] DEBUG:colcon.colcon_parallel_executor.executor.parallel:run_until_complete
[0.417s] INFO:colcon.colcon_ros.task.ament_cmake.build:Building ROS package in '/home/yesid/Robotica_proyecto/src/interface_t1' with build type 'ament_cmake'
[0.417s] INFO:colcon.colcon_cmake.task.cmake.build:Building CMake package in '/home/yesid/Robotica_proyecto/src/interface_t1'
[0.420s] INFO:colcon.colcon_core.plugin_system:Skipping extension 'colcon_core.shell.bat': Not used on non-Windows systems
[0.421s] INFO:colcon.colcon_core.shell:Skip shell extension 'powershell' for command environment: Not usable outside of PowerShell
[0.421s] DEBUG:colcon.colcon_core.shell:Skip shell extension 'dsv' for command environment
[0.429s] DEBUG:colcon.colcon_core.event_handler.log_command:Invoking command in '/home/yesid/Robotica_proyecto/build/interface_t1': CMAKE_PREFIX_PATH=${CMAKE_PREFIX_PATH}:/home/yesid/Robotica_proyecto/install/taller1:/home/yesid/Robotica_proyecto/install/my_taller1:/opt/ros/humble /usr/bin/cmake /home/yesid/Robotica_proyecto/src/interface_t1 -DCMAKE_INSTALL_PREFIX=/home/yesid/Robotica_proyecto/install/interface_t1
[2.992s] DEBUG:colcon.colcon_core.event_handler.log_command:Invoked command in '/home/yesid/Robotica_proyecto/build/interface_t1' returned '0': CMAKE_PREFIX_PATH=${CMAKE_PREFIX_PATH}:/home/yesid/Robotica_proyecto/install/taller1:/home/yesid/Robotica_proyecto/install/my_taller1:/opt/ros/humble /usr/bin/cmake /home/yesid/Robotica_proyecto/src/interface_t1 -DCMAKE_INSTALL_PREFIX=/home/yesid/Robotica_proyecto/install/interface_t1
[2.992s] DEBUG:colcon.colcon_core.event_handler.log_command:Invoking command in '/home/yesid/Robotica_proyecto/build/interface_t1': CMAKE_PREFIX_PATH=${CMAKE_PREFIX_PATH}:/home/yesid/Robotica_proyecto/install/taller1:/home/yesid/Robotica_proyecto/install/my_taller1:/opt/ros/humble /usr/bin/cmake --build /home/yesid/Robotica_proyecto/build/interface_t1 -- -j8 -l8
[5.371s] DEBUG:colcon.colcon_core.event_handler.log_command:Invoked command in '/home/yesid/Robotica_proyecto/build/interface_t1' returned '0': CMAKE_PREFIX_PATH=${CMAKE_PREFIX_PATH}:/home/yesid/Robotica_proyecto/install/taller1:/home/yesid/Robotica_proyecto/install/my_taller1:/opt/ros/humble /usr/bin/cmake --build /home/yesid/Robotica_proyecto/build/interface_t1 -- -j8 -l8
[5.418s] DEBUG:colcon.colcon_core.event_handler.log_command:Invoking command in '/home/yesid/Robotica_proyecto/build/interface_t1': CMAKE_PREFIX_PATH=${CMAKE_PREFIX_PATH}:/home/yesid/Robotica_proyecto/install/taller1:/home/yesid/Robotica_proyecto/install/my_taller1:/opt/ros/humble /usr/bin/cmake --install /home/yesid/Robotica_proyecto/build/interface_t1
[5.486s] Level 1:colcon.colcon_core.environment:create_environment_scripts_only(interface_t1)
[5.487s] DEBUG:colcon.colcon_core.event_handler.log_command:Invoked command in '/home/yesid/Robotica_proyecto/build/interface_t1' returned '0': CMAKE_PREFIX_PATH=${CMAKE_PREFIX_PATH}:/home/yesid/Robotica_proyecto/install/taller1:/home/yesid/Robotica_proyecto/install/my_taller1:/opt/ros/humble /usr/bin/cmake --install /home/yesid/Robotica_proyecto/build/interface_t1
[5.491s] Level 1:colcon.colcon_core.environment:checking '/home/yesid/Robotica_proyecto/install/interface_t1' for CMake module files
[5.491s] Level 1:colcon.colcon_core.environment:checking '/home/yesid/Robotica_proyecto/install/interface_t1' for CMake config files
[5.492s] Level 1:colcon.colcon_core.shell:create_environment_hook('interface_t1', 'cmake_prefix_path')
[5.493s] INFO:colcon.colcon_core.shell:Creating environment hook '/home/yesid/Robotica_proyecto/install/interface_t1/share/interface_t1/hook/cmake_prefix_path.ps1'
[5.493s] INFO:colcon.colcon_core.shell:Creating environment descriptor '/home/yesid/Robotica_proyecto/install/interface_t1/share/interface_t1/hook/cmake_prefix_path.dsv'
[5.494s] INFO:colcon.colcon_core.shell:Creating environment hook '/home/yesid/Robotica_proyecto/install/interface_t1/share/interface_t1/hook/cmake_prefix_path.sh'
[5.494s] Level 1:colcon.colcon_core.environment:checking '/home/yesid/Robotica_proyecto/install/interface_t1/lib'
[5.494s] Level 1:colcon.colcon_core.shell:create_environment_hook('interface_t1', 'ld_library_path_lib')
[5.496s] INFO:colcon.colcon_core.shell:Creating environment hook '/home/yesid/Robotica_proyecto/install/interface_t1/share/interface_t1/hook/ld_library_path_lib.ps1'
[5.496s] INFO:colcon.colcon_core.shell:Creating environment descriptor '/home/yesid/Robotica_proyecto/install/interface_t1/share/interface_t1/hook/ld_library_path_lib.dsv'
[5.496s] INFO:colcon.colcon_core.shell:Creating environment hook '/home/yesid/Robotica_proyecto/install/interface_t1/share/interface_t1/hook/ld_library_path_lib.sh'
[5.496s] Level 1:colcon.colcon_core.environment:checking '/home/yesid/Robotica_proyecto/install/interface_t1/bin'
[5.496s] Level 1:colcon.colcon_core.environment:checking '/home/yesid/Robotica_proyecto/install/interface_t1/lib/pkgconfig/interface_t1.pc'
[5.497s] Level 1:colcon.colcon_core.environment:checking '/home/yesid/Robotica_proyecto/install/interface_t1/lib/python3.10/site-packages'
[5.497s] Level 1:colcon.colcon_core.environment:checking '/home/yesid/Robotica_proyecto/install/interface_t1/bin'
[5.498s] INFO:colcon.colcon_core.shell:Creating package script '/home/yesid/Robotica_proyecto/install/interface_t1/share/interface_t1/package.ps1'
[5.499s] INFO:colcon.colcon_core.shell:Creating package descriptor '/home/yesid/Robotica_proyecto/install/interface_t1/share/interface_t1/package.dsv'
[5.499s] INFO:colcon.colcon_core.shell:Creating package script '/home/yesid/Robotica_proyecto/install/interface_t1/share/interface_t1/package.sh'
[5.500s] INFO:colcon.colcon_core.shell:Creating package script '/home/yesid/Robotica_proyecto/install/interface_t1/share/interface_t1/package.bash'
[5.500s] INFO:colcon.colcon_core.shell:Creating package script '/home/yesid/Robotica_proyecto/install/interface_t1/share/interface_t1/package.zsh'
[5.501s] Level 1:colcon.colcon_core.environment:create_file_with_runtime_dependencies(/home/yesid/Robotica_proyecto/install/interface_t1/share/colcon-core/packages/interface_t1)
[5.542s] Level 1:colcon.colcon_core.environment:create_environment_scripts_only(interface_t1)
[5.544s] Level 1:colcon.colcon_core.environment:checking '/home/yesid/Robotica_proyecto/install/interface_t1' for CMake module files
[5.545s] Level 1:colcon.colcon_core.environment:checking '/home/yesid/Robotica_proyecto/install/interface_t1' for CMake config files
[5.545s] Level 1:colcon.colcon_core.shell:create_environment_hook('interface_t1', 'cmake_prefix_path')
[5.546s] INFO:colcon.colcon_core.shell:Creating environment hook '/home/yesid/Robotica_proyecto/install/interface_t1/share/interface_t1/hook/cmake_prefix_path.ps1'
[5.546s] INFO:colcon.colcon_core.shell:Creating environment descriptor '/home/yesid/Robotica_proyecto/install/interface_t1/share/interface_t1/hook/cmake_prefix_path.dsv'
[5.546s] INFO:colcon.colcon_core.shell:Creating environment hook '/home/yesid/Robotica_proyecto/install/interface_t1/share/interface_t1/hook/cmake_prefix_path.sh'
[5.547s] Level 1:colcon.colcon_core.environment:checking '/home/yesid/Robotica_proyecto/install/interface_t1/lib'
[5.547s] Level 1:colcon.colcon_core.shell:create_environment_hook('interface_t1', 'ld_library_path_lib')
[5.548s] INFO:colcon.colcon_core.shell:Creating environment hook '/home/yesid/Robotica_proyecto/install/interface_t1/share/interface_t1/hook/ld_library_path_lib.ps1'
[5.548s] INFO:colcon.colcon_core.shell:Creating environment descriptor '/home/yesid/Robotica_proyecto/install/interface_t1/share/interface_t1/hook/ld_library_path_lib.dsv'
[5.548s] INFO:colcon.colcon_core.shell:Creating environment hook '/home/yesid/Robotica_proyecto/install/interface_t1/share/interface_t1/hook/ld_library_path_lib.sh'
[5.549s] Level 1:colcon.colcon_core.environment:checking '/home/yesid/Robotica_proyecto/install/interface_t1/bin'
[5.549s] Level 1:colcon.colcon_core.environment:checking '/home/yesid/Robotica_proyecto/install/interface_t1/lib/pkgconfig/interface_t1.pc'
[5.549s] Level 1:colcon.colcon_core.environment:checking '/home/yesid/Robotica_proyecto/install/interface_t1/lib/python3.10/site-packages'
[5.549s] Level 1:colcon.colcon_core.environment:checking '/home/yesid/Robotica_proyecto/install/interface_t1/bin'
[5.551s] INFO:colcon.colcon_core.shell:Creating package script '/home/yesid/Robotica_proyecto/install/interface_t1/share/interface_t1/package.ps1'
[5.551s] INFO:colcon.colcon_core.shell:Creating package descriptor '/home/yesid/Robotica_proyecto/install/interface_t1/share/interface_t1/package.dsv'
[5.552s] INFO:colcon.colcon_core.shell:Creating package script '/home/yesid/Robotica_proyecto/install/interface_t1/share/interface_t1/package.sh'
[5.552s] INFO:colcon.colcon_core.shell:Creating package script '/home/yesid/Robotica_proyecto/install/interface_t1/share/interface_t1/package.bash'
[5.553s] INFO:colcon.colcon_core.shell:Creating package script '/home/yesid/Robotica_proyecto/install/interface_t1/share/interface_t1/package.zsh'
[5.553s] Level 1:colcon.colcon_core.environment:create_file_with_runtime_dependencies(/home/yesid/Robotica_proyecto/install/interface_t1/share/colcon-core/packages/interface_t1)
[5.553s] INFO:colcon.colcon_ros.task.ament_python.build:Building ROS package in '/home/yesid/Robotica_proyecto/src/my_taller1' with build type 'ament_python'
[5.553s] Level 1:colcon.colcon_core.shell:create_environment_hook('my_taller1', 'ament_prefix_path')
[5.554s] INFO:colcon.colcon_core.shell:Creating environment hook '/home/yesid/Robotica_proyecto/install/my_taller1/share/my_taller1/hook/ament_prefix_path.ps1'
[5.555s] INFO:colcon.colcon_core.shell:Creating environment descriptor '/home/yesid/Robotica_proyecto/install/my_taller1/share/my_taller1/hook/ament_prefix_path.dsv'
[5.555s] INFO:colcon.colcon_core.shell:Creating environment hook '/home/yesid/Robotica_proyecto/install/my_taller1/share/my_taller1/hook/ament_prefix_path.sh'
[5.557s] INFO:colcon.colcon_core.shell:Skip shell extension 'powershell' for command environment: Not usable outside of PowerShell
[5.557s] DEBUG:colcon.colcon_core.shell:Skip shell extension 'dsv' for command environment
[5.813s] INFO:colcon.colcon_core.task.python.build:Building Python package in '/home/yesid/Robotica_proyecto/src/my_taller1'
[5.814s] INFO:colcon.colcon_core.shell:Skip shell extension 'powershell' for command environment: Not usable outside of PowerShell
[5.814s] DEBUG:colcon.colcon_core.shell:Skip shell extension 'dsv' for command environment
[6.257s] DEBUG:colcon.colcon_core.event_handler.log_command:Invoking command in '/home/yesid/Robotica_proyecto/src/my_taller1': PYTHONPATH=/home/yesid/Robotica_proyecto/build/my_taller1/prefix_override:/home/yesid/Robotica_proyecto/install/my_taller1/lib/python3.10/site-packages:${PYTHONPATH} /usr/bin/python3 setup.py egg_info --egg-base ../../build/my_taller1 build --build-base /home/yesid/Robotica_proyecto/build/my_taller1/build install --record /home/yesid/Robotica_proyecto/build/my_taller1/install.log --single-version-externally-managed
[6.529s] Level 1:colcon.colcon_core.environment:checking '/home/yesid/Robotica_proyecto/install/my_taller1' for CMake module files
[6.529s] DEBUG:colcon.colcon_core.event_handler.log_command:Invoked command in '/home/yesid/Robotica_proyecto/src/my_taller1' returned '0': PYTHONPATH=/home/yesid/Robotica_proyecto/build/my_taller1/prefix_override:/home/yesid/Robotica_proyecto/install/my_taller1/lib/python3.10/site-packages:${PYTHONPATH} /usr/bin/python3 setup.py egg_info --egg-base ../../build/my_taller1 build --build-base /home/yesid/Robotica_proyecto/build/my_taller1/build install --record /home/yesid/Robotica_proyecto/build/my_taller1/install.log --single-version-externally-managed
[6.530s] Level 1:colcon.colcon_core.environment:checking '/home/yesid/Robotica_proyecto/install/my_taller1' for CMake config files
[6.530s] Level 1:colcon.colcon_core.environment:checking '/home/yesid/Robotica_proyecto/install/my_taller1/lib'
[6.530s] Level 1:colcon.colcon_core.environment:checking '/home/yesid/Robotica_proyecto/install/my_taller1/bin'
[6.530s] Level 1:colcon.colcon_core.environment:checking '/home/yesid/Robotica_proyecto/install/my_taller1/lib/pkgconfig/my_taller1.pc'
[6.530s] Level 1:colcon.colcon_core.environment:checking '/home/yesid/Robotica_proyecto/install/my_taller1/lib/python3.10/site-packages'
[6.530s] Level 1:colcon.colcon_core.shell:create_environment_hook('my_taller1', 'pythonpath')
[6.532s] INFO:colcon.colcon_core.shell:Creating environment hook '/home/yesid/Robotica_proyecto/install/my_taller1/share/my_taller1/hook/pythonpath.ps1'
[6.532s] INFO:colcon.colcon_core.shell:Creating environment descriptor '/home/yesid/Robotica_proyecto/install/my_taller1/share/my_taller1/hook/pythonpath.dsv'
[6.533s] INFO:colcon.colcon_core.shell:Creating environment hook '/home/yesid/Robotica_proyecto/install/my_taller1/share/my_taller1/hook/pythonpath.sh'
[6.533s] Level 1:colcon.colcon_core.environment:checking '/home/yesid/Robotica_proyecto/install/my_taller1/bin'
[6.533s] Level 1:colcon.colcon_core.environment:create_environment_scripts_only(my_taller1)
[6.535s] INFO:colcon.colcon_core.shell:Creating package script '/home/yesid/Robotica_proyecto/install/my_taller1/share/my_taller1/package.ps1'
[6.535s] INFO:colcon.colcon_core.shell:Creating package descriptor '/home/yesid/Robotica_proyecto/install/my_taller1/share/my_taller1/package.dsv'
[6.536s] INFO:colcon.colcon_core.shell:Creating package script '/home/yesid/Robotica_proyecto/install/my_taller1/share/my_taller1/package.sh'
[6.536s] INFO:colcon.colcon_core.shell:Creating package script '/home/yesid/Robotica_proyecto/install/my_taller1/share/my_taller1/package.bash'
[6.536s] INFO:colcon.colcon_core.shell:Creating package script '/home/yesid/Robotica_proyecto/install/my_taller1/share/my_taller1/package.zsh'
[6.536s] Level 1:colcon.colcon_core.environment:create_file_with_runtime_dependencies(/home/yesid/Robotica_proyecto/install/my_taller1/share/colcon-core/packages/my_taller1)
[6.537s] DEBUG:colcon.colcon_parallel_executor.executor.parallel:closing loop
[6.537s] DEBUG:colcon.colcon_parallel_executor.executor.parallel:loop closed
[6.537s] DEBUG:colcon.colcon_parallel_executor.executor.parallel:run_until_complete finished with '0'
[6.537s] DEBUG:colcon.colcon_core.event_reactor:joining thread
[6.548s] INFO:colcon.colcon_core.plugin_system:Skipping extension 'colcon_notification.desktop_notification.terminal_notifier': Not used on non-Darwin systems
[6.548s] INFO:colcon.colcon_core.plugin_system:Skipping extension 'colcon_notification.desktop_notification.win32': Not used on non-Windows systems
[6.548s] INFO:colcon.colcon_notification.desktop_notification:Sending desktop notification using 'notify2'
[6.558s] DEBUG:colcon.colcon_core.event_reactor:joined thread
[6.560s] INFO:colcon.colcon_core.shell:Creating prefix script '/home/yesid/Robotica_proyecto/install/local_setup.ps1'
[6.560s] INFO:colcon.colcon_core.shell:Creating prefix util module '/home/yesid/Robotica_proyecto/install/_local_setup_util_ps1.py'
[6.562s] INFO:colcon.colcon_core.shell:Creating prefix chain script '/home/yesid/Robotica_proyecto/install/setup.ps1'
[6.563s] INFO:colcon.colcon_core.shell:Creating prefix script '/home/yesid/Robotica_proyecto/install/local_setup.sh'
[6.563s] INFO:colcon.colcon_core.shell:Creating prefix util module '/home/yesid/Robotica_proyecto/install/_local_setup_util_sh.py'
[6.564s] INFO:colcon.colcon_core.shell:Creating prefix chain script '/home/yesid/Robotica_proyecto/install/setup.sh'
[6.565s] INFO:colcon.colcon_core.shell:Creating prefix script '/home/yesid/Robotica_proyecto/install/local_setup.bash'
[6.565s] INFO:colcon.colcon_core.shell:Creating prefix chain script '/home/yesid/Robotica_proyecto/install/setup.bash'
[6.567s] INFO:colcon.colcon_core.shell:Creating prefix script '/home/yesid/Robotica_proyecto/install/local_setup.zsh'
[6.567s] INFO:colcon.colcon_core.shell:Creating prefix chain script '/home/yesid/Robotica_proyecto/install/setup.zsh'
