[0.333s] DEBUG:colcon:Command line arguments: ['/usr/bin/colcon', 'build']
[0.333s] DEBUG:colcon:Parsed command line arguments: Namespace(log_base=None, log_level=None, verb_name='build', build_base='build', install_base='install', merge_install=False, symlink_install=False, test_result_base=None, continue_on_error=False, executor='parallel', parallel_workers=8, event_handlers=None, ignore_user_meta=False, metas=['./colcon.meta'], base_paths=['.'], packages_ignore=None, packages_ignore_regex=None, paths=None, packages_up_to=None, packages_up_to_regex=None, packages_above=None, packages_above_and_dependencies=None, packages_above_depth=None, packages_select_by_dep=None, packages_skip_by_dep=None, packages_skip_up_to=None, packages_select_build_failed=False, packages_skip_build_finished=False, packages_select_test_failures=False, packages_skip_test_passed=False, packages_select=None, packages_skip=None, packages_select_regex=None, packages_skip_regex=None, packages_start=None, packages_end=None, allow_overriding=[], cmake_args=None, cmake_target=None, cmake_target_skip_unavailable=False, cmake_clean_cache=False, cmake_clean_first=False, cmake_force_configure=False, ament_cmake_args=None, catkin_cmake_args=None, catkin_skip_building_tests=False, verb_parser=<colcon_defaults.argument_parser.defaults.DefaultArgumentsDecorator object at 0x7fe5626042b0>, verb_extension=<colcon_core.verb.build.BuildVerb object at 0x7fe56300eaa0>, main=<bound method BuildVerb.main of <colcon_core.verb.build.BuildVerb object at 0x7fe56300eaa0>>)
[0.365s] Level 1:colcon.colcon_core.package_discovery:discover_packages(colcon_meta) check parameters
[0.365s] Level 1:colcon.colcon_core.package_discovery:discover_packages(recursive) check parameters
[0.365s] Level 1:colcon.colcon_core.package_discovery:discover_packages(ignore) check parameters
[0.365s] Level 1:colcon.colcon_core.package_discovery:discover_packages(path) check parameters
[0.365s] Level 1:colcon.colcon_core.package_discovery:discover_packages(colcon_meta) discover
[0.365s] Level 1:colcon.colcon_core.package_discovery:discover_packages(recursive) discover
[0.365s] INFO:colcon.colcon_core.package_discovery:Crawling recursively for packages in '/home/yesid/Robotica/src/interface_t1'
[0.365s] Level 1:colcon.colcon_core.package_identification:_identify(.) by extensions ['ignore', 'ignore_ament_install']
[0.365s] Level 1:colcon.colcon_core.package_identification:_identify(.) by extension 'ignore'
[0.365s] Level 1:colcon.colcon_core.package_identification:_identify(.) by extension 'ignore_ament_install'
[0.365s] Level 1:colcon.colcon_core.package_identification:_identify(.) by extensions ['colcon_pkg']
[0.365s] Level 1:colcon.colcon_core.package_identification:_identify(.) by extension 'colcon_pkg'
[0.365s] Level 1:colcon.colcon_core.package_identification:_identify(.) by extensions ['colcon_meta']
[0.365s] Level 1:colcon.colcon_core.package_identification:_identify(.) by extension 'colcon_meta'
[0.365s] Level 1:colcon.colcon_core.package_identification:_identify(.) by extensions ['ros']
[0.365s] Level 1:colcon.colcon_core.package_identification:_identify(.) by extension 'ros'
[0.379s] DEBUG:colcon.colcon_core.package_identification:Package '.' with type 'ros.ament_cmake' and name 'interface_t1'
[0.379s] Level 1:colcon.colcon_core.package_discovery:discover_packages(recursive) using defaults
[0.379s] Level 1:colcon.colcon_core.package_discovery:discover_packages(ignore) discover
[0.379s] Level 1:colcon.colcon_core.package_discovery:discover_packages(ignore) using defaults
[0.379s] Level 1:colcon.colcon_core.package_discovery:discover_packages(path) discover
[0.379s] Level 1:colcon.colcon_core.package_discovery:discover_packages(path) using defaults
[0.402s] Level 1:colcon.colcon_core.package_discovery:discover_packages(prefix_path) check parameters
[0.402s] Level 1:colcon.colcon_core.package_discovery:discover_packages(prefix_path) discover
[0.405s] DEBUG:colcon.colcon_installed_package_information.package_discovery:Found 3 installed packages in /home/yesid/Robotica/install
[0.406s] DEBUG:colcon.colcon_installed_package_information.package_discovery:Found 284 installed packages in /opt/ros/humble
[0.407s] Level 1:colcon.colcon_core.package_discovery:discover_packages(prefix_path) using defaults
[0.472s] Level 5:colcon.colcon_core.verb:set package 'interface_t1' build argument 'cmake_args' from command line to 'None'
[0.472s] Level 5:colcon.colcon_core.verb:set package 'interface_t1' build argument 'cmake_target' from command line to 'None'
[0.472s] Level 5:colcon.colcon_core.verb:set package 'interface_t1' build argument 'cmake_target_skip_unavailable' from command line to 'False'
[0.472s] Level 5:colcon.colcon_core.verb:set package 'interface_t1' build argument 'cmake_clean_cache' from command line to 'False'
[0.472s] Level 5:colcon.colcon_core.verb:set package 'interface_t1' build argument 'cmake_clean_first' from command line to 'False'
[0.472s] Level 5:colcon.colcon_core.verb:set package 'interface_t1' build argument 'cmake_force_configure' from command line to 'False'
[0.472s] Level 5:colcon.colcon_core.verb:set package 'interface_t1' build argument 'ament_cmake_args' from command line to 'None'
[0.472s] Level 5:colcon.colcon_core.verb:set package 'interface_t1' build argument 'catkin_cmake_args' from command line to 'None'
[0.472s] Level 5:colcon.colcon_core.verb:set package 'interface_t1' build argument 'catkin_skip_building_tests' from command line to 'False'
[0.472s] DEBUG:colcon.colcon_core.verb:Building package 'interface_t1' with the following arguments: {'ament_cmake_args': None, 'build_base': '/home/yesid/Robotica/src/interface_t1/build/interface_t1', 'catkin_cmake_args': None, 'catkin_skip_building_tests': False, 'cmake_args': None, 'cmake_clean_cache': False, 'cmake_clean_first': False, 'cmake_force_configure': False, 'cmake_target': None, 'cmake_target_skip_unavailable': False, 'install_base': '/home/yesid/Robotica/src/interface_t1/install/interface_t1', 'merge_install': False, 'path': '/home/yesid/Robotica/src/interface_t1', 'symlink_install': False, 'test_result_base': None}
[0.473s] INFO:colcon.colcon_core.executor:Executing jobs using 'parallel' executor
[0.476s] DEBUG:colcon.colcon_parallel_executor.executor.parallel:run_until_complete
[0.476s] INFO:colcon.colcon_ros.task.ament_cmake.build:Building ROS package in '/home/yesid/Robotica/src/interface_t1' with build type 'ament_cmake'
[0.476s] INFO:colcon.colcon_cmake.task.cmake.build:Building CMake package in '/home/yesid/Robotica/src/interface_t1'
[0.480s] INFO:colcon.colcon_core.plugin_system:Skipping extension 'colcon_core.shell.bat': Not used on non-Windows systems
[0.481s] INFO:colcon.colcon_core.shell:Skip shell extension 'powershell' for command environment: Not usable outside of PowerShell
[0.481s] DEBUG:colcon.colcon_core.shell:Skip shell extension 'dsv' for command environment
[0.493s] DEBUG:colcon.colcon_core.event_handler.log_command:Invoking command in '/home/yesid/Robotica/src/interface_t1/build/interface_t1': CMAKE_PREFIX_PATH=/home/yesid/Robotica/install/taller1:/home/yesid/Robotica/install/my_taller1:/opt/ros/humble /usr/bin/cmake --build /home/yesid/Robotica/src/interface_t1/build/interface_t1 -- -j8 -l8
[0.535s] DEBUG:colcon.colcon_core.event_handler.log_command:Invoked command in '/home/yesid/Robotica/src/interface_t1/build/interface_t1' returned '0': CMAKE_PREFIX_PATH=/home/yesid/Robotica/install/taller1:/home/yesid/Robotica/install/my_taller1:/opt/ros/humble /usr/bin/cmake --build /home/yesid/Robotica/src/interface_t1/build/interface_t1 -- -j8 -l8
[0.556s] DEBUG:colcon.colcon_core.event_handler.log_command:Invoking command in '/home/yesid/Robotica/src/interface_t1/build/interface_t1': CMAKE_PREFIX_PATH=/home/yesid/Robotica/install/taller1:/home/yesid/Robotica/install/my_taller1:/opt/ros/humble /usr/bin/cmake --install /home/yesid/Robotica/src/interface_t1/build/interface_t1
[0.562s] Level 1:colcon.colcon_core.environment:create_environment_scripts_only(interface_t1)
[0.563s] DEBUG:colcon.colcon_core.event_handler.log_command:Invoked command in '/home/yesid/Robotica/src/interface_t1/build/interface_t1' returned '0': CMAKE_PREFIX_PATH=/home/yesid/Robotica/install/taller1:/home/yesid/Robotica/install/my_taller1:/opt/ros/humble /usr/bin/cmake --install /home/yesid/Robotica/src/interface_t1/build/interface_t1
[0.567s] Level 1:colcon.colcon_core.environment:checking '/home/yesid/Robotica/src/interface_t1/install/interface_t1' for CMake module files
[0.568s] Level 1:colcon.colcon_core.environment:checking '/home/yesid/Robotica/src/interface_t1/install/interface_t1' for CMake config files
[0.568s] Level 1:colcon.colcon_core.shell:create_environment_hook('interface_t1', 'cmake_prefix_path')
[0.569s] INFO:colcon.colcon_core.shell:Creating environment hook '/home/yesid/Robotica/src/interface_t1/install/interface_t1/share/interface_t1/hook/cmake_prefix_path.ps1'
[0.570s] INFO:colcon.colcon_core.shell:Creating environment descriptor '/home/yesid/Robotica/src/interface_t1/install/interface_t1/share/interface_t1/hook/cmake_prefix_path.dsv'
[0.571s] INFO:colcon.colcon_core.shell:Creating environment hook '/home/yesid/Robotica/src/interface_t1/install/interface_t1/share/interface_t1/hook/cmake_prefix_path.sh'
[0.571s] Level 1:colcon.colcon_core.environment:checking '/home/yesid/Robotica/src/interface_t1/install/interface_t1/bin'
[0.572s] Level 1:colcon.colcon_core.environment:checking '/home/yesid/Robotica/src/interface_t1/install/interface_t1/lib/pkgconfig/interface_t1.pc'
[0.572s] Level 1:colcon.colcon_core.environment:checking '/home/yesid/Robotica/src/interface_t1/install/interface_t1/lib/python3.10/site-packages'
[0.572s] Level 1:colcon.colcon_core.environment:checking '/home/yesid/Robotica/src/interface_t1/install/interface_t1/bin'
[0.574s] INFO:colcon.colcon_core.shell:Creating package script '/home/yesid/Robotica/src/interface_t1/install/interface_t1/share/interface_t1/package.ps1'
[0.574s] INFO:colcon.colcon_core.shell:Creating package descriptor '/home/yesid/Robotica/src/interface_t1/install/interface_t1/share/interface_t1/package.dsv'
[0.575s] INFO:colcon.colcon_core.shell:Creating package script '/home/yesid/Robotica/src/interface_t1/install/interface_t1/share/interface_t1/package.sh'
[0.575s] INFO:colcon.colcon_core.shell:Creating package script '/home/yesid/Robotica/src/interface_t1/install/interface_t1/share/interface_t1/package.bash'
[0.576s] INFO:colcon.colcon_core.shell:Creating package script '/home/yesid/Robotica/src/interface_t1/install/interface_t1/share/interface_t1/package.zsh'
[0.577s] Level 1:colcon.colcon_core.environment:create_file_with_runtime_dependencies(/home/yesid/Robotica/src/interface_t1/install/interface_t1/share/colcon-core/packages/interface_t1)
[0.596s] Level 1:colcon.colcon_core.environment:create_environment_scripts_only(interface_t1)
[0.598s] Level 1:colcon.colcon_core.environment:checking '/home/yesid/Robotica/src/interface_t1/install/interface_t1' for CMake module files
[0.598s] Level 1:colcon.colcon_core.environment:checking '/home/yesid/Robotica/src/interface_t1/install/interface_t1' for CMake config files
[0.599s] Level 1:colcon.colcon_core.shell:create_environment_hook('interface_t1', 'cmake_prefix_path')
[0.600s] INFO:colcon.colcon_core.shell:Creating environment hook '/home/yesid/Robotica/src/interface_t1/install/interface_t1/share/interface_t1/hook/cmake_prefix_path.ps1'
[0.600s] INFO:colcon.colcon_core.shell:Creating environment descriptor '/home/yesid/Robotica/src/interface_t1/install/interface_t1/share/interface_t1/hook/cmake_prefix_path.dsv'
[0.600s] INFO:colcon.colcon_core.shell:Creating environment hook '/home/yesid/Robotica/src/interface_t1/install/interface_t1/share/interface_t1/hook/cmake_prefix_path.sh'
[0.601s] Level 1:colcon.colcon_core.environment:checking '/home/yesid/Robotica/src/interface_t1/install/interface_t1/bin'
[0.601s] Level 1:colcon.colcon_core.environment:checking '/home/yesid/Robotica/src/interface_t1/install/interface_t1/lib/pkgconfig/interface_t1.pc'
[0.601s] Level 1:colcon.colcon_core.environment:checking '/home/yesid/Robotica/src/interface_t1/install/interface_t1/lib/python3.10/site-packages'
[0.601s] Level 1:colcon.colcon_core.environment:checking '/home/yesid/Robotica/src/interface_t1/install/interface_t1/bin'
[0.603s] INFO:colcon.colcon_core.shell:Creating package script '/home/yesid/Robotica/src/interface_t1/install/interface_t1/share/interface_t1/package.ps1'
[0.603s] INFO:colcon.colcon_core.shell:Creating package descriptor '/home/yesid/Robotica/src/interface_t1/install/interface_t1/share/interface_t1/package.dsv'
[0.603s] INFO:colcon.colcon_core.shell:Creating package script '/home/yesid/Robotica/src/interface_t1/install/interface_t1/share/interface_t1/package.sh'
[0.604s] INFO:colcon.colcon_core.shell:Creating package script '/home/yesid/Robotica/src/interface_t1/install/interface_t1/share/interface_t1/package.bash'
[0.604s] INFO:colcon.colcon_core.shell:Creating package script '/home/yesid/Robotica/src/interface_t1/install/interface_t1/share/interface_t1/package.zsh'
[0.605s] Level 1:colcon.colcon_core.environment:create_file_with_runtime_dependencies(/home/yesid/Robotica/src/interface_t1/install/interface_t1/share/colcon-core/packages/interface_t1)
[0.605s] DEBUG:colcon.colcon_parallel_executor.executor.parallel:closing loop
[0.605s] DEBUG:colcon.colcon_parallel_executor.executor.parallel:loop closed
[0.605s] DEBUG:colcon.colcon_parallel_executor.executor.parallel:run_until_complete finished with '0'
[0.605s] DEBUG:colcon.colcon_core.event_reactor:joining thread
[0.610s] INFO:colcon.colcon_core.plugin_system:Skipping extension 'colcon_notification.desktop_notification.terminal_notifier': Not used on non-Darwin systems
[0.610s] INFO:colcon.colcon_core.plugin_system:Skipping extension 'colcon_notification.desktop_notification.win32': Not used on non-Windows systems
[0.610s] INFO:colcon.colcon_notification.desktop_notification:Sending desktop notification using 'notify2'
[0.620s] DEBUG:colcon.colcon_core.event_reactor:joined thread
[0.622s] INFO:colcon.colcon_core.shell:Creating prefix script '/home/yesid/Robotica/src/interface_t1/install/local_setup.ps1'
[0.623s] INFO:colcon.colcon_core.shell:Creating prefix util module '/home/yesid/Robotica/src/interface_t1/install/_local_setup_util_ps1.py'
[0.625s] INFO:colcon.colcon_core.shell:Creating prefix chain script '/home/yesid/Robotica/src/interface_t1/install/setup.ps1'
[0.626s] INFO:colcon.colcon_core.shell:Creating prefix script '/home/yesid/Robotica/src/interface_t1/install/local_setup.sh'
[0.627s] INFO:colcon.colcon_core.shell:Creating prefix util module '/home/yesid/Robotica/src/interface_t1/install/_local_setup_util_sh.py'
[0.628s] INFO:colcon.colcon_core.shell:Creating prefix chain script '/home/yesid/Robotica/src/interface_t1/install/setup.sh'
[0.629s] INFO:colcon.colcon_core.shell:Creating prefix script '/home/yesid/Robotica/src/interface_t1/install/local_setup.bash'
[0.630s] INFO:colcon.colcon_core.shell:Creating prefix chain script '/home/yesid/Robotica/src/interface_t1/install/setup.bash'
[0.632s] INFO:colcon.colcon_core.shell:Creating prefix script '/home/yesid/Robotica/src/interface_t1/install/local_setup.zsh'
[0.633s] INFO:colcon.colcon_core.shell:Creating prefix chain script '/home/yesid/Robotica/src/interface_t1/install/setup.zsh'
