[0.011s] Invoking command in '/home/yesid/Robotica_proyecto/build/interface_t1': CMAKE_PREFIX_PATH=${CMAKE_PREFIX_PATH}:/home/yesid/Robotica_proyecto/install/taller1:/home/yesid/Robotica_proyecto/install/my_taller1:/opt/ros/humble /usr/bin/cmake --build /home/yesid/Robotica_proyecto/build/interface_t1 -- -j8 -l8
[0.055s] [  9%] Built target interface_t1__cpp
[0.055s] [ 12%] Built target interface_t1__rosidl_generator_c
[0.067s] [ 12%] Built target ament_cmake_python_copy_interface_t1
[0.084s] [ 41%] Built target interface_t1__rosidl_typesupport_c
[0.084s] [ 41%] Built target interface_t1__rosidl_typesupport_introspection_c
[0.084s] [ 45%] Built target interface_t1__rosidl_typesupport_fastrtps_c
[0.085s] [ 54%] Built target interface_t1__rosidl_typesupport_fastrtps_cpp
[0.086s] [ 61%] Built target interface_t1__rosidl_typesupport_cpp
[0.094s] [ 70%] Built target interface_t1__rosidl_typesupport_introspection_cpp
[0.114s] [ 70%] Built target interface_t1
[0.134s] [ 74%] Built target interface_t1__py
[0.156s] [ 80%] Built target interface_t1__rosidl_generator_py
[0.176s] [ 87%] Built target interface_t1__rosidl_typesupport_c__pyext
[0.177s] [ 93%] Built target interface_t1__rosidl_typesupport_fastrtps_c__pyext
[0.181s] [100%] Built target interface_t1__rosidl_typesupport_introspection_c__pyext
[0.359s] running egg_info
[0.360s] writing interface_t1.egg-info/PKG-INFO
[0.360s] writing dependency_links to interface_t1.egg-info/dependency_links.txt
[0.360s] writing top-level names to interface_t1.egg-info/top_level.txt
[0.362s] reading manifest file 'interface_t1.egg-info/SOURCES.txt'
[0.363s] writing manifest file 'interface_t1.egg-info/SOURCES.txt'
[0.388s] [100%] Built target ament_cmake_python_build_interface_t1_egg
[0.399s] Invoked command in '/home/yesid/Robotica_proyecto/build/interface_t1' returned '0': CMAKE_PREFIX_PATH=${CMAKE_PREFIX_PATH}:/home/yesid/Robotica_proyecto/install/taller1:/home/yesid/Robotica_proyecto/install/my_taller1:/opt/ros/humble /usr/bin/cmake --build /home/yesid/Robotica_proyecto/build/interface_t1 -- -j8 -l8
[0.460s] Invoking command in '/home/yesid/Robotica_proyecto/build/interface_t1': CMAKE_PREFIX_PATH=${CMAKE_PREFIX_PATH}:/home/yesid/Robotica_proyecto/install/taller1:/home/yesid/Robotica_proyecto/install/my_taller1:/opt/ros/humble /usr/bin/cmake --install /home/yesid/Robotica_proyecto/build/interface_t1
[0.467s] -- Install configuration: ""
[0.468s] -- Up-to-date: /home/yesid/Robotica_proyecto/install/interface_t1/share/ament_index/resource_index/rosidl_interfaces/interface_t1
[0.468s] -- Up-to-date: /home/yesid/Robotica_proyecto/install/interface_t1/include/interface_t1/interface_t1
[0.468s] -- Up-to-date: /home/yesid/Robotica_proyecto/install/interface_t1/include/interface_t1/interface_t1/srv
[0.468s] -- Up-to-date: /home/yesid/Robotica_proyecto/install/interface_t1/include/interface_t1/interface_t1/srv/detail
[0.468s] -- Up-to-date: /home/yesid/Robotica_proyecto/install/interface_t1/include/interface_t1/interface_t1/srv/detail/mi_servicio__functions.h
[0.469s] -- Up-to-date: /home/yesid/Robotica_proyecto/install/interface_t1/include/interface_t1/interface_t1/srv/detail/mi_servicio__type_support.h
[0.469s] -- Up-to-date: /home/yesid/Robotica_proyecto/install/interface_t1/include/interface_t1/interface_t1/srv/detail/mi_servicio__struct.h
[0.469s] -- Up-to-date: /home/yesid/Robotica_proyecto/install/interface_t1/include/interface_t1/interface_t1/srv/detail/mi_servicio__functions.c
[0.469s] -- Up-to-date: /home/yesid/Robotica_proyecto/install/interface_t1/include/interface_t1/interface_t1/srv/mi_servicio.h
[0.469s] -- Up-to-date: /home/yesid/Robotica_proyecto/install/interface_t1/include/interface_t1/interface_t1/msg
[0.469s] -- Up-to-date: /home/yesid/Robotica_proyecto/install/interface_t1/include/interface_t1/interface_t1/msg/rosidl_generator_c__visibility_control.h
[0.470s] -- Up-to-date: /home/yesid/Robotica_proyecto/install/interface_t1/share/interface_t1/environment/library_path.sh
[0.470s] -- Up-to-date: /home/yesid/Robotica_proyecto/install/interface_t1/share/interface_t1/environment/library_path.dsv
[0.470s] -- Up-to-date: /home/yesid/Robotica_proyecto/install/interface_t1/lib/libinterface_t1__rosidl_generator_c.so
[0.470s] -- Up-to-date: /home/yesid/Robotica_proyecto/install/interface_t1/include/interface_t1/interface_t1
[0.470s] -- Up-to-date: /home/yesid/Robotica_proyecto/install/interface_t1/include/interface_t1/interface_t1/srv
[0.470s] -- Up-to-date: /home/yesid/Robotica_proyecto/install/interface_t1/include/interface_t1/interface_t1/srv/detail
[0.470s] -- Up-to-date: /home/yesid/Robotica_proyecto/install/interface_t1/include/interface_t1/interface_t1/srv/detail/mi_servicio__rosidl_typesupport_fastrtps_c.h
[0.471s] -- Up-to-date: /home/yesid/Robotica_proyecto/install/interface_t1/include/interface_t1/interface_t1/msg
[0.471s] -- Up-to-date: /home/yesid/Robotica_proyecto/install/interface_t1/include/interface_t1/interface_t1/msg/rosidl_typesupport_fastrtps_c__visibility_control.h
[0.471s] -- Up-to-date: /home/yesid/Robotica_proyecto/install/interface_t1/lib/libinterface_t1__rosidl_typesupport_fastrtps_c.so
[0.471s] -- Up-to-date: /home/yesid/Robotica_proyecto/install/interface_t1/include/interface_t1/interface_t1
[0.471s] -- Up-to-date: /home/yesid/Robotica_proyecto/install/interface_t1/include/interface_t1/interface_t1/srv
[0.471s] -- Up-to-date: /home/yesid/Robotica_proyecto/install/interface_t1/include/interface_t1/interface_t1/srv/detail
[0.472s] -- Up-to-date: /home/yesid/Robotica_proyecto/install/interface_t1/include/interface_t1/interface_t1/srv/detail/mi_servicio__struct.hpp
[0.472s] -- Up-to-date: /home/yesid/Robotica_proyecto/install/interface_t1/include/interface_t1/interface_t1/srv/detail/mi_servicio__traits.hpp
[0.472s] -- Up-to-date: /home/yesid/Robotica_proyecto/install/interface_t1/include/interface_t1/interface_t1/srv/detail/mi_servicio__builder.hpp
[0.472s] -- Up-to-date: /home/yesid/Robotica_proyecto/install/interface_t1/include/interface_t1/interface_t1/srv/mi_servicio.hpp
[0.472s] -- Up-to-date: /home/yesid/Robotica_proyecto/install/interface_t1/include/interface_t1/interface_t1
[0.472s] -- Up-to-date: /home/yesid/Robotica_proyecto/install/interface_t1/include/interface_t1/interface_t1/srv
[0.472s] -- Up-to-date: /home/yesid/Robotica_proyecto/install/interface_t1/include/interface_t1/interface_t1/srv/detail
[0.472s] -- Up-to-date: /home/yesid/Robotica_proyecto/install/interface_t1/include/interface_t1/interface_t1/srv/detail/dds_fastrtps
[0.473s] -- Up-to-date: /home/yesid/Robotica_proyecto/install/interface_t1/include/interface_t1/interface_t1/srv/detail/mi_servicio__rosidl_typesupport_fastrtps_cpp.hpp
[0.473s] -- Up-to-date: /home/yesid/Robotica_proyecto/install/interface_t1/include/interface_t1/interface_t1/msg
[0.473s] -- Up-to-date: /home/yesid/Robotica_proyecto/install/interface_t1/include/interface_t1/interface_t1/msg/rosidl_typesupport_fastrtps_cpp__visibility_control.h
[0.473s] -- Up-to-date: /home/yesid/Robotica_proyecto/install/interface_t1/lib/libinterface_t1__rosidl_typesupport_fastrtps_cpp.so
[0.473s] -- Up-to-date: /home/yesid/Robotica_proyecto/install/interface_t1/include/interface_t1/interface_t1
[0.473s] -- Up-to-date: /home/yesid/Robotica_proyecto/install/interface_t1/include/interface_t1/interface_t1/srv
[0.473s] -- Up-to-date: /home/yesid/Robotica_proyecto/install/interface_t1/include/interface_t1/interface_t1/srv/detail
[0.473s] -- Up-to-date: /home/yesid/Robotica_proyecto/install/interface_t1/include/interface_t1/interface_t1/srv/detail/mi_servicio__type_support.c
[0.474s] -- Up-to-date: /home/yesid/Robotica_proyecto/install/interface_t1/include/interface_t1/interface_t1/srv/detail/mi_servicio__rosidl_typesupport_introspection_c.h
[0.474s] -- Up-to-date: /home/yesid/Robotica_proyecto/install/interface_t1/include/interface_t1/interface_t1/msg
[0.474s] -- Up-to-date: /home/yesid/Robotica_proyecto/install/interface_t1/include/interface_t1/interface_t1/msg/rosidl_typesupport_introspection_c__visibility_control.h
[0.474s] -- Up-to-date: /home/yesid/Robotica_proyecto/install/interface_t1/lib/libinterface_t1__rosidl_typesupport_introspection_c.so
[0.474s] -- Up-to-date: /home/yesid/Robotica_proyecto/install/interface_t1/lib/libinterface_t1__rosidl_typesupport_c.so
[0.474s] -- Up-to-date: /home/yesid/Robotica_proyecto/install/interface_t1/include/interface_t1/interface_t1
[0.474s] -- Up-to-date: /home/yesid/Robotica_proyecto/install/interface_t1/include/interface_t1/interface_t1/srv
[0.475s] -- Up-to-date: /home/yesid/Robotica_proyecto/install/interface_t1/include/interface_t1/interface_t1/srv/detail
[0.475s] -- Up-to-date: /home/yesid/Robotica_proyecto/install/interface_t1/include/interface_t1/interface_t1/srv/detail/mi_servicio__rosidl_typesupport_introspection_cpp.hpp
[0.475s] -- Up-to-date: /home/yesid/Robotica_proyecto/install/interface_t1/include/interface_t1/interface_t1/srv/detail/mi_servicio__type_support.cpp
[0.475s] -- Up-to-date: /home/yesid/Robotica_proyecto/install/interface_t1/lib/libinterface_t1__rosidl_typesupport_introspection_cpp.so
[0.475s] -- Up-to-date: /home/yesid/Robotica_proyecto/install/interface_t1/lib/libinterface_t1__rosidl_typesupport_cpp.so
[0.475s] -- Up-to-date: /home/yesid/Robotica_proyecto/install/interface_t1/share/interface_t1/environment/pythonpath.sh
[0.475s] -- Up-to-date: /home/yesid/Robotica_proyecto/install/interface_t1/share/interface_t1/environment/pythonpath.dsv
[0.475s] -- Up-to-date: /home/yesid/Robotica_proyecto/install/interface_t1/local/lib/python3.10/dist-packages/interface_t1-0.0.0-py3.10.egg-info
[0.476s] -- Installing: /home/yesid/Robotica_proyecto/install/interface_t1/local/lib/python3.10/dist-packages/interface_t1-0.0.0-py3.10.egg-info/SOURCES.txt
[0.476s] -- Installing: /home/yesid/Robotica_proyecto/install/interface_t1/local/lib/python3.10/dist-packages/interface_t1-0.0.0-py3.10.egg-info/dependency_links.txt
[0.476s] -- Installing: /home/yesid/Robotica_proyecto/install/interface_t1/local/lib/python3.10/dist-packages/interface_t1-0.0.0-py3.10.egg-info/top_level.txt
[0.476s] -- Installing: /home/yesid/Robotica_proyecto/install/interface_t1/local/lib/python3.10/dist-packages/interface_t1-0.0.0-py3.10.egg-info/PKG-INFO
[0.476s] -- Up-to-date: /home/yesid/Robotica_proyecto/install/interface_t1/local/lib/python3.10/dist-packages/interface_t1
[0.476s] -- Up-to-date: /home/yesid/Robotica_proyecto/install/interface_t1/local/lib/python3.10/dist-packages/interface_t1/interface_t1_s__rosidl_typesupport_c.cpython-310-x86_64-linux-gnu.so
[0.476s] -- Up-to-date: /home/yesid/Robotica_proyecto/install/interface_t1/local/lib/python3.10/dist-packages/interface_t1/__init__.py
[0.476s] -- Up-to-date: /home/yesid/Robotica_proyecto/install/interface_t1/local/lib/python3.10/dist-packages/interface_t1/srv
[0.477s] -- Up-to-date: /home/yesid/Robotica_proyecto/install/interface_t1/local/lib/python3.10/dist-packages/interface_t1/srv/__init__.py
[0.477s] -- Up-to-date: /home/yesid/Robotica_proyecto/install/interface_t1/local/lib/python3.10/dist-packages/interface_t1/srv/_mi_servicio.py
[0.477s] -- Up-to-date: /home/yesid/Robotica_proyecto/install/interface_t1/local/lib/python3.10/dist-packages/interface_t1/srv/_mi_servicio_s.c
[0.477s] -- Up-to-date: /home/yesid/Robotica_proyecto/install/interface_t1/local/lib/python3.10/dist-packages/interface_t1/interface_t1_s__rosidl_typesupport_fastrtps_c.cpython-310-x86_64-linux-gnu.so
[0.477s] -- Up-to-date: /home/yesid/Robotica_proyecto/install/interface_t1/local/lib/python3.10/dist-packages/interface_t1/_interface_t1_s.ep.rosidl_typesupport_fastrtps_c.c
[0.477s] -- Up-to-date: /home/yesid/Robotica_proyecto/install/interface_t1/local/lib/python3.10/dist-packages/interface_t1/_interface_t1_s.ep.rosidl_typesupport_c.c
[0.477s] -- Up-to-date: /home/yesid/Robotica_proyecto/install/interface_t1/local/lib/python3.10/dist-packages/interface_t1/_interface_t1_s.ep.rosidl_typesupport_introspection_c.c
[0.477s] -- Up-to-date: /home/yesid/Robotica_proyecto/install/interface_t1/local/lib/python3.10/dist-packages/interface_t1/interface_t1_s__rosidl_typesupport_introspection_c.cpython-310-x86_64-linux-gnu.so
[0.478s] -- Up-to-date: /home/yesid/Robotica_proyecto/install/interface_t1/local/lib/python3.10/dist-packages/interface_t1/libinterface_t1__rosidl_generator_py.so
[0.509s] Listing '/home/yesid/Robotica_proyecto/install/interface_t1/local/lib/python3.10/dist-packages/interface_t1'...
[0.509s] Listing '/home/yesid/Robotica_proyecto/install/interface_t1/local/lib/python3.10/dist-packages/interface_t1/srv'...
[0.514s] -- Up-to-date: /home/yesid/Robotica_proyecto/install/interface_t1/local/lib/python3.10/dist-packages/interface_t1/interface_t1_s__rosidl_typesupport_fastrtps_c.cpython-310-x86_64-linux-gnu.so
[0.514s] -- Up-to-date: /home/yesid/Robotica_proyecto/install/interface_t1/local/lib/python3.10/dist-packages/interface_t1/interface_t1_s__rosidl_typesupport_introspection_c.cpython-310-x86_64-linux-gnu.so
[0.514s] -- Up-to-date: /home/yesid/Robotica_proyecto/install/interface_t1/local/lib/python3.10/dist-packages/interface_t1/interface_t1_s__rosidl_typesupport_c.cpython-310-x86_64-linux-gnu.so
[0.515s] -- Up-to-date: /home/yesid/Robotica_proyecto/install/interface_t1/lib/libinterface_t1__rosidl_generator_py.so
[0.515s] -- Up-to-date: /home/yesid/Robotica_proyecto/install/interface_t1/share/interface_t1/srv/MiServicio.idl
[0.515s] -- Up-to-date: /home/yesid/Robotica_proyecto/install/interface_t1/share/interface_t1/srv/MiServicio.srv
[0.515s] -- Up-to-date: /home/yesid/Robotica_proyecto/install/interface_t1/share/interface_t1/srv/MiServicio_Request.msg
[0.515s] -- Up-to-date: /home/yesid/Robotica_proyecto/install/interface_t1/share/interface_t1/srv/MiServicio_Response.msg
[0.516s] -- Up-to-date: /home/yesid/Robotica_proyecto/install/interface_t1/share/ament_index/resource_index/package_run_dependencies/interface_t1
[0.516s] -- Up-to-date: /home/yesid/Robotica_proyecto/install/interface_t1/share/ament_index/resource_index/parent_prefix_path/interface_t1
[0.516s] -- Up-to-date: /home/yesid/Robotica_proyecto/install/interface_t1/share/interface_t1/environment/ament_prefix_path.sh
[0.516s] -- Up-to-date: /home/yesid/Robotica_proyecto/install/interface_t1/share/interface_t1/environment/ament_prefix_path.dsv
[0.516s] -- Up-to-date: /home/yesid/Robotica_proyecto/install/interface_t1/share/interface_t1/environment/path.sh
[0.516s] -- Up-to-date: /home/yesid/Robotica_proyecto/install/interface_t1/share/interface_t1/environment/path.dsv
[0.516s] -- Up-to-date: /home/yesid/Robotica_proyecto/install/interface_t1/share/interface_t1/local_setup.bash
[0.516s] -- Up-to-date: /home/yesid/Robotica_proyecto/install/interface_t1/share/interface_t1/local_setup.sh
[0.516s] -- Up-to-date: /home/yesid/Robotica_proyecto/install/interface_t1/share/interface_t1/local_setup.zsh
[0.516s] -- Up-to-date: /home/yesid/Robotica_proyecto/install/interface_t1/share/interface_t1/local_setup.dsv
[0.516s] -- Installing: /home/yesid/Robotica_proyecto/install/interface_t1/share/interface_t1/package.dsv
[0.516s] -- Up-to-date: /home/yesid/Robotica_proyecto/install/interface_t1/share/ament_index/resource_index/packages/interface_t1
[0.516s] -- Up-to-date: /home/yesid/Robotica_proyecto/install/interface_t1/share/interface_t1/cmake/export_interface_t1__rosidl_generator_cExport.cmake
[0.516s] -- Up-to-date: /home/yesid/Robotica_proyecto/install/interface_t1/share/interface_t1/cmake/export_interface_t1__rosidl_generator_cExport-noconfig.cmake
[0.517s] -- Up-to-date: /home/yesid/Robotica_proyecto/install/interface_t1/share/interface_t1/cmake/export_interface_t1__rosidl_typesupport_fastrtps_cExport.cmake
[0.517s] -- Up-to-date: /home/yesid/Robotica_proyecto/install/interface_t1/share/interface_t1/cmake/export_interface_t1__rosidl_typesupport_fastrtps_cExport-noconfig.cmake
[0.517s] -- Up-to-date: /home/yesid/Robotica_proyecto/install/interface_t1/share/interface_t1/cmake/export_interface_t1__rosidl_generator_cppExport.cmake
[0.517s] -- Up-to-date: /home/yesid/Robotica_proyecto/install/interface_t1/share/interface_t1/cmake/export_interface_t1__rosidl_typesupport_fastrtps_cppExport.cmake
[0.517s] -- Up-to-date: /home/yesid/Robotica_proyecto/install/interface_t1/share/interface_t1/cmake/export_interface_t1__rosidl_typesupport_fastrtps_cppExport-noconfig.cmake
[0.517s] -- Up-to-date: /home/yesid/Robotica_proyecto/install/interface_t1/share/interface_t1/cmake/interface_t1__rosidl_typesupport_introspection_cExport.cmake
[0.517s] -- Up-to-date: /home/yesid/Robotica_proyecto/install/interface_t1/share/interface_t1/cmake/interface_t1__rosidl_typesupport_introspection_cExport-noconfig.cmake
[0.517s] -- Up-to-date: /home/yesid/Robotica_proyecto/install/interface_t1/share/interface_t1/cmake/interface_t1__rosidl_typesupport_cExport.cmake
[0.517s] -- Up-to-date: /home/yesid/Robotica_proyecto/install/interface_t1/share/interface_t1/cmake/interface_t1__rosidl_typesupport_cExport-noconfig.cmake
[0.517s] -- Up-to-date: /home/yesid/Robotica_proyecto/install/interface_t1/share/interface_t1/cmake/interface_t1__rosidl_typesupport_introspection_cppExport.cmake
[0.517s] -- Up-to-date: /home/yesid/Robotica_proyecto/install/interface_t1/share/interface_t1/cmake/interface_t1__rosidl_typesupport_introspection_cppExport-noconfig.cmake
[0.518s] -- Up-to-date: /home/yesid/Robotica_proyecto/install/interface_t1/share/interface_t1/cmake/interface_t1__rosidl_typesupport_cppExport.cmake
[0.518s] -- Up-to-date: /home/yesid/Robotica_proyecto/install/interface_t1/share/interface_t1/cmake/interface_t1__rosidl_typesupport_cppExport-noconfig.cmake
[0.518s] -- Up-to-date: /home/yesid/Robotica_proyecto/install/interface_t1/share/interface_t1/cmake/export_interface_t1__rosidl_generator_pyExport.cmake
[0.518s] -- Up-to-date: /home/yesid/Robotica_proyecto/install/interface_t1/share/interface_t1/cmake/export_interface_t1__rosidl_generator_pyExport-noconfig.cmake
[0.518s] -- Up-to-date: /home/yesid/Robotica_proyecto/install/interface_t1/share/interface_t1/cmake/rosidl_cmake-extras.cmake
[0.518s] -- Up-to-date: /home/yesid/Robotica_proyecto/install/interface_t1/share/interface_t1/cmake/ament_cmake_export_dependencies-extras.cmake
[0.518s] -- Up-to-date: /home/yesid/Robotica_proyecto/install/interface_t1/share/interface_t1/cmake/ament_cmake_export_include_directories-extras.cmake
[0.518s] -- Up-to-date: /home/yesid/Robotica_proyecto/install/interface_t1/share/interface_t1/cmake/ament_cmake_export_libraries-extras.cmake
[0.518s] -- Up-to-date: /home/yesid/Robotica_proyecto/install/interface_t1/share/interface_t1/cmake/ament_cmake_export_targets-extras.cmake
[0.519s] -- Up-to-date: /home/yesid/Robotica_proyecto/install/interface_t1/share/interface_t1/cmake/rosidl_cmake_export_typesupport_targets-extras.cmake
[0.519s] -- Up-to-date: /home/yesid/Robotica_proyecto/install/interface_t1/share/interface_t1/cmake/rosidl_cmake_export_typesupport_libraries-extras.cmake
[0.519s] -- Up-to-date: /home/yesid/Robotica_proyecto/install/interface_t1/share/interface_t1/cmake/interface_t1Config.cmake
[0.519s] -- Up-to-date: /home/yesid/Robotica_proyecto/install/interface_t1/share/interface_t1/cmake/interface_t1Config-version.cmake
[0.519s] -- Up-to-date: /home/yesid/Robotica_proyecto/install/interface_t1/share/interface_t1/package.xml
[0.522s] Invoked command in '/home/yesid/Robotica_proyecto/build/interface_t1' returned '0': CMAKE_PREFIX_PATH=${CMAKE_PREFIX_PATH}:/home/yesid/Robotica_proyecto/install/taller1:/home/yesid/Robotica_proyecto/install/my_taller1:/opt/ros/humble /usr/bin/cmake --install /home/yesid/Robotica_proyecto/build/interface_t1
