[0.015s] Invoking command in '/home/yesid/Robotica/src/interface_t1/build/interface_t1': CMAKE_PREFIX_PATH=/home/yesid/Robotica/install/taller1:/home/yesid/Robotica/install/my_taller1:/opt/ros/humble /usr/bin/cmake /home/yesid/Robotica/src/interface_t1 -DCMAKE_INSTALL_PREFIX=/home/yesid/Robotica/src/interface_t1/install/interface_t1
[0.139s] -- The C compiler identification is GNU 11.3.0
[0.236s] -- The CXX compiler identification is GNU 11.3.0
[0.245s] -- Detecting C compiler ABI info
[0.299s] -- Detecting C compiler ABI info - done
[0.306s] -- Check for working C compiler: /usr/bin/cc - skipped
[0.306s] -- Detecting C compile features
[0.307s] -- Detecting C compile features - done
[0.316s] -- Detecting CXX compiler ABI info
[0.376s] -- Detecting CXX compiler ABI info - done
[0.383s] -- Check for working CXX compiler: /usr/bin/c++ - skipped
[0.383s] -- Detecting CXX compile features
[0.383s] -- Detecting CXX compile features - done
[0.390s] -- Found ament_cmake: 1.3.3 (/opt/ros/humble/share/ament_cmake/cmake)
[0.562s] -- Found Python3: /usr/bin/python3.10 (found version "3.10.6") found components: Interpreter 
[0.659s] -- Found ament_lint_auto: 0.12.5 (/opt/ros/humble/share/ament_lint_auto/cmake)
[0.741s] -- Added test 'cppcheck' to perform static code analysis on C / C++ code
[0.741s] -- Configured cppcheck include dirs: 
[0.741s] -- Configured cppcheck exclude dirs and/or files: 
[0.743s] -- Added test 'lint_cmake' to check CMake code style
[0.748s] -- Added test 'uncrustify' to check C / C++ code style
[0.748s] -- Configured uncrustify additional arguments: 
[0.749s] -- Added test 'xmllint' to check XML markup files
[0.751s] -- Configuring done
[0.753s] -- Generating done
[0.754s] -- Build files have been written to: /home/yesid/Robotica/src/interface_t1/build/interface_t1
[0.757s] Invoked command in '/home/yesid/Robotica/src/interface_t1/build/interface_t1' returned '0': CMAKE_PREFIX_PATH=/home/yesid/Robotica/install/taller1:/home/yesid/Robotica/install/my_taller1:/opt/ros/humble /usr/bin/cmake /home/yesid/Robotica/src/interface_t1 -DCMAKE_INSTALL_PREFIX=/home/yesid/Robotica/src/interface_t1/install/interface_t1
[0.759s] Invoking command in '/home/yesid/Robotica/src/interface_t1/build/interface_t1': CMAKE_PREFIX_PATH=/home/yesid/Robotica/install/taller1:/home/yesid/Robotica/install/my_taller1:/opt/ros/humble /usr/bin/cmake --build /home/yesid/Robotica/src/interface_t1/build/interface_t1 -- -j8 -l8
[0.784s] Invoked command in '/home/yesid/Robotica/src/interface_t1/build/interface_t1' returned '0': CMAKE_PREFIX_PATH=/home/yesid/Robotica/install/taller1:/home/yesid/Robotica/install/my_taller1:/opt/ros/humble /usr/bin/cmake --build /home/yesid/Robotica/src/interface_t1/build/interface_t1 -- -j8 -l8
[0.805s] Invoking command in '/home/yesid/Robotica/src/interface_t1/build/interface_t1': CMAKE_PREFIX_PATH=/home/yesid/Robotica/install/taller1:/home/yesid/Robotica/install/my_taller1:/opt/ros/humble /usr/bin/cmake --install /home/yesid/Robotica/src/interface_t1/build/interface_t1
[0.812s] -- Install configuration: ""
[0.812s] -- Installing: /home/yesid/Robotica/src/interface_t1/install/interface_t1/share/ament_index/resource_index/package_run_dependencies/interface_t1
[0.812s] -- Installing: /home/yesid/Robotica/src/interface_t1/install/interface_t1/share/ament_index/resource_index/parent_prefix_path/interface_t1
[0.813s] -- Installing: /home/yesid/Robotica/src/interface_t1/install/interface_t1/share/interface_t1/environment/ament_prefix_path.sh
[0.813s] -- Installing: /home/yesid/Robotica/src/interface_t1/install/interface_t1/share/interface_t1/environment/ament_prefix_path.dsv
[0.813s] -- Installing: /home/yesid/Robotica/src/interface_t1/install/interface_t1/share/interface_t1/environment/path.sh
[0.813s] -- Installing: /home/yesid/Robotica/src/interface_t1/install/interface_t1/share/interface_t1/environment/path.dsv
[0.813s] -- Installing: /home/yesid/Robotica/src/interface_t1/install/interface_t1/share/interface_t1/local_setup.bash
[0.813s] -- Installing: /home/yesid/Robotica/src/interface_t1/install/interface_t1/share/interface_t1/local_setup.sh
[0.813s] -- Installing: /home/yesid/Robotica/src/interface_t1/install/interface_t1/share/interface_t1/local_setup.zsh
[0.814s] -- Installing: /home/yesid/Robotica/src/interface_t1/install/interface_t1/share/interface_t1/local_setup.dsv
[0.814s] -- Installing: /home/yesid/Robotica/src/interface_t1/install/interface_t1/share/interface_t1/package.dsv
[0.814s] -- Installing: /home/yesid/Robotica/src/interface_t1/install/interface_t1/share/ament_index/resource_index/packages/interface_t1
[0.814s] -- Installing: /home/yesid/Robotica/src/interface_t1/install/interface_t1/share/interface_t1/cmake/interface_t1Config.cmake
[0.814s] -- Installing: /home/yesid/Robotica/src/interface_t1/install/interface_t1/share/interface_t1/cmake/interface_t1Config-version.cmake
[0.814s] -- Installing: /home/yesid/Robotica/src/interface_t1/install/interface_t1/share/interface_t1/package.xml
[0.816s] Invoked command in '/home/yesid/Robotica/src/interface_t1/build/interface_t1' returned '0': CMAKE_PREFIX_PATH=/home/yesid/Robotica/install/taller1:/home/yesid/Robotica/install/my_taller1:/opt/ros/humble /usr/bin/cmake --install /home/yesid/Robotica/src/interface_t1/build/interface_t1
