[0.792s] Invoking command in '/home/yesid/Robotica_proyecto/src/my_taller1': PYTHONPATH=/home/yesid/Robotica_proyecto/build/my_taller1/prefix_override:/home/yesid/Robotica_proyecto/install/my_taller1/lib/python3.10/site-packages:${PYTHONPATH} /usr/bin/python3 setup.py egg_info --egg-base ../../build/my_taller1 build --build-base /home/yesid/Robotica_proyecto/build/my_taller1/build install --record /home/yesid/Robotica_proyecto/build/my_taller1/install.log --single-version-externally-managed
[1.117s] running egg_info
[1.117s] writing ../../build/my_taller1/my_taller1.egg-info/PKG-INFO
[1.118s] writing dependency_links to ../../build/my_taller1/my_taller1.egg-info/dependency_links.txt
[1.118s] writing entry points to ../../build/my_taller1/my_taller1.egg-info/entry_points.txt
[1.118s] writing requirements to ../../build/my_taller1/my_taller1.egg-info/requires.txt
[1.118s] writing top-level names to ../../build/my_taller1/my_taller1.egg-info/top_level.txt
[1.121s] reading manifest file '../../build/my_taller1/my_taller1.egg-info/SOURCES.txt'
[1.122s] writing manifest file '../../build/my_taller1/my_taller1.egg-info/SOURCES.txt'
[1.122s] running build
[1.122s] running build_py
[1.122s] running install
[1.123s] /usr/lib/python3/dist-packages/setuptools/command/install.py:34: SetuptoolsDeprecationWarning: setup.py install is deprecated. Use build and pip and other standards-based tools.
[1.123s]   warnings.warn(
[1.123s] running install_lib
[1.124s] running install_data
[1.125s] running install_egg_info
[1.127s] removing '/home/yesid/Robotica_proyecto/install/my_taller1/lib/python3.10/site-packages/my_taller1-0.0.0-py3.10.egg-info' (and everything under it)
[1.128s] Copying ../../build/my_taller1/my_taller1.egg-info to /home/yesid/Robotica_proyecto/install/my_taller1/lib/python3.10/site-packages/my_taller1-0.0.0-py3.10.egg-info
[1.129s] running install_scripts
[1.154s] Installing client_p1 script to /home/yesid/Robotica_proyecto/install/my_taller1/lib/my_taller1
[1.154s] Installing laser_info script to /home/yesid/Robotica_proyecto/install/my_taller1/lib/my_taller1
[1.154s] Installing laser_visualization script to /home/yesid/Robotica_proyecto/install/my_taller1/lib/my_taller1
[1.154s] Installing nodo1 script to /home/yesid/Robotica_proyecto/install/my_taller1/lib/my_taller1
[1.154s] Installing serviciot_p1 script to /home/yesid/Robotica_proyecto/install/my_taller1/lib/my_taller1
[1.155s] Installing turtle_bot_teleop script to /home/yesid/Robotica_proyecto/install/my_taller1/lib/my_taller1
[1.155s] writing list of installed files to '/home/yesid/Robotica_proyecto/build/my_taller1/install.log'
[1.184s] Invoked command in '/home/yesid/Robotica_proyecto/src/my_taller1' returned '0': PYTHONPATH=/home/yesid/Robotica_proyecto/build/my_taller1/prefix_override:/home/yesid/Robotica_proyecto/install/my_taller1/lib/python3.10/site-packages:${PYTHONPATH} /usr/bin/python3 setup.py egg_info --egg-base ../../build/my_taller1 build --build-base /home/yesid/Robotica_proyecto/build/my_taller1/build install --record /home/yesid/Robotica_proyecto/build/my_taller1/install.log --single-version-externally-managed
